
Starting report VOUCHER_HFP_14 [Wed Jul 20 23:29:15 2022] ...
End report VOUCHER_HFP_14 [Wed Jul 20 23:35:00 2022].

Starting report VOUCHER_HFP_14 [Wed Jul 20 23:48:51 2022] ...
End report VOUCHER_HFP_14 [Wed Jul 20 23:51:17 2022].

Starting report VOUCHER_HFP_14 [Thu Jul 21 10:18:16 2022] ...
End report VOUCHER_HFP_14 [Thu Jul 21 10:18:22 2022].

Starting report VOUCHER_HFP_14 [Thu Jul 21 10:19:37 2022] ...
End report VOUCHER_HFP_14 [Thu Jul 21 10:19:44 2022].

Starting report VOUCHER_HFP_14 [Thu Jul 21 10:24:45 2022] ...
End report VOUCHER_HFP_14 [Thu Jul 21 10:24:52 2022].

Starting report AWB0 [Mon Jul 25 15:38:38 2022] ...
REP-0501: Unable to connect to the specified database.
ORA-00000: normal, successful completion

REP-0501: Unable to connect to the specified database.
End report AWB0 [Mon Jul 25 15:38:42 2022].

Starting report po [Tue Jul 26 17:07:00 2022] ...
REP-0501: Unable to connect to the specified database.
ORA-24323: value not allowed

REP-0501: Unable to connect to the specified database.
End report po [Tue Jul 26 17:07:03 2022].
