
Connected to: Oracle Database 10g Enterprise Edition Release 10.2.0.1.0 - Production
With the Partitioning, OLAP and Data Mining options

Export file created by EXPORT:V10.02.01 via conventional path

Warning: the objects were exported by SYSTEM, not by you

import done in WE8MSWIN1252 character set and AL16UTF16 NCHAR character set
import server uses UTF8 character set (possible charset conversion)
. importing FLEX's objects into MOBILE
. . importing table              "AC_BANK_ACCOUNT"
                                                            5 rows imported
. . importing table                        "AC_CB"
                                                           15 rows imported
. . importing table               "AC_CHEQUE_BOOK"
                                                            0 rows imported
. . importing table           "AC_CHEQUE_BOOK_DET"
                                                            0 rows imported
. . importing table                       "AC_COA"
                                                          336 rows imported
. . importing table          "AC_COA_CLOSING_1920"
                                                          164 rows imported
. . importing table               "AC_COA_OPENING"
                                                          280 rows imported
. . importing table          "AC_COA_OPENING_1920"
                                                          116 rows imported
. . importing table                 "AC_COA_PHOTO"
                                                            1 rows imported
. . importing table                      "AC_CTRL"
                                                           30 rows imported
. . importing table                 "AC_DAY_CLOSE"
                                                            0 rows imported
. . importing table                  "AC_MONTH_PL"
                                                            9 rows imported
. . importing table              "AC_MONTH_PL_DET"
.
                                                         1045 rows imported
. . importing table                    "AC_PARENT"
                                                           12 rows imported
. . importing table                   "AC_PAYMENT"
                                                            0 rows imported
. . importing table                   "AC_RECEIPT"
                                                            1 rows imported
. . importing table                     "AC_SETUP"
                                                            0 rows imported
. . importing table                       "AC_SUB"
                                                           28 rows imported
. . importing table                        "AC_VD"
                                                            0 rows imported
. . importing table                   "AC_VOUCHER"
..
                                                         2826 rows imported
. . importing table           "AC_VOUCHER_DELETED"
                                                           52 rows imported
. . importing table            "AC_VOUCHER_DETAIL"
.......
                                                         7953 rows imported
. . importing table    "AC_VOUCHER_DETAIL_DELETED"
                                                          284 rows imported
. . importing table              "AC_VOUCHER_TYPE"
                                                            3 rows imported
. . importing table       "AC_VOUCHER_TYPE_DETAIL"
                                                           10 rows imported
. . importing table                      "AC_YEAR"
                                                            2 rows imported
. . importing table                "AC_YEAR_CLOSE"
                                                            0 rows imported
. . importing table             "ADM_ACTIVITY_LOG"
                                                            1 rows imported
. . importing table                     "ADM_CITY"
                                                           22 rows imported
. . importing table            "ADM_COMPANY_SETUP"
                                                            1 rows imported
. . importing table                  "ADM_COUNTRY"
                                                            7 rows imported
. . importing table                 "ADM_CURRENCY"
                                                            4 rows imported
. . importing table                 "ADM_FIREWALL"
                                                           12 rows imported
. . importing table           "ADM_FRM_RPT_ACCESS"
                                                            5 rows imported
. . importing table       "ADM_FRM_RPT_ACCESS_DET"
                                                           21 rows imported
. . importing table                   "ADM_MODULE"
                                                           23 rows imported
. . importing table                    "ADM_USERS"
                                                            5 rows imported
. . importing table              "ADM_USER_MODULE"
                                                           66 rows imported
. . importing table                      "BARCODE"
                                                           20 rows imported
. . importing table                 "HR_ALLOWANCE"
                                                            0 rows imported
. . importing table                "HR_ATTENDANCE"
                                                            0 rows imported
. . importing table                "HR_DEPARTMENT"
                                                           11 rows imported
. . importing table               "HR_DESIGNATION"
                                                            7 rows imported
. . importing table                  "HR_EMPLOYEE"
                                                            0 rows imported
. . importing table              "HR_EMPLOYEE_ACC"
                                                            0 rows imported
. . importing table       "HR_EMPLOYEE_DEPT_DESIG"
                                                            0 rows imported
. . importing table               "HR_EMPLOYEE_JD"
                                                            0 rows imported
. . importing table      "HR_EMPLOYEE_LATE_POLICY"
                                                            0 rows imported
. . importing table               "HR_EMPLOYEE_MV"
                                                            0 rows imported
. . importing table             "HR_EMPLOYEE_NOTE"
                                                            0 rows imported
. . importing table            "HR_EMPLOYEE_PHOTO"
                                                            0 rows imported
. . importing table           "HR_EMPLOYEE_SALARY"
                                                            0 rows imported
. . importing table            "HR_EMPLOYEE_SHIFT"
                                                            0 rows imported
. . importing table               "HR_EMP_DISEASE"
                                                            0 rows imported
. . importing table                   "HR_EMP_EXP"
                                                            0 rows imported
. . importing table                   "HR_EMP_FIN"
                                                            0 rows imported
. . importing table               "HR_EMP_FIN_DET"
                                                            0 rows imported
. . importing table                    "HR_EMP_OP"
                                                            0 rows imported
. . importing table         "HR_EMP_QUALIFICATION"
                                                            0 rows imported
. . importing table                   "HR_EMP_REF"
                                                            0 rows imported
. . importing table                        "HR_GH"
                                                            0 rows imported
. . importing table                      "HR_LATE"
                                                            0 rows imported
. . importing table             "HR_LEAVE_BALANCE"
                                                            0 rows imported
. . importing table                      "HR_LOAN"
                                                            0 rows imported
. . importing table                     "HR_MONTH"
                                                            0 rows imported
. . importing table        "HR_MONTHLY_ATTENDANCE"
                                                            0 rows imported
. . importing table                      "HR_REST"
                                                            0 rows imported
. . importing table            "HR_SALARY_ADVANCE"
                                                            0 rows imported
. . importing table             "HR_SALARY_DETAIL"
                                                            0 rows imported
. . importing table                     "HR_SETUP"
                                                            0 rows imported
. . importing table                     "HR_SHIFT"
                                                            4 rows imported
. . importing table                      "INV_BTN"
                                                            0 rows imported
. . importing table               "INV_DAIRY_WEEK"
                                                            0 rows imported
. . importing table            "INV_DELETED_TRANS"
                                                            0 rows imported
. . importing table             "INV_EXPENSE_TYPE"
                                                           30 rows imported
. . importing table                      "INV_IGP"
                                                          119 rows imported
. . importing table               "INV_IGP_DETAIL"
                                                          178 rows imported
. . importing table              "INV_IGP_EXPENSE"
                                                            0 rows imported
. . importing table                       "INV_IR"
                                                          689 rows imported
. . importing table                "INV_IR_DETAIL"
.
                                                         1259 rows imported
. . importing table               "INV_IR_MV_VIEW"
                                                            0 rows imported
. . importing table                       "INV_L1"
                                                            8 rows imported
. . importing table                       "INV_L2"
                                                           11 rows imported
. . importing table                       "INV_L3"
                                                            9 rows imported
. . importing table                       "INV_L4"
                                                            0 rows imported
. . importing table                       "INV_L5"
                                                            0 rows imported
. . importing table                       "INV_PR"
                                                            0 rows imported
. . importing table                      "INV_PR1"
                                                            0 rows imported
. . importing table               "INV_PR1_DETAIL"
                                                            0 rows imported
. . importing table                "INV_PR_DETAIL"
                                                            0 rows imported
. . importing table                      "INV_SAN"
                                                            0 rows imported
. . importing table                       "INV_SC"
                                                          120 rows imported
. . importing table               "INV_SC_OPENING"
                                                          422 rows imported
. . importing table   "INV_SC_OPENING_1920_BACKUP"
                                                           74 rows imported
. . importing table                 "INV_SC_PHOTO"
                                                           36 rows imported
. . importing table           "INV_SC_RETAIL_RATE"
                                                           21 rows imported
. . importing table                  "INV_SC_TEMP"
                                                            0 rows imported
. . importing table                    "INV_STORE"
                                                            0 rows imported
. . importing table               "INV_STORE_RACK"
                                                            0 rows imported
. . importing table            "INV_SUPPLIER_TYPE"
                                                            0 rows imported
. . importing table                    "INV_TRANS"
.
                                                         1430 rows imported
. . importing table        "INV_TRANS_1920_BACKUP"
                                                          938 rows imported
. . importing table               "INV_TRANS_AZIZ"
                                                           88 rows imported
. . importing table               "INV_TRIAL_TEMP"
                                                          100 rows imported
. . importing table                      "INV_UOM"
                                                           15 rows imported
. . importing table             "INV_VEHICLE_TYPE"
                                                            7 rows imported
IMP-00041: Warning: object created with compilation warnings
 "CREATE FORCE VIEW "MOBILE"."HR_SALARY"                          ("SAL1","SA"
 "L2","SAL3") AS "
 "select to_char(salary_id,'MON-YYYY') AS SAL1,to_char(salary_id,'MON-YYYY') "
 "AS SAL2,SALARY_ID SAL3 FROM SALARY"
 "ORDER BY 3 DESC "
IMP-00041: Warning: object created with compilation warnings
 "CREATE FORCE VIEW "MOBILE"."INV_IR_VIEW0"                          ("AJV",""
 "TRX","IR_ID","IR_TYPE","IR_YEAR","IR_YEARLY_ID","IR_DATE","QTY","IR_AMOUNT""
 ","PAYMENT_MODE","PAYMENT","VOUCHER_SEQ","STATUS_ID","CUSTOMER_ID","CUSTOMER"
 "_NAME") AS "
 "SELECT inv_ir_ajv_verify (i.ir_id) ajv, inv_ir_trx_verify (i.ir_id) trx, "
 "          i.ir_id, i.ir_type, i.ir_year, i.ir_yearly_id,"
 "          TRUNC (i.ir_date) ir_date, ird.qty, ird.amount ir_amount,"
 "          i.payment_mode, i.payment, i.voucher_seq, i.status_id, customer_i"
 "d,"
 "          ac.description customer_name"
 "     FROM inv_ir i,"
 "          (SELECT   ir_id, SUM (issue_qty) qty, SUM (issue_qty * rate) amou"
 "nt"
 "               FROM inv_ir_detail"
 "           GROUP BY ir_id) ird,"
 "          ac_coa ac"
 "    WHERE i.ir_id = ird.ir_id AND i.customer_id = ac.coa_seq "
IMP-00041: Warning: object created with compilation warnings
 "CREATE FORCE VIEW "MOBILE"."INV_SC_SIMPLE_VIEW"                          (""
 "SC_ID","DESCRIPTION") AS "
 "SELECT sc_id,"
 "             sc_id"
 "          || ' '"
 "          || l1"
 "          || ' '"
 "          || l2"
 "          || ' '"
 "          || l3"
 "          || ' '"
 "          || l4"
 "          || ' '"
 "          || l5"
 "          || ' '"
 "          || description"
 "          || ' '"
 "          || SPECIFICATION description"
 "     FROM inv_sc"
 "    WHERE inv_opening_qty_date (sc_id, SYSDATE, 'OK') > 0 "
IMP-00041: Warning: object created with compilation warnings
 "CREATE FORCE VIEW "MOBILE"."INV_SC_VIEW"                          ("PROFITA"
 "BLE","CONSUMEABLE","COA_SEQ","COA","SC_ID","L1","L2","L3","L4","L5","LEVELS"
 "","DESCRIPTION","SPECIFICATION","UOM_ID","UNIT_ID","RATE","HRATE","STATUS_I"
 "D","OK_BALANCE","DAMAGE_BALANCE","FAULTY_BALANCE","BALANCE","AVG_RATE","LAS"
 "T_PURCHASE_RATE","ITEM_DESCRIPTION","SC_DESC","SC_CODE") AS "
 "SELECT s.profitable, s.consumeable, coa_seq, coa, s.sc_id, l1, l2, l3, l4,"
 "          l5, LEVELS, description, SPECIFICATION, uom_id, uom_id unit_id,"
 "          rate, r.hrate, s.status_id,"
 "          inv_opening_qty_date (s.sc_id, SYSDATE, 'OK') ok_balance,"
 "          inv_opening_qty_date (s.sc_id, SYSDATE, 'DAMAGE') damage_balance,"
 "          inv_opening_qty_date (s.sc_id, SYSDATE, 'FAULTY') faulty_balance,"
 "          inv_opening_qty_date (s.sc_id, SYSDATE, 'OK') balance,"
 "          ROUND (inv_sc_avg_rate (s.sc_id, SYSDATE)) avg_rate,"
 "          ROUND (inv_last_purchase_rate (s.sc_id, SYSDATE))"
 "                                                           last_purchase_ra"
 "te,"
 "          LEVELS || ' ' || description || ' '"
 "          || SPECIFICATION item_description,"
 "          LEVELS || ' ' || description || ' ' || SPECIFICATION sc_desc,"
 "          r.sc_id sc_code"
 "     FROM (SELECT sc_id, l1, l2, l3, l4, l5, sc.status_id, profitable,"
 "                  consumeable,"
 "                  CASE"
 "                     WHEN l1 IS NOT NULL"
 "                     AND l2 IS NULL"
 "                     AND l3 IS NULL"
 "                     AND l4 IS NULL"
 "                     AND l5 IS NULL"
 "                        THEN l1"
 "                     WHEN l1 IS NOT NULL"
 "                     AND l2 IS NOT NULL"
 "                     AND l3 IS NULL"
 "                     AND l4 IS NULL"
 "                     AND l5 IS NULL"
 "                        THEN l1 || '-' || l2"
 "                     WHEN l1 IS NOT NULL"
 "                     AND l2 IS NOT NULL"
 "                     AND l3 IS NOT NULL"
 "                     AND l4 IS NULL"
 "                     AND l5 IS NULL"
 "                        THEN l1 || '-' || l2 || '-' || l3"
 "                     WHEN l1 IS NOT NULL"
 "                     AND l2 IS NOT NULL"
 "                     AND l3 IS NOT NULL"
 "                     AND l4 IS NOT NULL"
 "                     AND l5 IS NULL"
 "                        THEN l1 || '-' || l2 || '-' || l3 || '-' || l4"
 "                     WHEN l1 IS NOT NULL"
 "                     AND l2 IS NOT NULL"
 "                     AND l3 IS NOT NULL"
 "                     AND l4 IS NOT NULL"
 "                     AND l5 IS NOT NULL"
 "                        THEN l1 || '-' || l2 || '-' || l3 || '-' || l4 || '"
 "-'"
 "                             || l5"
 "                  END LEVELS,"
 "                  sc.description, SPECIFICATION, uom_id, sc.coa_seq, coa"
 "             FROM inv_sc sc, ac_coa_view c"
 "            WHERE sc.coa_seq = c.coa_seq(+)) s,"
 "          inv_latest_sc_retail_rate_view r"
 "    WHERE s.sc_id = r.sc_id(+) "
IMP-00041: Warning: object created with compilation warnings
 "CREATE FORCE VIEW "MOBILE"."AC_CASH_BANK_STS_VIEW"                         "
 " ("PARENT_ID","SUB_ID","CTRL_ID","MAIN_ID","COA_SEQ","COA","SUB_DESC","DESC"
 "RIPTION","BALANCE") AS "
 "SELECT   parent_id, sub_id, ctrl_id, main_id, coa_seq, coa, sub_desc,"
 "            description, AC_coa_opening_dt (coa_seq, SYSDATE) balance"
 "       FROM AC_coa_view"
 "      WHERE parent_id = 5  and sub_id = 6"
 "   ORDER BY parent_id "
IMP-00041: Warning: object created with compilation warnings
 "CREATE FORCE VIEW "MOBILE"."AC_CREDITORS_VIEW"                          ("C"
 "OA_SEQ","MAIN_ID","COA","DESCRIPTION","CONTACT_PERSON","PHONE","CELL","PARE"
 "NT_ID","SUB_ID","CR","DR","BALANCE") AS "
 "SELECT coa_seq, main_id, coa, description, contact_person, phone,"
 "          cell cell, parent_id, sub_id,"
 "          ac_coa_opening_cr_dt (coa_seq, SYSDATE) cr,"
 "          ac_coa_opening_dr_dt (coa_seq, SYSDATE) dr,"
 "          ac_coa_opening_dt (coa_seq, SYSDATE) balance"
 "     FROM ac_coa_view "
IMP-00041: Warning: object created with compilation warnings
 "CREATE FORCE VIEW "MOBILE"."AC_DEBITORS_VIEW"                          ("CO"
 "A_SEQ","MAIN_ID","COA","DESCRIPTION","CONTACT_PERSON","PHONE","CELL","CR",""
 "DR","BALANCE") AS "
 "SELECT coa_seq, main_id, coa, description, contact_person, phone, phone cel"
 "l,"
 "          ac_coa_opening_cr_dt (coa_seq, SYSDATE) cr,"
 "          ac_coa_opening_dr_dt (coa_seq, SYSDATE) dr,"
 "          ac_coa_opening_dt (coa_seq, SYSDATE) balance"
 "     FROM ac_coa_view"
 "    WHERE parent_id = 5 and sub_id=1 "
IMP-00041: Warning: object created with compilation warnings
 "CREATE FORCE VIEW "MOBILE"."HR_ATTENDANCE_VIEW"                          (""
 "GATE_EMPLOYEE_NO","EMPLOYEE_ID","NAME","OT_ALLOWED","ATTENDANCE_DATE","ATTE"
 "NDANCE_MONTH","INTIME","OUTTIME","OT_HOURS","HOURS","OT_MIN","STATUS","ERRO"
 "R","PRESENT","ABSENT","REST","LEAVE","GH","WOP","NOL","LEAVE_TYPE","LEAVE_S"
 "TATUS","ACTIVE_STATUS","LATE","SHIFT_ID") AS "
 "SELECT ALL e.gate_employee_no, a.employee_id, e.NAME, f.ot_allowed,"
 "              a.attendance_date,"
 "              TO_DATE ('01-' || TO_CHAR (a.attendance_date, 'mon-yyyy')"
 "                      ) attendance_month,"
 "              a.intime, a.outtime, a.ot_hours, a.hours,"
 "              number_to_min (a.ot_hours) ot_min, a.status,"
 "              DECODE (a.status, 'E', 1, 0) error,"
 "                DECODE (a.status, 'P', 1, 'CL', 1, 0)"
 "              - DECODE (a.leave_type, 'CL', a.leave_status, 0) present,"
 "              DECODE (a.status, 'A', 1, 0) absent,"
 "              DECODE (a.status, 'R', 1, 0) rest,"
 "              DECODE (a.status, 'CL', 1, 'SL', a.leave_status, 0) leave,"
 "              DECODE (a.status, 'GH', 1, 0) gh,"
 "              DECODE (a.status, 'WOP', a.leave_status, 0) wop,"
 "              DECODE (a.leave_type, 'CL', a.status, 0) nol, a.leave_type,"
 "              a.leave_status, e.status_id active_status, late, shift_id"
 "         FROM hr_attendance a, hr_employee e, hr_emp_latest_fin_view f"
 "        WHERE (a.employee_id = e.employee_id(+) AND e.employee_id = f.emplo"
 "yee_id(+)) "
IMP-00041: Warning: object created with compilation warnings
 "CREATE FORCE VIEW "MOBILE"."HR_EMPLOYEE_VIEW"                          ("SE"
 "RVICE_AGE2","AGE2","MUSLIM","CHRISTIAN","HINDU","MALE","FEMALE","MARRIED",""
 "SINGLE","WIDOW","SEPERATED","TEACHER","NON_TEACHER","SERVICE_AGE","AGE","CU"
 "R_COA_MAIN_ID","CUR_COA_SUB_ID","CUR_COA_ID","EMPLOYEE_TYPE","ADVANCE_20TH""
 ","PAGE_NO","COA_MAIN_ID","PROVIDENT_BANK_AC","COA_SUB_ID","COA_ID","BANK_ID"
 "","BANK_ACCOUNT","BANK_CITY_ID","EXPERIENCE","OT_ALLOWED","INCOME_TAX_AMOUN"
 "T","SS_NO","EOBI_NO","BLOOD_GROUP","MARITAL_STATUS","GATE_EMPLOYEE_NO","EMP"
 "LOYEE_ID","NAME","FNAME","ADDRESS1","ADDRESS2","NAMEFNAME","NIC","NID_NO",""
 "RELIGION","SALARY_GROUP","STATUS_ID","DOJ","JOINING_MONTH","DOL","LEAVING_M"
 "ONTH","REFERENCE","ADDRESS","DESIGNATION","DESIGNATION_ID","DEPARTMENT","DE"
 "PARTMENT_ID","ORDER_BY","GROSSSALARY","DOB","CITY_ID","COUNTRY_ID","EMAIL","
 ""BASIC_SALARY","HRENT","HOUSE_RENT","UTILITIE","FIXED_OT","UTILITY","NET_SA"
 "LARY","GROSS_SALARY","DOC","OT_RATE","ABSENT_RATE","ADDTION_ALLOW","DEDUCTA"
 "BLE_LOAN_BALANCE","GENDER","FAMILY_CODE","SALARY_ADVANCE_BALANCE","CELL") A"
 "S "
 "SELECT hr_service_age2 (doj) service_age2, hr_service_age2 (dob) age2,"
 "          DECODE (religion, 'MUSLIM', 1, 0) muslim,"
 "          DECODE (religion, 'CHRISTIAN', 1, 0) christian,"
 "          DECODE (religion, 'HINDU', 1, 0) hindu,"
 "          DECODE (gender, 'MALE', 1, 0) male,"
 "          DECODE (gender, 'FEMALE', 1, 0) female,"
 "          DECODE (marital_status, 'MARRIED', 1, 0) married,"
 "          DECODE (marital_status, 'SINGLE', 1, 0) SINGLE,"
 "          DECODE (marital_status, 'WIDOW', 1, 'WIDOWED', 1, 0) widow,"
 "          DECODE (marital_status, 'SEPERATED', 1, 0) seperated,"
 "          DECODE (dd.designation_id,"
 "                  'TEACHER', 1,"
 "                  'MUSIC TEACHER', 1,"
 "                  'ART TEACHER', 0,"
 "                  'COMPUTER TEACHER', 1,"
 "                  0"
 "                 ) teacher,"
 "          DECODE (dd.designation_id,"
 "                  'TEACHER', 0,"
 "                  'MUSIC TEACHER', 0,"
 "                  'ART TEACHER', 0,"
 "                  'COMPUTER TEACHER', 0,"
 "                  1"
 "                 ) non_teacher,"
 "          hr_service_age (doj) service_age, hr_service_age (dob) age,"
 "          e.cur_coa_main_id, e.cur_coa_sub_id, e.cur_coa_id, e.employee_typ"
 "e,"
 "          e.advance_20th, e.page_no, e.coa_main_id, e.provident_bank_ac,"
 "          e.coa_sub_id, e.coa_id, e.bank_id, e.bank_account, e.bank_city_id"
 ","
 "          e.experience, ef.ot_allowed, e.income_tax_amount, e.ss_no,"
 "          e.eobi_no, e.blood_group, e.marital_status, e.gate_employee_no,"
 "          e.employee_id, e.NAME, e.fname, e.address1, e.address2,"
 "          e.NAME || ' / ' || e.fname namefname, e.nid_no nic, e.nid_no,"
 "          e.religion, ef.salary_group"
 "-- ,e.SEX"
 "          , e.status_id, e.doj, TO_CHAR (doj, 'MON yyyy') joining_month,"
 "          e.dol, TO_CHAR (dol, 'MON yyyy') leaving_month"
 "-- ,e.REMARKS"
 "          , e.REFERENCE, e.address1 || ' ' || address2 address,"
 "          dd.designation_id designation, dd.designation_id,"
 "          dd.department_id department, dd.department_id, --dd.grade, "
 "          d.order_by,"
 "          ef.basic_salary + ef.house_rent + ef.utiltiy grosssalary"
 "-- ,e.PROBATION"
 "-- ,e.MARITALSTATUS"
 "          , e.dob"
 "-- ,e.JOBTYPE"
 "-- ,e.QUALIFICATION"
 "-- ,e.LEDGERCODE"
 "          , e.city_id, e.country_id"
 "-- ,e.TEL"
 "          , e.email, ef.basic_salary, ef.house_rent hrent, ef.house_rent,"
 "          "
 "          ---ef.convy,"
 "          ef.utiltiy utilitie, ef.fixed_ot, ef.utiltiy utility,"
 "          (ef.basic_salary + ef.house_rent + ef.utiltiy) net_salary,"
 "          (  ef.basic_salary"
 "           + ef.house_rent"
 "           + ef.utiltiy"
 "           + ef.fixed_ot                                         ---+ ef.co"
 "nvy"
 "          ) gross_salary,"
 "     --     (SYSDATE - e.doc) service_age, "
 "          doc, ef.ot_rate, ef.absent_rate,"
 "          ef.addtion_allow"
 "-- ,e.EXPERIENCE"
 "--  ,s.salary_id month_id"
 "  ---,'abc' month_id"
 "          ,"
 "          hr_balance_deductable_loan (e.employee_id) deductable_loan_balanc"
 "e,"
 "          e.gender,  e.family_code,"
 "                                            0 salary_advance_balance, 0 cel"
 "l"
 "     FROM hr_employee e,"
 "          hr_emp_latest_dept_desig_view dd,"
 "          hr_emp_latest_fin_view ef,"
 "          hr_department d"
 "    WHERE e.employee_id = dd.employee_id(+)"
 "        AND e.employee_id = ef.employee_id(+)"
 "      AND dd.department_id = d.department_id(+) "
IMP-00041: Warning: object created with compilation warnings
 "CREATE FORCE VIEW "MOBILE"."AC_VOUCHER_DET"                          ("SAN_"
 "ID","SAN_YEAR","PR_ID","PR_YEAR","IR_ID","IR_YEAR","SMS_STATUS","CELL","CEL"
 "L_ROW","GIR_ID","GIR_YEAR","CANCEL_DATE","CANCELLED_BY","CANCEL_REASON","FD"
 "ATETIME","VOUCHER_SEQ","VOUCHER_SUB_TYPE_ID","STATUS","SHORT_VOUCHER_TYPE","
 ""VOUCHER_TYPE_ID","VOUCHER_MONTH_ID","VOUCHER","VOUCHER2","VOUCHER_DATE","V"
 "OUCHER_ID","CHEQUE_NO","DESCRIPTION","REMARKS","SALARY_ID","EMPLOYEE_ID","D"
 "R_AMOUNT","CR_AMOUNT","CPO_TYPE","OUR_CPO","CPO_YEAR","CASH_DR","CASH_CR",""
 "CPO","AMOUNT") AS "
 "SELECT   v.san_id, v.san_year, v.pr_id, v.pr_year, v.ir_id, v.ir_year,"
 "            v.sms_status, ac_voucher_cell (v.voucher_seq) cell,"
 "            ac_voucher_cell_row (v.voucher_seq) cell_row, v.gir_id,"
 "            v.gir_year, v.cancel_date, v.cancelled_by, v.cancel_reason,"
 "            v.fdatetime, v.voucher_seq, v.voucher_sub_type_id, v.status,"
 "            v.short_voucher_type, v.voucher_type_id, v.voucher_month_id,"
 "               v.short_voucher_type"
 "            || '/'"
 "            || v.voucher_id"
 "            || '/'"
 "            || TO_CHAR (v.voucher_month_id, 'YYYY') voucher,"
 "            v.short_voucher_type || '/' || v.voucher_id voucher2,"
 "            v.voucher_date, v.voucher_id, v.cheque_no, v.description, remar"
 "ks,"
 "            v.salary_id, v.employee_id, SUM (v.dr_amount) dr_amount,"
 "            SUM (v.cr_amount) cr_amount, v.cpo_type, v.our_cpo, v.cpo_year,"
 "            SUM (v.cash_dr) cash_dr, SUM (v.cash_cr) cash_cr,"
 "            v.cpo_type || '/' || v.our_cpo || '/' || v.cpo_year cpo,"
 "            CASE"
 "               WHEN voucher_sub_type_id = 'CS-AJV'"
 "                  THEN SUM (dr_amount) / 2"
 "               WHEN voucher_sub_type_id = 'CR-AJV'"
 "                  THEN SUM (dr_amount) - SUM (cash_dr)"
 "               ELSE SUM (dr_amount)"
 "            END amount"
 "       FROM ac_voucher_detail_view v"
 "   GROUP BY v.sms_status,"
 "            v.san_id,"
 "            v.san_year,"
 "            v.pr_id,"
 "            v.pr_year,"
 "            v.ir_id,"
 "            v.ir_year,"
 "            v.gir_id,"
 "            v.gir_year,"
 "            v.fdatetime,"
 "            v.voucher_seq,"
 "            v.voucher_type_id,"
 "            v.status,"
 "            v.short_voucher_type,"
 "            v.voucher_sub_type_id,"
 "            v.voucher_month_id,"
 "            v.voucher_date,"
 "            v.voucher_id,"
 "            v.cheque_no,"
 "            v.description,"
 "            v.remarks,"
 "            v.salary_id,"
 "            v.employee_id,"
 "            v.cancelled_by,"
 "            v.cancel_reason,"
 "            v.cancel_date,"
 "            v.cpo_type,"
 "            v.cpo_year,"
 "            v.our_cpo "
IMP-00041: Warning: object created with compilation warnings
 "CREATE FORCE VIEW "MOBILE"."INV_IGP_DETAIL_VIEW"                          ("
 ""BILL_NO","BILL_DATE","SAN_ID","SAN_YEAR","SAN","STORE_CODE","ITEM_DESCRIPT"
 "ION","UNIT_ID","UOM_ID","ITEM_REMARKS","RATE","SUPP_QTY","SHORT_QTY","AMOUN"
 "T","SUP_AMOUNT","SC_ID","STATUS_NAME","IGP_ID","IGP_YEAR","IGP","IGP_DATE","
 ""DAYS","IGP_TYPE","REMARKS","VEHICLE_TYPE","VEHICLE_NO","TAKEN_IN_BY","STAT"
 "US_ID","FDATETIME","TAKEN_IN_DATETIME","IGP_DETAIL_ID","REJECT_QTY","ACCEPT"
 "ED_QTY","SUPPLIER_ID","SUPPLIER_NAME","CURRENCY","CURRENCY_RATE","GST") AS "
 "SELECT i.bill_no, i.bill_date, san.san_id, san.san_year,"
 "          CASE"
 "             WHEN san.san_id IS NOT NULL"
 "                THEN san.san_id || '/' || san.san_year"
 "             ELSE NULL"
 "          END san,"
 "          sc.sc_id store_code, sc.description item_description,"
 "          sc.uom_id unit_id, sc.uom_id, igd.remarks item_remarks,"
 "          NVL (igd.rate, 0) rate, igd.supp_qty, igd.short_qty,"
 "            NVL (igd.rate, 0)"
 "          * DECODE (igd.rate,"
 "                    NULL, igd.supp_qty,"
 "                    igd.supp_qty - igd.short_qty - igd.reject_qty"
 "                   ) amount,"
 "            NVL (igd.rate, 0)"
 "          * DECODE (igd.rate,"
 "                    NULL, igd.supp_qty,"
 "                    igd.supp_qty - igd.short_qty - igd.reject_qty"
 "                   ) sup_amount,"
 "          "
 "          --     pdv.rate_status po_det_rate_status,"
 "                                                   -- pdv.ygp,"
 "          igd.sc_id, i.status_id status_name, i.igp_id, i.igp_year,"
 "          i.igp_id || '/' || i.igp_year igp, i.igp_date,"
 "          TRUNC (SYSDATE - i.igp_date) days, i.igp_type,"
 "                                                        --  i.supplier, i.p"
 "ayment_status, i.bill_or_voucher_no,"
 "                                                          --i.bill_or_vouch"
 "er_date,"
 ""
 "                                                        --i.po_id || '/' ||"
 " i.po_year || '/' || igd.po_detail_id po_no,"
 "                                                        i.remarks,"
 "          i.vehicle_type, i.vehicle_no, i.taken_in_by,"
 "                                                      -- i.freight,"
 "                                                      --  i.octroi,"
 "                                                      i.status_id,"
 "          i.fdatetime,                                        --i.employee_"
 "id,"
 "                      i.taken_in_datetime, igd.igp_detail_id,"
 "                                                             ---- igd.item_"
 "description,"
 "                                                                      --   "
 " NVL (pdv.unit_id, igd.unit_id) unit_id,"
 "                                                                      --igd"
 ".supp_qty, igd.short_qty,"
 "                                                             igd.reject_qty"
 ","
 "          igd.supp_qty - igd.short_qty - igd.reject_qty accepted_qty,"
 "          "
 "                --  igd.breakage, igd.remarks item_remarks, igd.ogp_id, igd"
 ".ogp_year,"
 "              --    igd.ogp_detail_id,"
 "               --   igd.ogp_id || '/' || igd.ogp_year || '/'          || ig"
 "d.ogp_detail_id ogp_no,"
 "          --    pdv.po_date,               -- igd.ogp_id || '/' || igd.ogp_"
 "year ogp,"
 "                          ----pdv.SUPPLIER_ID        ,"
 "          i.supplier_id,           --pd.po_quantity,               --pdv.ra"
 "te,"
 "                        --  pdv.amount,"
 "                        sup.description supplier_name, sup.currency,"
 "          i.currency_rate, i.gst"
 "     FROM inv_igp i,"
 "          inv_igp_detail igd,"
 "          ac_coa sup,"
 "          inv_san san,"
 "          inv_sc_view sc"
 "    WHERE (i.igp_id = igd.igp_id)"
 "      AND igd.sc_id = sc.sc_id"
 "---"
 "      AND (i.supplier_id = sup.coa_seq(+))"
 "---"
 "      AND i.igp_id = san.igp_id(+)"
 "      AND i.igp_year = san.igp_year(+) "
IMP-00041: Warning: object created with compilation warnings
 "CREATE FORCE VIEW "MOBILE"."INV_SC_DESC"                          ("DESCRIP"
 "TION","SC_DESC","SC_CODE","SC_ID","UOM_ID") AS "
 "SELECT LEVELS description, item_description sc_desc, sc_id sc_code, sc_id,"
 "          uom_id"
 "     FROM inv_sc_view "
IMP-00041: Warning: object created with compilation warnings
 "CREATE FORCE VIEW "MOBILE"."INV_TRANS_SC_VIEW"                          ("S"
 "C_ID","YEAR","OPENING","UNIT_ID","UOM_ID","ISSUE_QTY","REC_QTY","TRANS","CL"
 "OSING_QTY") AS "
 "SELECT   o.sc_id, o.oyear YEAR, o.oqty opening,"
 "                                                  --s.store_code, s.sc_desc"
 ","
 "                                                  uom_id unit_id, uom_id,"
 "            NVL (SUM (t.issue_qty), 0) issue_qty,"
 "            NVL (SUM (t.rec_qty), 0) rec_qty, COUNT (*) trans,"
 "              NVL (o.oqty, 0)"
 "            + NVL (SUM (t.rec_qty), 0)"
 "            - NVL (SUM (t.issue_qty), 0) closing_qty"
 "       FROM inv_sc_opening o, inv_sc_view s, inv_trans t"
 "      WHERE o.sc_id = s.sc_id"
 "        AND o.sc_id = t.sc_id"
 "        AND o.oyear = ac_fisical_year (ac_fisical_year_st_date (t.trans_yea"
 "r(+)))"
 "   GROUP BY o.sc_id, o.oyear, o.oqty,"
 "                                     --   s.store_code,"
 "                                      --  s.sc_desc,"
 "                                     uom_id,"
 "                                            --   s.cat,"
 "                                            s.sc_id "
IMP-00041: Warning: object created with compilation warnings
 "CREATE FORCE VIEW "MOBILE"."INV_IR_DETAIL_VIEW"                          (""
 "AVG_RATE","L1","L2","L3","L4","L5","RETURNED_QTY","PAYMENT","DISCOUNT","REC"
 "_QTY","PREVIOUS_BAL","PREVIOUS_BAL_DATE","BAL_QTY","IR","IR_YEARLY_ID","IR_"
 "ID","TRANS_ISSUE_RATE","IR_REMARKS","ADD_STN","CUSTOMER_ID","STN","RATE","A"
 "MOUNT","COST","PROFIT","UOM_ID","UNIT_ID","IR_TYPE","PAYMENT_MODE","USER_ID"
 "","IR_DATE","FDATETIME","ISSUED_TO","STATUS_ID","IR_DETAIL_ID","SC_ID","ISS"
 "UE_QTY","SC_DESC","DESCRIPTION","SC_DESCRIPTION","ADDRESS","CELL","CONTACT_"
 "PERSON","CREDIT_DAYS","CURRENCY_ID","CUSTOMER","NTN_NO","PHONE","STN_NO") A"
 "S "
 "SELECT ird.avg_rate, scv.l1, scv.l2, scv.l3, scv.l4, scv.l5,"
 "          inv_sale_return_qty (ird.ir_detail_id) returned_qty, i.payment,"
 "          i.discount, 0 rec_qty, i.previous_bal, i.previous_bal_date,"
 "          ird.issue_qty - inv_sale_return_qty (ird.ir_detail_id) bal_qty,"
 "          i.ir_yearly_id || '/' || i.ir_year ir, i.ir_yearly_id, i.ir_id,"
 "          CASE"
 "             WHEN t.issue_value = 0 OR t.issue_qty = 0"
 "                THEN 0"
 "             ELSE t.issue_value / t.issue_qty"
 "          END trans_issue_rate,"
 "          i.remarks ir_remarks,"
 "          CASE"
 "             WHEN i.add_stn IS NOT NULL"
 "                THEN (ird.rate * ird.issue_qty) * 0.02"
 "             ELSE 0"
 "          END add_stn,"
 "          i.customer_id, (ird.rate * ird.issue_qty) * 0.17 stn, ird.rate,"
 "          ird.rate * ird.issue_qty amount,"
 "          CASE"
 "             WHEN scv.profitable = 'YES' AND c.description <> 'LOSS'"
 "                THEN ird.avg_rate * ird.issue_qty"
 "             WHEN scv.profitable = 'YES' AND c.description = 'LOSS'"
 "                THEN ird.rate * ird.issue_qty"
 "             WHEN scv.profitable = 'NO'"
 "                THEN (ird.rate * ird.issue_qty)"
 "          END COST,"
 "          "
 "          --inv_sc_avg_rate (ird.sc_id, ir_date) * ird.issue_qty COST,"
 "          CASE"
 "             WHEN scv.profitable = 'YES' AND c.description <> 'LOSS'"
 "                THEN   (ird.rate * ird.issue_qty)"
 "                     - (ird.avg_rate * ird.issue_qty)"
 "             WHEN scv.profitable = 'YES' AND c.description = 'LOSS'"
 "                THEN (ird.rate * ird.issue_qty) * -1"
 "             WHEN scv.profitable = 'NO'"
 "                THEN 0"
 "          END profit,"
 "          scv.uom_id, scv.uom_id unit_id, i.ir_type, i.payment_mode,"
 "          i.user_id, i.ir_date, i.fdatetime, i.issued_to, i.status_id,"
 "          ird.ir_detail_id, ird.sc_id, ird.issue_qty, scv.description sc_de"
 "sc,"
 "          scv.description, scv.item_description sc_description, c.address,"
 "          c.cell, c.contact_person, c.credit_days, c.currency_id,"
 "          c.description customer, c.ntn ntn_no, c.phone, c.stn stn_no"
 "     FROM inv_ir_detail ird, inv_sc_view scv, inv_ir i, ac_coa c, inv_trans"
 " t"
 "    WHERE ird.sc_id = scv.sc_id(+)"
 "      AND ird.ir_id = i.ir_id"
 "      ---"
 "      AND i.customer_id = c.coa_seq(+)"
 "      ---"
 "      AND ird.ir_detail_id = t.ir_detail_id(+) "
IMP-00041: Warning: object created with compilation warnings
 "CREATE FORCE VIEW "MOBILE"."INV_TRIAL_TEMP_VIEW"                          ("
 ""L1","L2","L3","CLOSING_QTY","CLOSING_VALUE","ISSUE_QTY","ISSUE_VALUE","ITE"
 "M_DESCRIPTION","OPENING_QTY","OPENING_VALUE","REC_QTY","REC_VALUE","SC_ID","
 ""UOM_ID") AS "
 "SELECT s.l1, s.l2, s.l3, t.closing_qty, t.closing_value, t.issue_qty,"
 "          t.issue_value, t.item_description, t.opening_qty, t.opening_value"
 ","
 "          t.rec_qty, t.rec_value, t.sc_id, t.uom_id"
 "     FROM inv_trial_temp t, inv_sc_view s"
 "    WHERE t.sc_id = s.sc_id "
IMP-00041: Warning: object created with compilation warnings
 "CREATE FORCE VIEW "MOBILE"."INV_TRANS_VIEW"                          ("ITEM"
 "_STATUS","TRANS_ID","TRANS_YEAR","TRANS_DATE","IR_ORDER_INFO","MONTH","TRAN"
 "S_MONTH","PERIOD","TRANS_TYPE","IGP_ID","IGP_DETAIL_ID","IR_ID","IR_DETAIL_"
 "ID","IR_TYPE","IGP_NO","IR_NO","REMARKS","STATUS_ID","FDATETIME","USER_ID","
 ""ISSUE_QTY","ISSUE_VALUE","REC_QTY","REC_VALUE","SC_CODE","STORE_CODE","ITE"
 "M_DESCRIPTION","TO_FROM","SC_ID","ISSUED_TO") AS "
 "SELECT t.item_status, t.trans_id, t.trans_year, t.trans_date,"
 "          NULL ir_order_info, TO_CHAR (t.trans_date, 'MON YYYY') MONTH,"
 "          TO_CHAR (t.trans_date, 'YYYYMM') trans_month,"
 "          TO_DATE ('01-' || TO_CHAR (t.trans_date, 'MON-YYYY')) period,"
 "          t.trans_type, t.igp_id, t.igp_detail_id, t.ir_id, t.ir_detail_id,"
 "          idv.ir_type,                             -- idv.voucher_seq ir_vs"
 "eq,"
 "                      --  idv.voucher ir_voucher,"
 "                      t.igp_id || '/' || t.igp_detail_id igp_no,"
 "          t.ir_id || '/' || t.ir_detail_id ir_no, t.remarks, t.status_id,"
 "          t.fdatetime, t.user_id, t.issue_qty, t.issue_value, t.rec_qty,"
 "          t.rec_value,                                     -- t.department_"
 "id,"
 "                      sc.sc_id sc_code, sc.sc_id store_code,"
 "          DECODE (trans_type,"
 "                  'GIR', g.item_description,"
 "                  'IR', idv.sc_desc,"
 "                  sc.item_description"
 "                 ) item_description,"
 "          DECODE (trans_type,"
 "                  'GIR', g.item_description,"
 "                  'IGP', g.supplier_name,"
 "                  'IR', idv.sc_desc"
 "                 ) to_from,"
 "          t.sc_id, idv.issued_to"
 "     FROM inv_trans t,"
 "          inv_igp_detail_view g,"
 "          inv_ir_detail_view idv,"
 "          inv_sc_view sc"
 "--- PRODUCTION.JOB_CARD_VIEW J"
 "   WHERE  (t.igp_id = g.igp_id(+) AND t.igp_detail_id = g.igp_detail_id(+))"
 "      AND (t.ir_id = idv.ir_id(+) AND t.ir_detail_id = idv.ir_detail_id(+))"
 "---"
 "      AND t.sc_id = sc.sc_id "
IMP-00041: Warning: object created with compilation warnings
 "CREATE FORCE VIEW "MOBILE"."AC_CHEQUE_BOOK_DETAIL_VIEW"                    "
 "      ("ACCOUNT","ACCOUNT_TYPE","CHEQUE_BOOK_STATUS","CHEQUE_BOOK_NO","CHEQ"
 "UE_NO","VOUCHER","VOUCHER_SEQ","VOUCHER_DATE","DESCRIPTION","VOUCHER_STATUS"
 "","DR_AMOUNT","CHQ_STATUS") AS "
 "SELECT b.ACCOUNT, b.account_type, b.status_id cheque_book_status,"
 "          c.cheque_book_no, c.cheque_no, v.voucher, v.voucher_seq,"
 "          v.voucher_date, v.description, v.status voucher_status, v.dr_amou"
 "nt,"
 "          c.status_id chq_status"
 "     FROM AC_cheque_book_det c, AC_voucher_det v, AC_cheque_book b"
 "    WHERE TO_CHAR (c.cheque_no) = v.cheque_no(+)"
 "          AND b.cheque_book_no = c.cheque_book_no"
 "--and cheque_book_no = 2;;;;;;; "
IMP-00041: Warning: object created with compilation warnings
 "CREATE FORCE VIEW "MOBILE"."INV_IGP_VIEW"                          ("IGP",""
 "GST","CURRENCY","IGP_YEARLY_ID","BILL_DATE","VOUCHER_SEQ","PAYMENT_MODE","T"
 "OTAL_AMOUNT","ACCEPTED_QTY","AMOUNT","EXPENSE_AMOUNT","BILL_NO","FDATETIME""
 ","IGP_DATE","IGP_ID","IGP_TYPE","IGP_YEAR","PAYMENT_STATUS","REMARKS","STAT"
 "US_ID","SUPPLIER_ID","SUPPLIER","TAKEN_IN_BY","TAKEN_IN_DATETIME","USER_ID""
 ","VEHICLE_NO","VEHICLE_TYPE") AS "
 "SELECT i.igp_yearly_id || '/' || i.igp_year igp, gst, s.currency,"
 "          i.igp_yearly_id, i.bill_date, i.voucher_seq, i.payment_mode,"
 "          NVL (igd.amount, 0) + NVL (ige.amount, 0) total_amount,"
 "          supp_qty - reject_qty - short_qty accepted_qty,"
 "          NVL (igd.amount, 0) amount, NVL (ige.amount, 0) expense_amount,"
 "          i.bill_no, i.fdatetime, i.igp_date, i.igp_id, i.igp_type,"
 "          i.igp_year, i.payment_status, i.remarks, i.status_id, i.supplier_"
 "id,"
 "          s.description supplier, i.taken_in_by, i.taken_in_datetime,"
 "          i.user_id, i.vehicle_no, i.vehicle_type"
 "     FROM inv_igp i,"
 "          ac_coa s,"
 "          (SELECT   SUM (amount) amount, SUM (supp_qty) supp_qty,"
 "                    SUM (reject_qty) reject_qty, SUM (short_qty) short_qty,"
 "                    igp_id"
 "               FROM inv_igp_detail_view"
 "           GROUP BY igp_id) igd,"
 "          (SELECT   SUM (amount) amount, igp_id"
 "               FROM inv_igp_expense"
 "           GROUP BY igp_id) ige"
 "    WHERE i.supplier_id = s.coa_seq(+) AND i.igp_id = igd.igp_id(+)"
 "          AND i.igp_id = ige.igp_id(+) "
IMP-00041: Warning: object created with compilation warnings
 "CREATE FORCE VIEW "MOBILE"."INV_IR_VIEW"                          ("IR","IR"
 "_YEARLY_ID","DISCOUNT","QTY","IR_NO","PAYMENT","VOUCHER_SEQ","REMARKS","IR_"
 "REMARKS","IR_STN","IR_ADD_STN","IR_AMOUNT","NET_AMOUNT","IR_COST","ADD_STN""
 ","CUSTOMER_ID","STN","PAYMENT_MODE","IR_TYPE","USER_ID","IR_ID","IR_YEAR",""
 "IR_DATE","FDATETIME","ISSUED_TO","STATUS_ID","ADDRESS","CELL","CONTACT_PERS"
 "ON","CREDIT_DAYS","CURRENCY_ID","CUSTOMER_NAME","NTN_NO","PHONE","STN_NO",""
 "IR_PROFIT") AS "
 "SELECT i.ir_yearly_id || '/' || i.ir_year ir, i.ir_yearly_id, discount,"
 "          qty, i.ir_yearly_id || '/' || i.ir_year ir_no, i.payment,"
 "          i.voucher_seq, i.remarks, i.remarks ir_remarks, ird.ir_stn,"
 "          ird.ir_add_stn, ird.ir_amount,"
 "          NVL (ird.ir_amount, 0) - NVL (i.discount, 0) net_amount,"
 "          ird.ir_cost, i.add_stn, i.customer_id, i.stn, i.payment_mode,"
 "          i.ir_type, i.user_id, i.ir_id, i.ir_year, trunc(i.ir_date) ir_dat"
 "e, i.fdatetime,"
 "          i.issued_to, i.status_id, c.address, c.cell, c.contact_person,"
 "          c.credit_days, c.currency_id, c.description customer_name,"
 "          c.ntn ntn_no, c.phone, c.stn stn_no, ir_profit"
 "     FROM inv_ir i,"
 "          ac_coa c,"
 "          (SELECT   ir_id, ROUND (SUM (NVL (amount, 0)), 2) ir_amount,"
 "                    ROUND (SUM (NVL (COST, 0)), 2) ir_cost,"
 "                    ROUND (SUM (NVL (profit, 0)), 2) ir_profit,"
 "                    ROUND (SUM (NVL (stn, 0)), 2) ir_stn,"
 "                    ROUND (SUM (NVL (add_stn, 2)), 2) ir_add_stn,"
 "                    SUM (issue_qty) qty"
 "               FROM inv_ir_detail_view"
 "           GROUP BY ir_id) ird"
 "    WHERE i.customer_id = c.coa_seq(+) AND i.ir_id = ird.ir_id(+) "
IMP-00041: Warning: object created with compilation warnings
 "CREATE FORCE VIEW "MOBILE"."INV_PR_DETAIL_VIEW"                          (""
 "PAYMENT","PAYMENT_MODE","COST","PROFIT","CUSTOMER_ID","FDATETIME","PR_DATE""
 ","PR_ID","PR_YEAR","PR_YEARLY_ID","REMARKS","STATUS_ID","USER_ID","VOUCHER_"
 "SEQ","CUSTOMER_QTY","IR_DETAIL_ID","PR_DETAIL_ID","RATE","SC_ID","ITEM_STAT"
 "US","AMOUNT","AVG_RATE","BALANCE","COA","COA_SEQ","DESCRIPTION","ITEM_DESCR"
 "IPTION","L1","L2","L3","L4","L5","LAST_PURCHASE_RATE","LEVELS","SC_CODE","S"
 "C_DESC","SPECIFICATION","UNIT_ID","UOM_ID","CUSTOMER_NAME","PR","REASON") A"
 "S "
 "SELECT ird.payment, ird.payment_mode, ird.COST, ird.profit, p.customer_id,"
 "          p.fdatetime, p.pr_date, p.pr_id, p.pr_year, p.pr_yearly_id,"
 "          p.remarks, p.status_id, p.user_id, p.voucher_seq, pd.customer_qty"
 ","
 "          pd.ir_detail_id, pd.pr_detail_id, pd.rate, pd.sc_id,"
 "          pd.item_status item_status, pd.rate * pd.customer_qty amount,"
 "          s.avg_rate, s.balance, s.coa, s.coa_seq, s.description,"
 "          s.item_description, s.l1, s.l2, s.l3, s.l4, s.l5,"
 "          s.last_purchase_rate, s.LEVELS, s.sc_code, s.sc_desc,"
 "          s.SPECIFICATION, s.unit_id, s.uom_id, c.description customer_name"
 ","
 "          p.pr_yearly_id || '/' || p.pr_year pr, pd.reason"
 "     FROM inv_pr p,"
 "          inv_pr_detail pd,"
 "          inv_sc_view s,"
 "          ac_coa_view c,"
 "          inv_ir_detail_view ird"
 "    WHERE p.pr_id = pd.pr_id(+)"
 "      AND pd.sc_id = s.sc_id(+)"
 "      AND p.customer_id = c.coa_seq(+)"
 "      AND pd.ir_detail_id = ird.ir_detail_id "
IMP-00041: Warning: object created with compilation warnings
 "CREATE FORCE VIEW "MOBILE"."AC_DAILY_TRANS_SUMMARY_VIEW"                   "
 "       ("VOUCHER_DATE","VOUCHER_SUB_TYPE_ID","AMOUNT","DESCRIPTION","DOCUME"
 "NT","DR_CASH","CR_CASH") AS "
 "SELECT   voucher_date, voucher_sub_type_id,"
 "            CASE"
 "               WHEN voucher_sub_type_id = 'CS-AJV'"
 "                  THEN SUM (dr_amount) / 2"
 "               WHEN voucher_sub_type_id = 'CR-AJV'"
 "                  THEN SUM (dr_amount) - SUM (cash_dr)"
 "               ELSE SUM (dr_amount)"
 "            END amount,"
 "            vtd.description, vtd.document, SUM (cash_dr) dr_cash,"
 "            SUM (cash_cr) cr_cash"
 "       ---          sum(dr_cash) dr_cash,"
 "          ---       sum(cr_cash) cr_cash"
 "   FROM     ac_voucher_det v, ac_voucher_type_detail vtd"
 "      WHERE status = 'RELEASE'"
 "        AND v.voucher_sub_type_id = vtd.sub_voucher_type_id"
 "   GROUP BY voucher_date, voucher_sub_type_id, vtd.description, vtd.documen"
 "t "
IMP-00041: Warning: object created with compilation warnings
 "CREATE FORCE VIEW "MOBILE"."INV_PR1_DETAIL_VIEW"                          ("
 ""ACCEPTED_QTY","BILL_NO","BILL_DATE","SUPPLIER_ID","FDATETIME","PR_DATE","P"
 "R_ID","PR_YEAR","PR_YEARLY_ID","REMARKS","STATUS_ID","USER_ID","VOUCHER_SEQ"
 "","RETURN_QTY","IGP_DETAIL_ID","PR_DETAIL_ID","RATE","SC_ID","ITEM_STATUS","
 ""AMOUNT","AVG_RATE","BALANCE","COA","COA_SEQ","DESCRIPTION","ITEM_DESCRIPTI"
 "ON","L1","L2","L3","L4","L5","LAST_PURCHASE_RATE","LEVELS","SC_CODE","SC_DE"
 "SC","SPECIFICATION","UNIT_ID","UOM_ID","SUPPLIER_NAME","PR","REASON") AS "
 "SELECT igp.accepted_qty, igp.bill_no, igp.bill_date, p.supplier_id,"
 "          p.fdatetime, p.pr_date, p.pr_id, p.pr_year, p.pr_yearly_id,"
 "          p.remarks, p.status_id, p.user_id, p.voucher_seq, pd.return_qty,"
 "          pd.igp_detail_id, pd.pr_detail_id, pd.rate, pd.sc_id,"
 "          pd.item_status item_status, pd.rate * pd.return_qty amount,"
 "          s.avg_rate, s.balance, s.coa, s.coa_seq, s.description,"
 "          s.item_description, s.l1, s.l2, s.l3, s.l4, s.l5,"
 "          s.last_purchase_rate, s.LEVELS, s.sc_code, s.sc_desc,"
 "          s.SPECIFICATION, s.unit_id, s.uom_id, c.description supplier_name"
 ","
 "          p.pr_yearly_id || '/' || p.pr_year pr, pd.reason"
 "     FROM inv_pr1 p,"
 "          inv_pr1_detail pd,"
 "          inv_sc_view s,"
 "          ac_coa_view c,"
 "          inv_igp_detail_view igp"
 "    WHERE p.pr_id = pd.pr_id(+)"
 "      AND pd.sc_id = s.sc_id(+)"
 "      AND p.supplier_id = c.coa_seq(+)"
 "      AND pd.igp_detail_id = igp.igp_detail_id "
IMP-00041: Warning: object created with compilation warnings
 "CREATE FORCE VIEW "MOBILE"."INV_PR_VIEW"                          ("AMOUNT""
 ","QTY","CUSTOMER_ID","COST","PROFIT","PAYMENT","PAYMENT_MODE","FDATETIME",""
 "PR_DATE","PR_ID","PR_YEAR","PR_YEARLY_ID","REMARKS","STATUS_ID","USER_ID",""
 "VOUCHER_SEQ","CUSTOMER_NAME","PR") AS "
 "SELECT   SUM (i.amount) amount, SUM (i.customer_qty) qty, i.customer_id,"
 "            ROUND (SUM (COST)) COST, ROUND (SUM (profit)) profit,"
 "            ROUND (SUM (payment)) payment, i.payment_mode, i.fdatetime,"
 "            i.pr_date, i.pr_id, i.pr_year, i.pr_yearly_id, i.remarks,"
 "            i.status_id, i.user_id, i.voucher_seq, i.customer_name, i.pr"
 "       FROM inv_pr_detail_view i"
 "   GROUP BY i.customer_id,"
 "            i.fdatetime,"
 "            i.pr_date,"
 "            i.pr_id,"
 "            i.pr_year,"
 "            i.pr_yearly_id,"
 "            i.remarks,"
 "            i.status_id,"
 "            i.user_id,"
 "            i.voucher_seq,"
 "            i.customer_name,"
 "            i.pr,"
 "            i.payment_mode "
IMP-00041: Warning: object created with compilation warnings
 "CREATE FORCE VIEW "MOBILE"."INV_PR1_VIEW"                          ("AMOUNT"
 "","QTY","SUPPLIER_ID","FDATETIME","PR_DATE","PR_ID","PR_YEAR","PR_YEARLY_ID"
 "","REMARKS","STATUS_ID","USER_ID","VOUCHER_SEQ","SUPPLIER_NAME","PR") AS "
 "SELECT   SUM (i.amount) amount, SUM (i.return_qty) qty, i.supplier_id,"
 "            i.fdatetime, i.pr_date, i.pr_id, i.pr_year, i.pr_yearly_id,"
 "            i.remarks, i.status_id, i.user_id, i.voucher_seq, i.supplier_na"
 "me,"
 "            i.pr"
 "       FROM inv_pr1_detail_view i"
 "   GROUP BY i.supplier_id,"
 "            i.fdatetime,"
 "            i.pr_date,"
 "            i.pr_id,"
 "            i.pr_year,"
 "            i.pr_yearly_id,"
 "            i.remarks,"
 "            i.status_id,"
 "            i.user_id,"
 "            i.voucher_seq,"
 "            i.supplier_name,"
 "            i.pr "
IMP-00041: Warning: object created with compilation warnings
 "CREATE FORCE VIEW "MOBILE"."INV_SALE_PROFIT_LOSS_VIEW"                     "
 "     ("TRX_MONTH","DOC","NET_AMOUNT","AMOUNT","COST","TRX_DATE","PROFIT","P"
 "AYMENT") AS "
 "select  to_char(trunc(ir_date),'mm-yyyy') trx_month,  'SALE' doc, sum(i.net"
 "_amount) net_amount, sum(i.IR_AMOUNT) amount, sum(i.IR_COST) cost, trunc( i"
 ".IR_DATE) TRX_date, sum(i.IR_PROFIT) profit, sum(i.PAYMENT) payment"
 "from inv_ir_view i where i.status_id = 'POSTED' group by trunc(ir_date)"
 ""
 "UNION"
 ""
 "select to_char(trunc(pr_date),'mm-yyyy') trx_month, 'RETURN' doc, sum(p.amo"
 "unt*-1) net_AMOUNT, sum(p.amount*-1) AMOUNT, sum(p.cost*-1) COST, trunc(p.p"
 "r_date) ir_date, "
 "       sum(p.profit*-1) PROFIT, sum(decode(payment_mode,'CASH',AMOUNT,'CRED"
 "IT',0)*-1) PAYMENT from inv_pr_view p"
 "       where status_id = 'POSTED' group by trunc(p.pr_date)"
 "       "
 "UNION       "
 "       "
 "select to_char(trunc(voucher_date),'mm-yyyy') trx_month, 'EXPENSE' doc,    "
 " sum(dr_amount) *-1 dr,                  sum(dr_amount)*-1, 0            , "
 "voucher_date,"
 "              sum(dr_amount) *-1                  ,sum(dr_amount)*-1       "
 " "
 "  from ac_voucher_detail_view where parent_id = 7 and sub_id =2 and status_"
 "id = 'RELEASE' group by voucher_date "
IMP-00041: Warning: object created with compilation warnings
 "CREATE FORCE VIEW "MOBILE"."HR_COA_VIEW"                          ("COA_ID""
 ","COA_MAIN_ID","COA_SUB_ID","COA","MAIN_SUB_ID","CATAGORY","SUBSIDARY","DES"
 "CRIPTION","COA_DESCRIPTION","CTYPE","FINCODE","EMPLOYEE_ID","STATUS_ID","FD"
 "ATETIME","SUB_DESC","MAIN_DESC","COA_DESC","MAIN_SUB_DESC") AS "
 "SELECT"
 "   COA.COA_ID,"
 "   COA.COA_MAIN_ID,"
 "   COA.COA_SUB_ID,"
 "   translate("
 "   to_char(COA.COA_MAIN_ID,'00')||'-'||TO_CHAR(COA.COA_SUB_ID,'0000')||'-'|"
 "|TO_CHAR(COA.COA_ID,'00000'),"
 "   '0123456789- ','0123456789-')  COA,"
 "   translate("
 "   to_char(COA.COA_MAIN_ID,'00')||'-'||TO_CHAR(COA.COA_SUB_ID,'0000'), "
 "   '0123456789- ','0123456789-') MAIN_SUB_ID,"
 "   COA.CATAGORY,"
 "   COA.SUBSIDARY,"
 "   COA.DESCRIPTION,"
 "   COA.DESCRIPTION COA_DESCRIPTION,"
 "   COA.CTYPE,"
 "   COA.FINCODE,"
 "   COA.EMPLOYEE_ID,"
 "   COA.STATUS_ID,"
 "   COA.FDATETIME,"
 "   COAS.DESCRIPTION SUB_DESC,"
 "   COAM.DESCRIPTION MAIN_DESC,"
 "   COAM.DESCRIPTION||'-'||COAS.DESCRIPTION||'-'||COA.DESCRIPTION COA_DESC,"
 "   COAM.DESCRIPTION||'-'||COAS.DESCRIPTION MAIN_SUB_DESC"
 " FROM"
 "   ACCOUNTS.COA,"
 "   ACCOUNTS.COA_SUB COAS,"
 "   ACCOUNTS.COA_MAIN COAM"
 " WHERE"
 "     COA.COA_MAIN_ID = COAS.COA_MAIN_ID"
 " AND COA.COA_SUB_ID = COAS.COA_SUB_ID"
 " ---"
 " AND COA.COA_MAIN_ID = COAM.COA_MAIN_ID "
IMP-00041: Warning: object created with compilation warnings
 "CREATE FORCE VIEW "MOBILE"."HR_VOUCHER_DETAIL_VIEW_NEW"                    "
 "      ("VOUCHER_ID","VOUCHER_TYPE_ID","VOUCHER_MONTH_ID","VOUCHER_DATE","VO"
 "UCHER_NO","SHORT_VOUCHER_TYPE","CHEQUE_NO","DESCRIPTION","REMARKS","VOUCHER"
 "_DETAIL_DESC","VOUCHER_DETAIL_ID","COA_MAIN_ID","COA_SUB_ID","COA_ID","ACC""
 ","COA","COA_MAIN_SUB_ID","DR_AMOUNT","CR_AMOUNT","DR_CR_DIFF","ACCT","CHQ","
 ""SUB_ACC_DESC","COA_DESC","ACC_DESC","MAIN_SUB_ACC_DESC","MAIN_ACC_DESC") A"
 "S "
 "SELECT"
 "  V.VOUCHER_ID, V.VOUCHER_TYPE_ID, V.VOUCHER_MONTH_ID , V.VOUCHER_DATE,"
 "  VT.SHORT_NAME||'/'||V.VOUCHER_ID||'/'||VD.VOUCHER_DETAIL_ID VOUCHER_NO,"
 "  VT.SHORT_NAME SHORT_VOUCHER_TYPE,"
 "  V.CHEQUE_NO,"
 "  V.DESCRIPTION,"
 "  V.REMARKS,"
 "  VD.DESCRIPTION VOUCHER_DETAIL_DESC,"
 "  VD.VOUCHER_DETAIL_ID,"
 "  VD.COA_MAIN_ID, VD.COA_SUB_ID, VD.COA_ID, "
 "  TRANSLATE("
 "  TO_CHAR(VD.COA_MAIN_ID,'00')||'-'||TO_CHAR(VD.COA_SUB_ID,'0000')||'-'||TO"
 "_CHAR(VD.COA_ID,'0000'),"
 "  '0123456789- ','0123456789-') ACC,"
 "  TRANSLATE("
 "  TO_CHAR(VD.COA_MAIN_ID,'00')||'-'||TO_CHAR(VD.COA_SUB_ID,'0000')||'-'||TO"
 "_CHAR(VD.COA_ID,'0000'),"
 "  '0123456789- ','0123456789-') COA,"
 "  TRANSLATE("
 "  TO_CHAR(VD.COA_MAIN_ID,'00')||'-'||TO_CHAR(VD.COA_SUB_ID,'0000'),"
 "  '0123456789- ','0123456789-') COA_MAIN_SUB_ID,"
 "  VD.DR_AMOUNT,"
 "  VD.CR_AMOUNT,"
 "  VD.DR_AMOUNT - VD.CR_AMOUNT DR_CR_DIFF,"
 "  VD.ACCOUNT_NO ACCT,"
 "  VD.CHEQUE_NO CHQ,"
 "  -----DRCR,"
 "  SAC.DESCRIPTION SUB_ACC_DESC,"
 "  COA.DESCRIPTION COA_DESC,"
 "  MAC.DESCRIPTION||'-'||SAC.DESCRIPTION||COA.DESCRIPTION ACC_DESC,"
 "  MAC.DESCRIPTION||'-'||SAC.DESCRIPTION MAIN_SUB_ACC_DESC,"
 "  MAC.DESCRIPTION MAIN_ACC_DESC"
 "FROM"
 "  ACCOUNTS.VOUCHER V,"
 "  ACCOUNTS.VOUCHER_DETAIL_NEW VD,"
 "  ACCOUNTS.COA, "
 "  ACCOUNTS.COA_MAIN MAC,"
 "  ACCOUNTS.COA_SUB SAC,"
 "  ACCOUNTS.VOUCHER_TYPE VT"
 "WHERE"
 "    V.VOUCHER_ID       = VD.VOUCHER_ID"
 "AND V.VOUCHER_TYPE_ID  = VD.VOUCHER_TYPE_ID"
 "AND V.VOUCHER_MONTH_ID = VD.VOUCHER_MONTH_ID"
 "---"
 "AND VD.COA_MAIN_ID = COA.COA_MAIN_ID"
 "AND VD.COA_SUB_ID  = COA.COA_SUB_ID"
 "AND VD.COA_ID  = COA.COA_ID"
 "---"
 "AND VD.COA_MAIN_ID = SAC.COA_MAIN_ID "
 "AND VD.COA_SUB_ID  = SAC.COA_SUB_ID"
 "---"
 "AND VD.COA_MAIN_ID = MAC.COA_MAIN_ID"
 "---"
 "AND V.VOUCHER_TYPE_ID = VT.VOUCHER_TYPE_ID "
About to enable constraints...
Import terminated successfully with warnings.
