
Starting report sub_ledger_14 [Mon Dec 30 17:40:45 2013] ...
End report sub_ledger_14 [Mon Dec 30 17:44:40 2013].

Starting report ir [Tue Dec 31 14:00:39 2013] ...
End report ir [Tue Dec 31 14:01:00 2013].

Starting report VOUCHER_HFP [Tue Dec 31 14:01:50 2013] ...
ORA-00936: missing expression
 SELECT ALL user_id , VOUCHER_ID , VOUCHER_TYPE_ID , VOUCHER_MONTH_ID , VOUCHER_DATE , DESCRIPTION , VOUCHER_DETAIL_ID , COA_MAIN_ID , COA_SUB_ID , COA_ID , COA , COA_DESC , COA_MAIN_SUB_ID , ACC , DR_AMOUNT , CR_AMOUNT , VOUCHER_DETAIL_DESC || NVL2 
End report VOUCHER_HFP [Tue Dec 31 14:01:53 2013].

Starting report VOUCHER_HFP_14 [Tue Dec 31 14:02:36 2013] ...
End report VOUCHER_HFP_14 [Tue Dec 31 14:02:47 2013].

Starting report VOUCHER_HFP_14 [Tue Dec 31 14:02:50 2013] ...
End report VOUCHER_HFP_14 [Tue Dec 31 14:02:54 2013].

Starting report ir [Tue Dec 31 14:04:03 2013] ...
End report ir [Tue Dec 31 14:04:24 2013].

Starting report VOUCHER_HFP_14 [Tue Dec 31 14:06:31 2013] ...
End report VOUCHER_HFP_14 [Tue Dec 31 14:06:40 2013].

Starting report VOUCHER_HFP_14 [Tue Dec 31 14:08:20 2013] ...
End report VOUCHER_HFP_14 [Tue Dec 31 14:08:36 2013].

Starting report VOUCHER_HFP_14 [Tue Dec 31 14:13:40 2013] ...
End report VOUCHER_HFP_14 [Tue Dec 31 14:14:02 2013].

Starting report VOUCHER_HFP_14 [Tue Dec 31 14:23:44 2013] ...
End report VOUCHER_HFP_14 [Tue Dec 31 14:24:34 2013].

Starting report ir [Tue Dec 31 14:32:29 2013] ...
End report ir [Tue Dec 31 14:32:43 2013].

Starting report VOUCHER_HFP_14 [Tue Dec 31 14:35:25 2013] ...
End report VOUCHER_HFP_14 [Tue Dec 31 14:35:52 2013].

Starting report VOUCHER_HFP_14 [Tue Dec 31 14:36:02 2013] ...
End report VOUCHER_HFP_14 [Tue Dec 31 14:36:04 2013].

Starting report VOUCHER_HFP_14 [Tue Dec 31 14:36:07 2013] ...
End report VOUCHER_HFP_14 [Tue Dec 31 14:36:11 2013].

Starting report san_single [Tue Dec 31 14:36:50 2013] ...
End report san_single [Tue Dec 31 14:36:57 2013].

Starting report san_single [Tue Dec 31 14:45:08 2013] ...
End report san_single [Tue Dec 31 14:45:27 2013].

Starting report san_single [Tue Dec 31 14:45:38 2013] ...
End report san_single [Tue Dec 31 14:46:03 2013].

Starting report VOUCHER_HFP_14 [Tue Dec 31 14:46:32 2013] ...
End report VOUCHER_HFP_14 [Tue Dec 31 14:46:33 2013].

Starting report VOUCHER_HFP_14 [Tue Dec 31 14:46:35 2013] ...
End report VOUCHER_HFP_14 [Tue Dec 31 14:46:58 2013].

Starting report VOUCHER_HFP_14 [Tue Dec 31 14:47:01 2013] ...
End report VOUCHER_HFP_14 [Tue Dec 31 14:47:03 2013].

Starting report VOUCHER_HFP_14 [Tue Dec 31 14:47:10 2013] ...
End report VOUCHER_HFP_14 [Tue Dec 31 14:47:15 2013].

Starting report VOUCHER_HFP_14 [Tue Dec 31 14:47:18 2013] ...
End report VOUCHER_HFP_14 [Tue Dec 31 14:47:21 2013].

Starting report VOUCHER_HFP_14 [Tue Dec 31 14:47:34 2013] ...
End report VOUCHER_HFP_14 [Tue Dec 31 14:47:37 2013].

Starting report VOUCHER_HFP_14 [Tue Dec 31 14:47:38 2013] ...
End report VOUCHER_HFP_14 [Tue Dec 31 14:47:40 2013].

Starting report VOUCHER_HFP_14 [Tue Dec 31 14:57:21 2013] ...
End report VOUCHER_HFP_14 [Tue Dec 31 14:57:51 2013].

Starting report san_single [Tue Dec 31 14:58:27 2013] ...
End report san_single [Tue Dec 31 14:58:33 2013].

Starting report san_single [Tue Dec 31 14:58:46 2013] ...
End report san_single [Tue Dec 31 14:58:56 2013].

Starting report VOUCHER_HFP_14 [Tue Dec 31 15:01:48 2013] ...
End report VOUCHER_HFP_14 [Tue Dec 31 15:01:59 2013].

Starting report pdc_vouchers [Tue Dec 31 15:08:21 2013] ...
End report pdc_vouchers [Tue Dec 31 15:08:53 2013].

Starting report sub_ledger_14 [Tue Dec 31 17:05:26 2013] ...
End report sub_ledger_14 [Tue Dec 31 17:05:43 2013].

Starting report sub_ledger_14 [Tue Dec 31 17:09:41 2013] ...
End report sub_ledger_14 [Tue Dec 31 17:09:58 2013].

Starting report sub_ledger_14 [Tue Dec 31 17:11:51 2013] ...
End report sub_ledger_14 [Tue Dec 31 17:11:55 2013].

Starting report sub_ledger_14 [Tue Dec 31 17:13:35 2013] ...
End report sub_ledger_14 [Tue Dec 31 17:13:40 2013].

Starting report sub_ledger_14 [Tue Dec 31 17:15:07 2013] ...
End report sub_ledger_14 [Tue Dec 31 17:15:23 2013].

Starting report VOUCHER_HFP_14 [Tue Dec 31 17:31:03 2013] ...
End report VOUCHER_HFP_14 [Tue Dec 31 17:31:06 2013].

Starting report sub_ledger_14 [Tue Dec 31 18:16:30 2013] ...
End report sub_ledger_14 [Tue Dec 31 19:16:38 2013].

Starting report sub_ledger_14 [Tue Dec 31 19:19:17 2013] ...
End report sub_ledger_14 [Tue Dec 31 19:23:39 2013].

Starting report sub_ledger_14 [Tue Dec 31 19:24:02 2013] ...
End report sub_ledger_14 [Tue Dec 31 19:25:51 2013].

Starting report store_ledger_new [Tue Dec 31 22:02:20 2013] ...
End report store_ledger_new [Tue Dec 31 22:03:25 2013].

Starting report daily_atten [Wed Jan 01 11:50:37 2014] ...
ORA-00904: "LATE_IN": invalid identifier
SELECT b . late_in , E . EMPLOYEE_ID , E . NAME || '/' || E . DESIGNATION_ID name , E . DEPARTMENT_ID , B . ATTENDANCE_DATE , TIME , NVL ( B . INOUT , 'A' ) STATUS , b . source , TIME_OUT ( E . EMPLOYEE_ID , : AT_DATE - 1 ) TIME_OUT FROM ( SELECT EMP
End report daily_atten [Wed Jan 01 11:51:01 2014].

Starting report attendance_register [Wed Jan 01 11:51:03 2014] ...
End report attendance_register [Wed Jan 01 11:51:15 2014].

Starting report attendance_detail_register1 [Wed Jan 01 11:51:41 2014] ...
End report attendance_detail_register1 [Wed Jan 01 11:51:51 2014].

Starting report cash_book5 [Wed Jan 01 12:36:14 2014] ...
End report cash_book5 [Wed Jan 01 12:37:07 2014].

Starting report ir [Wed Jan 01 19:54:10 2014] ...
End report ir [Wed Jan 01 19:54:35 2014].

Starting report sub_ledger_14 [Wed Jan 01 20:16:53 2014] ...
End report sub_ledger_14 [Wed Jan 01 20:17:13 2014].

Starting report sub_ledger_14 [Wed Jan 01 20:27:45 2014] ...
End report sub_ledger_14 [Wed Jan 01 20:46:56 2014].

Starting report cash_book5 [Mon Jan 06 00:14:54 2014] ...
End report cash_book5 [Mon Jan 06 00:15:13 2014].

Starting report cash_book5 [Mon Jan 06 00:15:32 2014] ...
End report cash_book5 [Mon Jan 06 00:15:36 2014].

Starting report cash_book5 [Mon Jan 06 00:15:53 2014] ...
End report cash_book5 [Mon Jan 06 00:16:17 2014].

Starting report cash_book5 [Mon Jan 06 00:16:30 2014] ...
End report cash_book5 [Mon Jan 06 00:16:38 2014].

Starting report cash_book5 [Mon Jan 06 00:16:47 2014] ...
End report cash_book5 [Mon Jan 06 00:16:56 2014].

Starting report cash_book5 [Mon Jan 06 00:17:05 2014] ...
End report cash_book5 [Mon Jan 06 00:17:17 2014].

Starting report cash_book5 [Mon Jan 06 00:21:34 2014] ...
End report cash_book5 [Mon Jan 06 00:21:37 2014].

Starting report VOUCHER_HFP_14 [Mon Jan 06 00:23:35 2014] ...
End report VOUCHER_HFP_14 [Mon Jan 06 00:23:39 2014].

Starting report VOUCHER_HFP_14 [Mon Jan 06 00:26:55 2014] ...
End report VOUCHER_HFP_14 [Mon Jan 06 00:26:59 2014].

Starting report VOUCHER_HFP_14 [Mon Jan 06 00:27:01 2014] ...
End report VOUCHER_HFP_14 [Mon Jan 06 00:27:02 2014].

Starting report VOUCHER_HFP_14 [Mon Jan 06 00:27:04 2014] ...
End report VOUCHER_HFP_14 [Mon Jan 06 00:27:06 2014].

Starting report sub_ledger_14 [Mon Jan 06 00:43:34 2014] ...
End report sub_ledger_14 [Mon Jan 06 00:45:21 2014].

Starting report sub_ledger_14 [Mon Jan 06 00:53:06 2014] ...
End report sub_ledger_14 [Mon Jan 06 00:53:20 2014].

Starting report sub_ledger_14 [Mon Jan 06 00:57:11 2014] ...
End report sub_ledger_14 [Mon Jan 06 00:57:26 2014].

Starting report sub_ledger_14 [Mon Jan 06 01:00:26 2014] ...
End report sub_ledger_14 [Mon Jan 06 01:00:36 2014].

Starting report sub_ledger_14 [Mon Jan 06 01:02:16 2014] ...
End report sub_ledger_14 [Mon Jan 06 01:02:21 2014].

Starting report sub_ledger_14 [Mon Jan 06 01:03:34 2014] ...
End report sub_ledger_14 [Mon Jan 06 01:03:43 2014].

Starting report VOUCHER_HFP_14 [Mon Jan 06 01:05:18 2014] ...
End report VOUCHER_HFP_14 [Mon Jan 06 01:05:19 2014].

Starting report sub_ledger_14 [Mon Jan 06 01:05:25 2014] ...
End report sub_ledger_14 [Mon Jan 06 01:05:52 2014].

Starting report VOUCHER_HFP_14 [Mon Jan 06 01:13:04 2014] ...
End report VOUCHER_HFP_14 [Mon Jan 06 01:13:19 2014].

Starting report VOUCHER_HFP_14 [Mon Jan 06 01:14:18 2014] ...
End report VOUCHER_HFP_14 [Mon Jan 06 01:14:28 2014].

Starting report VOUCHER_HFP_14 [Mon Jan 06 01:39:44 2014] ...
End report VOUCHER_HFP_14 [Mon Jan 06 01:39:53 2014].

Starting report sub_ledger_14 [Tue Jan 07 14:44:19 2014] ...
End report sub_ledger_14 [Tue Jan 07 14:45:08 2014].

Starting report pdc_vouchers [Tue Jan 07 15:09:38 2014] ...
End report pdc_vouchers [Tue Jan 07 15:09:53 2014].

Starting report creditor_balances [Tue Jan 07 15:10:10 2014] ...
End report creditor_balances [Tue Jan 07 15:10:12 2014].

Starting report store_pi_consumption0 [Wed Jan 08 15:38:13 2014] ...
REP-0501: Unable to connect to the specified database.
ORA-00000: normal, successful completion

REP-0501: Unable to connect to the specified database.
End report store_pi_consumption0 [Wed Jan 08 15:38:18 2014].

Starting report PR_WITHOUT_AJV [Sun Jan 12 22:26:12 2014] ...
End report PR_WITHOUT_AJV [Sun Jan 12 22:26:28 2014].

Starting report SAN_VS_AJV [Sun Jan 12 22:26:43 2014] ...
End report SAN_VS_AJV [Sun Jan 12 22:26:54 2014].

Starting report GIR_WITHOUT_AJV [Sun Jan 12 22:48:55 2014] ...
End report GIR_WITHOUT_AJV [Sun Jan 12 22:49:10 2014].

Starting report GIR_WITHOUT_AJV [Sun Jan 12 22:49:15 2014] ...
End report GIR_WITHOUT_AJV [Sun Jan 12 22:49:21 2014].

Starting report GIR_WITHOUT_AJV [Sun Jan 12 22:49:27 2014] ...
End report GIR_WITHOUT_AJV [Sun Jan 12 22:49:37 2014].

Starting report GIR_WITHOUT_AJV [Sun Jan 12 22:50:06 2014] ...
End report GIR_WITHOUT_AJV [Sun Jan 12 22:50:09 2014].

Starting report GIR_WITHOUT_AJV [Sun Jan 12 22:50:15 2014] ...
End report GIR_WITHOUT_AJV [Sun Jan 12 22:50:17 2014].

Starting report GIR_WITHOUT_AJV [Sun Jan 12 22:50:22 2014] ...
End report GIR_WITHOUT_AJV [Sun Jan 12 22:50:25 2014].

Starting report GIR_WITHOUT_AJV [Sun Jan 12 22:51:26 2014] ...
End report GIR_WITHOUT_AJV [Sun Jan 12 22:51:28 2014].

Starting report IR_WITHOUT_AJV [Sun Jan 12 22:52:47 2014] ...
End report IR_WITHOUT_AJV [Sun Jan 12 22:53:04 2014].

Starting report IR_WITHOUT_AJV [Sun Jan 12 22:53:07 2014] ...
End report IR_WITHOUT_AJV [Sun Jan 12 22:53:21 2014].

Starting report IR_WITHOUT_AJV [Sun Jan 12 22:53:25 2014] ...
End report IR_WITHOUT_AJV [Sun Jan 12 22:53:41 2014].

Starting report PR_WITHOUT_AJV [Sun Jan 12 22:53:57 2014] ...
End report PR_WITHOUT_AJV [Sun Jan 12 22:54:00 2014].

Starting report SAN_VS_AJV [Sun Jan 12 22:55:42 2014] ...
End report SAN_VS_AJV [Sun Jan 12 22:55:51 2014].

Starting report SAN_VS_AJV [Sun Jan 12 22:55:53 2014] ...
End report SAN_VS_AJV [Sun Jan 12 22:55:59 2014].

Starting report SAN_VS_AJV [Sun Jan 12 22:56:01 2014] ...
End report SAN_VS_AJV [Sun Jan 12 22:56:13 2014].

Starting report sub_trial_new [Sun Jan 19 13:39:44 2014] ...
End report sub_trial_new [Sun Jan 19 13:41:02 2014].

Starting report sub_trial_new [Sun Jan 19 13:41:05 2014] ...
End report sub_trial_new [Sun Jan 19 13:41:32 2014].

Starting report sub_trial_new [Sun Jan 19 13:41:35 2014] ...
End report sub_trial_new [Sun Jan 19 13:41:50 2014].

Starting report sub_trial_new [Sun Jan 19 13:41:59 2014] ...
REP-0099: Report is aborted upon user request.
REP-0098: Report not run - user cancelled in the parameter form.
End report sub_trial_new [Sun Jan 19 13:42:16 2014].

Starting report sub_trial_new [Sun Jan 19 13:42:24 2014] ...
REP-0099: Report is aborted upon user request.
REP-0098: Report not run - user cancelled in the parameter form.
End report sub_trial_new [Sun Jan 19 13:42:27 2014].

Starting report sub_trial_new [Sun Jan 19 13:42:34 2014] ...
REP-0099: Report is aborted upon user request.
REP-0098: Report not run - user cancelled in the parameter form.
End report sub_trial_new [Sun Jan 19 13:42:37 2014].

Starting report sub_trial_new [Sun Jan 19 13:56:13 2014] ...
End report sub_trial_new [Sun Jan 19 13:56:24 2014].

Starting report sub_trial_new [Sun Jan 19 13:56:32 2014] ...
End report sub_trial_new [Sun Jan 19 13:56:39 2014].

Starting report sub_trial_new [Sun Jan 19 13:56:44 2014] ...
End report sub_trial_new [Sun Jan 19 13:56:45 2014].

Starting report sub_trial_new [Sun Jan 19 13:56:49 2014] ...
End report sub_trial_new [Sun Jan 19 13:56:55 2014].

Starting report sub_trial_new [Sun Jan 19 13:56:59 2014] ...
End report sub_trial_new [Sun Jan 19 13:57:03 2014].

Starting report trial [Sun Jan 19 13:57:31 2014] ...
End report trial [Sun Jan 19 13:57:43 2014].

Starting report trial [Sun Jan 19 13:57:46 2014] ...
End report trial [Sun Jan 19 13:57:51 2014].

Starting report trial [Sun Jan 19 13:57:53 2014] ...
End report trial [Sun Jan 19 13:57:56 2014].

Starting report sub_trial_new [Sun Jan 19 13:58:03 2014] ...
End report sub_trial_new [Sun Jan 19 14:00:52 2014].

Starting report sub_trial_new [Sun Jan 19 14:00:56 2014] ...
End report sub_trial_new [Sun Jan 19 14:01:09 2014].

Starting report sub_trial_new [Sun Jan 19 14:01:38 2014] ...
End report sub_trial_new [Sun Jan 19 14:02:15 2014].

Starting report Sc_MAIN_trial [Sun Jan 19 14:42:38 2014] ...
End report Sc_MAIN_trial [Sun Jan 19 14:51:24 2014].

Starting report Sc_MAIN_trial [Sun Jan 19 15:05:38 2014] ...
End report Sc_MAIN_trial [Sun Jan 19 15:06:33 2014].

Starting report Sc_MAIN_trial [Sun Jan 19 15:06:43 2014] ...
End report Sc_MAIN_trial [Sun Jan 19 15:21:26 2014].
