
Connected to: Oracle Database 10g Enterprise Edition Release 10.2.0.1.0 - Production
With the Partitioning, OLAP and Data Mining options

Export file created by EXPORT:V10.02.01 via conventional path
import done in WE8MSWIN1252 character set and AL16UTF16 NCHAR character set
import server uses UTF8 character set (possible charset conversion)
. importing SGS1's objects into SGS1
. . importing table              "AC_BANK_ACCOUNT"
                                                            5 rows imported
. . importing table                        "AC_CB"
                                                           23 rows imported
. . importing table               "AC_CHEQUE_BOOK"
                                                            2 rows imported
. . importing table           "AC_CHEQUE_BOOK_DET"
                                                          106 rows imported
. . importing table                       "AC_COA"
                                                          237 rows imported
. . importing table         "AC_COA_CLOSING_1718A"
                                                          206 rows imported
. . importing table               "AC_COA_OPENING"
                                                           13 rows imported
. . importing table                      "AC_CTRL"
                                                           16 rows imported
. . importing table                 "AC_DAY_CLOSE"
                                                            0 rows imported
. . importing table                    "AC_PARENT"
                                                           12 rows imported
. . importing table                     "AC_SETUP"
                                                           13 rows imported
. . importing table                       "AC_SUB"
                                                           25 rows imported
. . importing table                        "AC_VD"
                                                            0 rows imported
. . importing table                   "AC_VOUCHER"
...
                                                         3525 rows imported
. . importing table           "AC_VOUCHER_DELETED"
                                                           47 rows imported
. . importing table            "AC_VOUCHER_DETAIL"
..........
                                                        10513 rows imported
. . importing table    "AC_VOUCHER_DETAIL_DELETED"
                                                          110 rows imported
. . importing table              "AC_VOUCHER_TYPE"
                                                            3 rows imported
. . importing table       "AC_VOUCHER_TYPE_DETAIL"
                                                            5 rows imported
. . importing table                      "AC_YEAR"
                                                            2 rows imported
. . importing table                "AC_YEAR_CLOSE"
                                                            0 rows imported
. . importing table             "ADM_ACTIVITY_LOG"
                                                            1 rows imported
. . importing table                     "ADM_CITY"
                                                           22 rows imported
. . importing table            "ADM_COMPANY_SETUP"
                                                            1 rows imported
. . importing table                  "ADM_COUNTRY"
                                                            8 rows imported
. . importing table                 "ADM_CURRENCY"
                                                            4 rows imported
. . importing table                "ADM_ERROR_LOG"
                                                          579 rows imported
. . importing table                 "ADM_FIREWALL"
                                                           13 rows imported
. . importing table           "ADM_FRM_RPT_ACCESS"
                                                            3 rows imported
. . importing table       "ADM_FRM_RPT_ACCESS_DET"
                                                           17 rows imported
. . importing table                   "ADM_MODULE"
                                                           23 rows imported
. . importing table                    "ADM_USERS"
                                                            5 rows imported
. . importing table              "ADM_USER_MODULE"
                                                           54 rows imported
. . importing table                 "HR_ALLOWANCE"
                                                            0 rows imported
. . importing table                "HR_ATTENDANCE"
                                                            0 rows imported
. . importing table                "HR_DEPARTMENT"
                                                           26 rows imported
. . importing table               "HR_DESIGNATION"
                                                           82 rows imported
. . importing table                  "HR_EMPLOYEE"
                                                            0 rows imported
. . importing table              "HR_EMPLOYEE_ACC"
                                                            0 rows imported
. . importing table       "HR_EMPLOYEE_DEPT_DESIG"
                                                            0 rows imported
. . importing table               "HR_EMPLOYEE_JD"
                                                            0 rows imported
. . importing table      "HR_EMPLOYEE_LATE_POLICY"
                                                            0 rows imported
. . importing table               "HR_EMPLOYEE_MV"
                                                            0 rows imported
. . importing table             "HR_EMPLOYEE_NOTE"
                                                            0 rows imported
. . importing table            "HR_EMPLOYEE_PHOTO"
                                                            0 rows imported
. . importing table           "HR_EMPLOYEE_SALARY"
                                                            0 rows imported
. . importing table            "HR_EMPLOYEE_SHIFT"
                                                            0 rows imported
. . importing table               "HR_EMP_DISEASE"
                                                            0 rows imported
. . importing table                   "HR_EMP_EXP"
                                                            0 rows imported
. . importing table                   "HR_EMP_FIN"
                                                            0 rows imported
. . importing table               "HR_EMP_FIN_DET"
                                                            0 rows imported
. . importing table                    "HR_EMP_OP"
                                                            0 rows imported
. . importing table         "HR_EMP_QUALIFICATION"
                                                            0 rows imported
. . importing table                   "HR_EMP_REF"
                                                            0 rows imported
. . importing table                        "HR_GH"
                                                            0 rows imported
. . importing table                      "HR_LATE"
                                                            0 rows imported
. . importing table             "HR_LEAVE_BALANCE"
                                                            0 rows imported
. . importing table                      "HR_LOAN"
                                                            0 rows imported
. . importing table                     "HR_MONTH"
                                                            0 rows imported
. . importing table        "HR_MONTHLY_ATTENDANCE"
                                                            0 rows imported
. . importing table                      "HR_REST"
                                                            0 rows imported
. . importing table            "HR_SALARY_ADVANCE"
                                                            0 rows imported
. . importing table             "HR_SALARY_DETAIL"
                                                            0 rows imported
. . importing table                     "HR_SETUP"
                                                            0 rows imported
. . importing table                     "HR_SHIFT"
                                                            4 rows imported
. . importing table           "INV_CLIENT_OPENING"
                                                            0 rows imported
. . importing table              "INV_CLIENT_TEMP"
                                                           17 rows imported
. . importing table            "INV_DELETED_TRANS"
                                                            0 rows imported
. . importing table             "INV_EXPENSE_TYPE"
                                                           30 rows imported
. . importing table                      "INV_IGP"
                                                          324 rows imported
. . importing table               "INV_IGP_DETAIL"
                                                          390 rows imported
. . importing table              "INV_IGP_EXPENSE"
                                                            0 rows imported
. . importing table                       "INV_IR"
.
                                                         1853 rows imported
. . importing table                "INV_IR_DETAIL"
.
                                                         1952 rows imported
. . importing table               "INV_IR_EXPENSE"
                                                            0 rows imported
. . importing table                       "INV_L1"
                                                            2 rows imported
. . importing table                       "INV_L2"
                                                            8 rows imported
. . importing table                       "INV_L3"
                                                           22 rows imported
. . importing table                       "INV_L4"
                                                           30 rows imported
. . importing table                       "INV_L5"
                                                            3 rows imported
. . importing table         "INV_OPENING_QTY_1718"
                                                           48 rows imported
. . importing table                       "INV_PR"
                                                            0 rows imported
. . importing table                "INV_PR_DETAIL"
                                                            0 rows imported
. . importing table                      "INV_SAN"
                                                            0 rows imported
. . importing table                       "INV_SC"
                                                           14 rows imported
. . importing table               "INV_SC_OPENING"
                                                           10 rows imported
. . importing table   "INV_SC_OPENING_1718_BACKUP"
                                                           13 rows imported
. . importing table                 "INV_SC_PHOTO"
                                                            0 rows imported
. . importing table           "INV_SC_RETAIL_RATE"
                                                           33 rows imported
. . importing table                       "INV_SR"
                                                            0 rows imported
. . importing table                "INV_SR_DETAIL"
                                                            0 rows imported
. . importing table                    "INV_STORE"
                                                            0 rows imported
. . importing table               "INV_STORE_RACK"
                                                            0 rows imported
. . importing table            "INV_SUPPLIER_TYPE"
                                                            0 rows imported
. . importing table             "INV_SUPP_STD_QTY"
                                                            0 rows imported
. . importing table                    "INV_TRANS"
....
                                                         4562 rows imported
. . importing table        "INV_TRANS_1718_BACKUP"
........
                                                         8239 rows imported
. . importing table               "INV_TRANS_AZIZ"
                                                           13 rows imported
. . importing table            "INV_TRANS_DELETED"
                                                            0 rows imported
. . importing table               "INV_TRANS_TEMP"
                                                            0 rows imported
. . importing table               "INV_TRIAL_TEMP"
                                                            9 rows imported
. . importing table                      "INV_UOM"
                                                           15 rows imported
. . importing table             "INV_VEHICLE_TYPE"
                                                            3 rows imported
IMP-00041: Warning: object created with compilation warnings
 "CREATE FORCE VIEW "SGS1"."HR_SALARY"                            ("SAL1","SA"
 "L2","SAL3") AS "
 "select to_char(salary_id,'MON-YYYY') AS SAL1,to_char(salary_id,'MON-YYYY') "
 "AS SAL2,SALARY_ID SAL3 FROM SALARY"
 "ORDER BY 3 DESC "
IMP-00041: Warning: object created with compilation warnings
 "CREATE FORCE VIEW "SGS1"."AC_COA_VIEW"                            ("DR_AMOU"
 "NT","CR_AMOUNT","PARENT","SUB","CTRL","MAIN","PARENT_ID","SUB_ID","CTRL_ID""
 ","MAIN_ID","CELL","COA_ID","CUSTOMER_ID","CONTACT_PERSON","CREDIT_DAYS","CU"
 "RRENCY_ID","DESCRIPTION","FDATETIME","NTN","PHONE","STATUS_ID","STN","USER_"
 "ID","VEHICLE_NO","VEHICLE_TYPE","COMPANY","COLOR","CHESIS_NO","ENGINE_NO",""
 "PURCHASE_STATUS","PURCHASE_DATE","PURCHASED_FROM","PARENT_DESC","PARENT_ID_"
 "1","SUB_DESC","SUB_ID_1","CTRL_ID_1","CTRL_DESC","ADDRESS","COA_SEQ","COA_D"
 "ESD","MAIN_ID_1","COA","COA_DESC") AS "
 "SELECT"
 "--M.address,"
 "          ac_coa_opening_dr_dt (m.coa_seq, SYSDATE) dr_amount,"
 "          ac_coa_opening_cr_dt (m.coa_seq, SYSDATE) cr_amount,"
 "          TRANSLATE (TO_CHAR (m.parent_id, '00'), '0 ', '0') PARENT,"
 "          TRANSLATE (   TO_CHAR (m.parent_id, '00')"
 "                     || '-'"
 "                     || TO_CHAR (m.sub_id, '00'),"
 "                     '0 ',"
 "                     '0'"
 "                    ) sub,             ---parent_desc||'-'||sub_desc sub_de"
 "sc,"
 "          TRANSLATE (   TO_CHAR (m.parent_id, '00')"
 "                     || '-'"
 "                     || TO_CHAR (m.sub_id, '00')"
 "                     || '-'"
 "                     || TO_CHAR (m.ctrl_id, '00'),"
 "                     '0 ',"
 "                     '0'"
 "                    ) ctrl,"
 "          "
 "          --- parent_desc||'-'||sub_desc||'-'||ctrl_desc ctrl_desc,"
 "          TRANSLATE (   TO_CHAR (m.parent_id, '00')"
 "                     || '-'"
 "                     || TO_CHAR (m.sub_id, '00')"
 "                     || '-'"
 "                     || TO_CHAR (m.ctrl_id, '00')"
 "                     || '-'"
 "                     || TO_CHAR (m.main_id, '0000'),"
 "                     '0 ',"
 "                     '0'"
 "                    ) main,"
 "          "
 "          --,  parent_desc||'-'||sub_desc||'-'||ctrl_desc||'-'||description"
 " main_desc"
 "          m.parent_id, m.sub_id, m.ctrl_id, m.main_id, m.cell, m.coa_id,"
 "          m.main_id customer_id, m.contact_person, m.credit_days,"
 "          m.currency_id, m.description, m.fdatetime, m.ntn, m.phone,"
 "          m.status_id, m.stn, m.user_id, vehicle_no, vehicle_type, company,"
 "          color, chesis_no, engine_no, purchase_status, purchase_date,"
 "          purchased_from, p.description parent_desc, p.parent_id,"
 "          s.description sub_desc, s.sub_id, c.ctrl_id,"
 "          c.description ctrl_desc, m.address, m.coa_seq,"
 "          m.description coa_desd, m.main_id,"
 "          TRANSLATE (   TO_CHAR (m.parent_id, '00')"
 "                     || '-'"
 "                     || TO_CHAR (m.sub_id, '00')"
 "                     || '-'"
 "                     || TO_CHAR (c.ctrl_id, '00')"
 "                     || '-'"
 "                     || TO_CHAR (m.main_id, '00000'),"
 "                     '0 ',"
 "                     '0'"
 "                    ) coa,"
 "             p.description"
 "          || '-'"
 "          || s.description"
 "          || '-'"
 "          || c.description"
 "          || '-'"
 "          || m.description coa_desc"
 "     FROM ac_parent p, ac_sub s, ac_ctrl c, ac_coa m"
 "    WHERE m.parent_id = p.parent_id(+)"
 "      AND m.parent_id = s.parent_id(+)"
 "      AND m.sub_id = s.sub_id(+)"
 "      AND m.parent_id = c.parent_id(+)"
 "      AND m.sub_id = c.sub_id(+)"
 "      AND m.ctrl_id = c.ctrl_id(+) "
IMP-00041: Warning: object created with compilation warnings
 "CREATE FORCE VIEW "SGS1"."INV_IR_VIEW_FAST"                            ("AJ"
 "V","TRX","IR","PAYMENT","IR_YEARLY_ID","ISU","REC","IR_YEAR","IR_NO","VOUCH"
 "ER_SEQ","IR_AMOUNT","ADD_STN","CUSTOMER_ID","PAYMENT_MODE","IR_TYPE","USER_"
 "ID","IR_ID","IR_DATE","FDATETIME","ISSUED_TO","STATUS_ID","CUSTOMER_NAME",""
 "AUDITED") AS "
 "SELECT "
 "inv_ir_ajv_verify (i.ir_id) ajv, inv_ir_trx_verify (i.ir_id) trx,"
 "i.ir_yearly_id || '/' || i.ir_year ir, i.payment, i.ir_yearly_id,"
 "          isu, rec, i.ir_year ir_year,"
 "          i.ir_yearly_id || '/' || i.ir_year ir_no, i.voucher_seq,"
 "          ird.ir_amount, i.add_stn, i.customer_id, i.payment_mode, i.ir_typ"
 "e,"
 "          i.user_id, i.ir_id, i.ir_date, i.fdatetime, i.issued_to,"
 "          i.status_id, c.description customer_name, 0 audited"
 "     FROM inv_ir i,"
 "          ac_coa c,"
 "          (SELECT   ir_id, ROUND (SUM (rate * issue_qty), 2) ir_amount,"
 "                    SUM (issue_qty) isu, SUM (rec_qty) rec"
 "               FROM inv_ir_detail"
 "           GROUP BY ir_id) ird"
 "    WHERE i.customer_id = c.coa_seq AND i.ir_id = ird.ir_id(+) "
IMP-00041: Warning: object created with compilation warnings
 "CREATE FORCE VIEW "SGS1"."INV_SC_VIEW"                            ("MG","L3"
 "_DESCRIPTION","COA_SEQ","COA","SC_ID","L1","L2","L3","L4","L5","LEVELS","DE"
 "SCRIPTION","SPECIFICATION","UOM_ID","UNIT_ID","RATE","HRATE","STATUS_ID","O"
 "PENING_QTY","BALANCE","AVG_RATE","LAST_PURCHASE_RATE","ITEM_DESCRIPTION","S"
 "C_DESC","SC_CODE") AS "
 "SELECT s.mg, l1 || '-' || l2 || '-' || l3 l3_description, coa_seq, coa,"
 "          s.sc_id, l1, l2, l3, l4, l5, LEVELS, description, SPECIFICATION,"
 "          uom_id, uom_id unit_id, rate, r.hrate, s.status_id,"
 "          inv_opening_qty_date (s.sc_id, '01-jan-2018', 'OK') opening_qty,"
 "          inv_opening_qty_date (s.sc_id, SYSDATE, 'OK') balance,"
 "          ROUND (inv_sc_avg_rate (s.sc_id, SYSDATE, 'OK')) avg_rate,"
 "          ROUND (inv_last_purchase_rate (s.sc_id, SYSDATE, 'OK')"
 "                ) last_purchase_rate,"
 "          LEVELS || ' ' || description || ' '"
 "          || SPECIFICATION item_description,"
 "          LEVELS || ' ' || description || ' ' || SPECIFICATION sc_desc,"
 "          r.sc_id sc_code"
 "     FROM (SELECT sc_id, l1, l2, l3, l4, l5, sc.status_id, mg,"
 "                  CASE"
 "                     WHEN l1 IS NOT NULL"
 "                     AND l2 IS NULL"
 "                     AND l3 IS NULL"
 "                     AND l4 IS NULL"
 "                     AND l5 IS NULL"
 "                        THEN l1"
 "                     WHEN l1 IS NOT NULL"
 "                     AND l2 IS NOT NULL"
 "                     AND l3 IS NULL"
 "                     AND l4 IS NULL"
 "                     AND l5 IS NULL"
 "                        THEN l1 || '-' || l2"
 "                     WHEN l1 IS NOT NULL"
 "                     AND l2 IS NOT NULL"
 "                     AND l3 IS NOT NULL"
 "                     AND l4 IS NULL"
 "                     AND l5 IS NULL"
 "                        THEN l1 || '-' || l2 || '-' || l3"
 "                     WHEN l1 IS NOT NULL"
 "                     AND l2 IS NOT NULL"
 "                     AND l3 IS NOT NULL"
 "                     AND l4 IS NOT NULL"
 "                     AND l5 IS NULL"
 "                        THEN l1 || '-' || l2 || '-' || l3 || '-' || l4"
 "                     WHEN l1 IS NOT NULL"
 "                     AND l2 IS NOT NULL"
 "                     AND l3 IS NOT NULL"
 "                     AND l4 IS NOT NULL"
 "                     AND l5 IS NOT NULL"
 "                        THEN l1 || '-' || l2 || '-' || l3 || '-' || l4 || '"
 "-'"
 "                             || l5"
 "                  END LEVELS,"
 "                  sc.description, SPECIFICATION, uom_id, sc.coa_seq, coa"
 "             FROM inv_sc sc, ac_coa_view c"
 "            WHERE sc.coa_seq = c.coa_seq(+)) s,"
 "          inv_latest_sc_retail_rate_view r"
 "    WHERE s.sc_id = r.sc_id(+) "
IMP-00041: Warning: object created with compilation warnings
 "CREATE FORCE VIEW "SGS1"."AC_CASH_BANK_STS_VIEW"                           "
 " ("PARENT_ID","SUB_ID","CTRL_ID","MAIN_ID","COA_SEQ","COA","SUB_DESC","DESC"
 "RIPTION","BALANCE") AS "
 "SELECT   parent_id, sub_id, ctrl_id, main_id, coa_seq, coa, sub_desc,"
 "            description, AC_coa_opening_dt (coa_seq, SYSDATE) balance"
 "       FROM AC_coa_view"
 "      WHERE parent_id = 5  and sub_id = 6"
 "   ORDER BY parent_id "
IMP-00041: Warning: object created with compilation warnings
 "CREATE FORCE VIEW "SGS1"."AC_VOUCHER_DETAIL_VIEW"                          "
 "  ("PARENT_ID","SUB_ID","CTRL_ID","MAIN_ID","ACCOUNT_NO","RELEASED_BY","REL"
 "EASE_DATETIME","COA_SEQ","SAN_ID","SAN_YEAR","IR_ID","IR_YEAR","RECEIVED_BY"
 "","CPO_TYPE","OUR_CPO","CPO_YEAR","VOUCHER_SUB_TYPE_DESCRIPTION","CHEQUE_ST"
 "ATUS","CANCEL_DATE","CANCEL_REASON","CANCELLED_BY","VOUCHER_SEQ","STATUS",""
 "VOUCHER_CATAGORY","PR_ID","PR_YEAR","GIR_ID","VOUCHER_SUB_TYPE_ID","GIR_YEA"
 "R","VOUCHER_ID","VOUCHER_TYPE_ID","VOUCHER_MONTH_ID","VOUCHER_DATE","VOUCHE"
 "R_NO","USER_ID","FDATETIME","SHORT_VOUCHER_TYPE","CHEQUE_NO","LOAN_ID","LOA"
 "N_TYPE","CHEQUE_DATE","DESCRIPTION","REMARKS","EMPLOYEE_ID","SALARY_ID","ST"
 "ATUS_ID","SALARY_GROUP_ID","VOUCHER_DETAIL_DESC","VOUCHER_DETAIL_ID","ACC","
 ""COA","COA_MAIN_SUB_ID","DR_AMOUNT","CR_AMOUNT","DR_CR_DIFF","ACCT","CHQ",""
 "SUB_ACC_DESC","COA_DESC","ACC_DESC","MAIN_SUB_ACC_DESC","MAIN_ACC_DESC") AS"
 " "
 "SELECT COA.PARENT_ID, COA.SUB_ID, COA.CTRL_ID, COA.MAIN_ID, V.ACCOUNT_NO, v"
 ".released_by, v.release_datetime, vd.coa_seq, v.san_id, v.san_year,"
 "          v.ir_id, v.ir_year, v.received_by, '' cpo_type, '' our_cpo,"
 "          '' cpo_year, '' voucher_sub_type_description, "
 "                                                        --cheque_status (v."
 "cheque_no) cheque_status,"
 "          ' ' cheque_status, v.cancel_date, v.cancel_reason, cancelled_by,"
 "          v.voucher_seq, v.status_id status, vt.catagory voucher_catagory,"
 "          v.pr_id, v.pr_year, v.gir_id, v.voucher_sub_type_id, v.gir_year,"
 "          v.voucher_id, v.voucher_type_id voucher_type_id, v.voucher_month_"
 "id,"
 "          v.voucher_date,"
 "             NVL (v.voucher_sub_type_id, vt.short_name)"
 "          || '/'"
 "          || v.voucher_id"
 "          || '/'"
 "          || vd.voucher_detail_id voucher_no,"
 "          v.user_id, v.fdatetime, vt.short_name short_voucher_type,"
 "          v.cheque_no, v.loan_id, v.loan_type, v.cheque_date, v.description"
 ","
 "          v.remarks, 0 employee_id, v.salary_id, v.status_id,"
 "          v.salary_group_id, vd.description voucher_detail_desc,"
 "          vd.voucher_detail_id, '' acc, coa.coa, '' coa_main_sub_id,"
 "          vd.dr_amount, vd.cr_amount, vd.dr_amount - vd.cr_amount dr_cr_dif"
 "f,"
 "          vd.account_no acct, vd.cheque_no chq, "
 "                                                 -----DRCR,"
 "                                                -- sac.description"
 "          '' sub_acc_desc, coa.description coa_desc, "
 "                                                     --mac.description || '"
 "-' || sac.description || coa.description"
 "          ' ' acc_desc, "
 "                        --mac.description || '-' || sac.description"
 "          ' ' main_sub_acc_desc,"
 "          "
 "          --mac.description"
 "          ' ' main_acc_desc   --, vtd.description voucher_sub_type_descript"
 "ion"
 "     FROM ac_voucher v,"
 "          ac_voucher_detail vd,"
 "          ac_coa_view coa,"
 "          ac_voucher_type vt,"
 "          ---voucher_type_detail vtd,"
 "          inv_ir i"
 "    WHERE v.voucher_seq = vd.voucher_seq"
 "---"
 "      AND v.voucher_type_id = vt.voucher_type_id"
 "---"
 " --     AND v.voucher_type_id = vtd.voucher_type_id(+)"
 "  --    AND v.voucher_sub_type_id = vtd.sub_voucher_type_id(+)"
 "---"
 "      AND v.ir_id = i.ir_id(+)"
 "      AND v.ir_year = i.ir_year(+)"
 "---"
 "      AND vd.coa_seq = coa.coa_seq "
IMP-00041: Warning: object created with compilation warnings
 "CREATE FORCE VIEW "SGS1"."AC_COA_DESC"                            ("COA_MAI"
 "N_ID","COA_SUB_ID","COA_ID","COA_SEQ","COA","DESCRIPTION","MAIN_DESC","SUB_"
 "DESC","CTRL_DESC","MAIN_STATUS","SUB_STATUS","CTRL_STATUS") AS "
 "SELECT 0 coa_main_id, 0 coa_sub_id, 0 coa_id, coa_seq, coa,"
 "          description || '-' || description || '-'"
 "          || description AS description,"
 "          description main_desc, description sub_desc, description ctrl_des"
 "c,"
 "          status_id main_status, status_id sub_status, status_id ctrl_statu"
 "s"
 "     FROM AC_coa_view "
IMP-00041: Warning: object created with compilation warnings
 "CREATE FORCE VIEW "SGS1"."AC_CREDITORS_VIEW"                            ("C"
 "OA_SEQ","MAIN_ID","COA","DESCRIPTION","CONTACT_PERSON","PHONE","CELL","CR","
 ""DR","BALANCE") AS "
 "SELECT coa_seq, main_id, coa, description, contact_person, phone, phone cel"
 "l,"
 "          ac_coa_opening_cr_dt (coa_seq, SYSDATE) cr,"
 "          ac_coa_opening_dr_dt (coa_seq, SYSDATE) dr,"
 "          ac_coa_opening_dt (coa_seq, SYSDATE) balance"
 "     FROM ac_coa_view"
 "    WHERE parent_id = 3 "
IMP-00041: Warning: object created with compilation warnings
 "CREATE FORCE VIEW "SGS1"."AC_DEBITORS_VIEW"                            ("CO"
 "A_SEQ","MAIN_ID","COA","DESCRIPTION","BALANCE","CR","DR") AS "
 "SELECT coa_seq, main_id, coa, description,"
 "          ac_coa_opening_dt (coa_seq, SYSDATE) balance,"
 "          ac_coa_opening_cr_dt (coa_seq, SYSDATE) cr,"
 "          ac_coa_opening_dr_dt (coa_seq, SYSDATE) dr"
 "     FROM ac_coa_view"
 "    WHERE parent_id = 5 AND sub_id = 1 AND ctrl_id = 1 "
IMP-00041: Warning: object created with compilation warnings
 "CREATE FORCE VIEW "SGS1"."HR_ATTENDANCE_VIEW"                            (""
 "GATE_EMPLOYEE_NO","EMPLOYEE_ID","NAME","OT_ALLOWED","ATTENDANCE_DATE","ATTE"
 "NDANCE_MONTH","INTIME","OUTTIME","OT_HOURS","HOURS","OT_MIN","STATUS","ERRO"
 "R","PRESENT","ABSENT","REST","LEAVE","GH","WOP","NOL","LEAVE_TYPE","LEAVE_S"
 "TATUS","ACTIVE_STATUS","LATE","SHIFT_ID") AS "
 "SELECT ALL e.gate_employee_no, a.employee_id, e.NAME, f.ot_allowed,"
 "              a.attendance_date,"
 "              TO_DATE ('01-' || TO_CHAR (a.attendance_date, 'mon-yyyy')"
 "                      ) attendance_month,"
 "              a.intime, a.outtime, a.ot_hours, a.hours,"
 "              number_to_min (a.ot_hours) ot_min, a.status,"
 "              DECODE (a.status, 'E', 1, 0) error,"
 "                DECODE (a.status, 'P', 1, 'CL', 1, 0)"
 "              - DECODE (a.leave_type, 'CL', a.leave_status, 0) present,"
 "              DECODE (a.status, 'A', 1, 0) absent,"
 "              DECODE (a.status, 'R', 1, 0) rest,"
 "              DECODE (a.status, 'CL', 1, 'SL', a.leave_status, 0) leave,"
 "              DECODE (a.status, 'GH', 1, 0) gh,"
 "              DECODE (a.status, 'WOP', a.leave_status, 0) wop,"
 "              DECODE (a.leave_type, 'CL', a.status, 0) nol, a.leave_type,"
 "              a.leave_status, e.status_id active_status, late, shift_id"
 "         FROM hr_attendance a, hr_employee e, hr_emp_latest_fin_view f"
 "        WHERE (a.employee_id = e.employee_id(+) AND e.employee_id = f.emplo"
 "yee_id(+)) "
IMP-00041: Warning: object created with compilation warnings
 "CREATE FORCE VIEW "SGS1"."HR_EMPLOYEE_VIEW"                            ("SE"
 "RVICE_AGE2","AGE2","MUSLIM","CHRISTIAN","HINDU","MALE","FEMALE","MARRIED",""
 "SINGLE","WIDOW","SEPERATED","TEACHER","NON_TEACHER","SERVICE_AGE","AGE","CU"
 "R_COA_MAIN_ID","CUR_COA_SUB_ID","CUR_COA_ID","EMPLOYEE_TYPE","ADVANCE_20TH""
 ","PAGE_NO","COA_MAIN_ID","PROVIDENT_BANK_AC","COA_SUB_ID","COA_ID","BANK_ID"
 "","BANK_ACCOUNT","BANK_CITY_ID","EXPERIENCE","OT_ALLOWED","INCOME_TAX_AMOUN"
 "T","SS_NO","EOBI_NO","BLOOD_GROUP","MARITAL_STATUS","GATE_EMPLOYEE_NO","EMP"
 "LOYEE_ID","NAME","FNAME","ADDRESS1","ADDRESS2","NAMEFNAME","NIC","NID_NO",""
 "RELIGION","SALARY_GROUP","STATUS_ID","DOJ","JOINING_MONTH","DOL","LEAVING_M"
 "ONTH","REFERENCE","ADDRESS","DESIGNATION","DESIGNATION_ID","DEPARTMENT","DE"
 "PARTMENT_ID","ORDER_BY","GROSSSALARY","DOB","CITY_ID","COUNTRY_ID","EMAIL","
 ""BASIC_SALARY","HRENT","HOUSE_RENT","UTILITIE","FIXED_OT","UTILITY","NET_SA"
 "LARY","GROSS_SALARY","DOC","OT_RATE","ABSENT_RATE","ADDTION_ALLOW","DEDUCTA"
 "BLE_LOAN_BALANCE","GENDER","FAMILY_CODE","SALARY_ADVANCE_BALANCE","CELL") A"
 "S "
 "SELECT hr_service_age2 (doj) service_age2, hr_service_age2 (dob) age2,"
 "          DECODE (religion, 'MUSLIM', 1, 0) muslim,"
 "          DECODE (religion, 'CHRISTIAN', 1, 0) christian,"
 "          DECODE (religion, 'HINDU', 1, 0) hindu,"
 "          DECODE (gender, 'MALE', 1, 0) male,"
 "          DECODE (gender, 'FEMALE', 1, 0) female,"
 "          DECODE (marital_status, 'MARRIED', 1, 0) married,"
 "          DECODE (marital_status, 'SINGLE', 1, 0) SINGLE,"
 "          DECODE (marital_status, 'WIDOW', 1, 'WIDOWED', 1, 0) widow,"
 "          DECODE (marital_status, 'SEPERATED', 1, 0) seperated,"
 "          DECODE (dd.designation_id,"
 "                  'TEACHER', 1,"
 "                  'MUSIC TEACHER', 1,"
 "                  'ART TEACHER', 0,"
 "                  'COMPUTER TEACHER', 1,"
 "                  0"
 "                 ) teacher,"
 "          DECODE (dd.designation_id,"
 "                  'TEACHER', 0,"
 "                  'MUSIC TEACHER', 0,"
 "                  'ART TEACHER', 0,"
 "                  'COMPUTER TEACHER', 0,"
 "                  1"
 "                 ) non_teacher,"
 "          hr_service_age (doj) service_age, hr_service_age (dob) age,"
 "          e.cur_coa_main_id, e.cur_coa_sub_id, e.cur_coa_id, e.employee_typ"
 "e,"
 "          e.advance_20th, e.page_no, e.coa_main_id, e.provident_bank_ac,"
 "          e.coa_sub_id, e.coa_id, e.bank_id, e.bank_account, e.bank_city_id"
 ","
 "          e.experience, ef.ot_allowed, e.income_tax_amount, e.ss_no,"
 "          e.eobi_no, e.blood_group, e.marital_status, e.gate_employee_no,"
 "          e.employee_id, e.NAME, e.fname, e.address1, e.address2,"
 "          e.NAME || ' / ' || e.fname namefname, e.nid_no nic, e.nid_no,"
 "          e.religion, ef.salary_group"
 "-- ,e.SEX"
 "          , e.status_id, e.doj, TO_CHAR (doj, 'MON yyyy') joining_month,"
 "          e.dol, TO_CHAR (dol, 'MON yyyy') leaving_month"
 "-- ,e.REMARKS"
 "          , e.REFERENCE, e.address1 || ' ' || address2 address,"
 "          dd.designation_id designation, dd.designation_id,"
 "          dd.department_id department, dd.department_id, --dd.grade, "
 "          d.order_by,"
 "          ef.basic_salary + ef.house_rent + ef.utiltiy grosssalary"
 "-- ,e.PROBATION"
 "-- ,e.MARITALSTATUS"
 "          , e.dob"
 "-- ,e.JOBTYPE"
 "-- ,e.QUALIFICATION"
 "-- ,e.LEDGERCODE"
 "          , e.city_id, e.country_id"
 "-- ,e.TEL"
 "          , e.email, ef.basic_salary, ef.house_rent hrent, ef.house_rent,"
 "          "
 "          ---ef.convy,"
 "          ef.utiltiy utilitie, ef.fixed_ot, ef.utiltiy utility,"
 "          (ef.basic_salary + ef.house_rent + ef.utiltiy) net_salary,"
 "          (  ef.basic_salary"
 "           + ef.house_rent"
 "           + ef.utiltiy"
 "           + ef.fixed_ot                                         ---+ ef.co"
 "nvy"
 "          ) gross_salary,"
 "     --     (SYSDATE - e.doc) service_age, "
 "          doc, ef.ot_rate, ef.absent_rate,"
 "          ef.addtion_allow"
 "-- ,e.EXPERIENCE"
 "--  ,s.salary_id month_id"
 "  ---,'abc' month_id"
 "          ,"
 "          hr_balance_deductable_loan (e.employee_id) deductable_loan_balanc"
 "e,"
 "          e.gender,  e.family_code,"
 "                                            0 salary_advance_balance, 0 cel"
 "l"
 "     FROM hr_employee e,"
 "          hr_emp_latest_dept_desig_view dd,"
 "          hr_emp_latest_fin_view ef,"
 "          hr_department d"
 "    WHERE e.employee_id = dd.employee_id(+)"
 "        AND e.employee_id = ef.employee_id(+)"
 "      AND dd.department_id = d.department_id(+) "
IMP-00041: Warning: object created with compilation warnings
 "CREATE FORCE VIEW "SGS1"."INV_PR_DETAIL_VIEW"                            (""
 "SUPPLIER_ID","FDATETIME","PR_DATE","PR_ID","PR_YEAR","PR_YEARLY_ID","REMARK"
 "S","STATUS_ID","USER_ID","VOUCHER_SEQ","RETURN_QTY","IGP_DETAIL_ID","PR_DET"
 "AIL_ID","RATE","SC_ID","ITEM_STATUS","AMOUNT","AVG_RATE","BALANCE","COA","C"
 "OA_SEQ","DESCRIPTION","ITEM_DESCRIPTION","L1","L2","L3","L4","L5","LAST_PUR"
 "CHASE_RATE","LEVELS","SC_CODE","SC_DESC","SPECIFICATION","UNIT_ID","UOM_ID""
 ","SUPPLIER_NAME","PR","REASON") AS "
 "SELECT p.supplier_id, p.fdatetime, p.pr_date, p.pr_id, p.pr_year,"
 "          p.pr_yearly_id, p.remarks, p.status_id, p.user_id, p.voucher_seq,"
 "          pd.return_qty, pd.igp_detail_id, pd.pr_detail_id, pd.rate, pd.sc_"
 "id,"
 "          pd.item_status item_status, pd.rate * pd.return_qty amount,"
 "          s.avg_rate, s.balance, s.coa, s.coa_seq, s.description,"
 "          s.item_description, s.l1, s.l2, s.l3, s.l4, s.l5,"
 "          s.last_purchase_rate, s.LEVELS, s.sc_code, s.sc_desc,"
 "          s.SPECIFICATION, s.unit_id, s.uom_id, c.description supplier_name"
 ","
 "          p.pr_yearly_id || '/' || p.pr_year pr, pd.reason"
 "     FROM inv_pr p, inv_pr_detail pd, inv_sc_view s, ac_coa_view c"
 "    WHERE p.pr_id = pd.pr_id(+) AND pd.sc_id = s.sc_id(+)"
 "          AND p.supplier_id = c.coa_seq(+) "
IMP-00041: Warning: object created with compilation warnings
 "CREATE FORCE VIEW "SGS1"."AC_VOUCHER_DET"                            ("ACCO"
 "UNT_NO","SAN_ID","SAN_YEAR","PR_ID","PR_YEAR","IR_ID","IR_YEAR","GIR_ID","G"
 "IR_YEAR","CANCEL_DATE","CANCELLED_BY","CANCEL_REASON","FDATETIME","VOUCHER_"
 "SEQ","VOUCHER_SUB_TYPE_ID","STATUS","SHORT_VOUCHER_TYPE","VOUCHER_TYPE_ID","
 ""VOUCHER_MONTH_ID","VOUCHER","VOUCHER2","VOUCHER_DATE","VOUCHER_ID","CHEQUE"
 "_NO","DESCRIPTION","REMARKS","SALARY_ID","EMPLOYEE_ID","DR_AMOUNT","CR_AMOU"
 "NT","CPO_TYPE","OUR_CPO","CPO_YEAR","CPO") AS "
 "SELECT   V.ACCOUNT_NO, v.san_id, v.san_year, v.pr_id, v.pr_year, v.ir_id, v"
 ".ir_year,"
 "            v.gir_id, v.gir_year, v.cancel_date, v.cancelled_by,"
 "            v.cancel_reason, v.fdatetime, v.voucher_seq,"
 "            v.voucher_sub_type_id, v.status, v.short_voucher_type,"
 "            v.voucher_type_id, v.voucher_month_id,"
 "               v.short_voucher_type"
 "            || '/'"
 "            || v.voucher_id"
 "            || '/'"
 "            || TO_CHAR (v.voucher_month_id, 'YYYY') voucher,"
 "            v.short_voucher_type || '/' || v.voucher_id voucher2,"
 "            v.voucher_date, v.voucher_id, v.cheque_no, v.description, remar"
 "ks,"
 "            v.salary_id, v.employee_id, SUM (v.dr_amount) dr_amount,"
 "            SUM (v.cr_amount) cr_amount, v.cpo_type, v.our_cpo, v.cpo_year,"
 "            v.cpo_type || '/' || v.our_cpo || '/' || v.cpo_year cpo"
 "       FROM AC_voucher_detail_view v"
 "   GROUP BY v.san_id,"
 "            v.san_year,"
 "            v.pr_id,"
 "            v.pr_year,"
 "            v.ir_id,"
 "            v.ir_year,"
 "            v.gir_id,"
 "            v.gir_year,"
 "            v.fdatetime,"
 "            v.voucher_seq,"
 "            v.voucher_type_id,"
 "            v.status,"
 "            v.short_voucher_type,"
 "            v.voucher_sub_type_id,"
 "            v.voucher_month_id,"
 "            v.voucher_date,"
 "            v.voucher_id,"
 "            v.cheque_no,"
 "            v.description,"
 "            v.remarks,"
 "            v.salary_id,"
 "            v.employee_id,"
 "            v.cancelled_by,"
 "            v.cancel_reason,"
 "            v.cancel_date,"
 "            v.cpo_type,"
 "            v.cpo_year,"
 "            v.our_cpo,"
 "            V.ACCOUNT_NO "
IMP-00041: Warning: object created with compilation warnings
 "CREATE FORCE VIEW "SGS1"."INV_IGP_DETAIL_VIEW"                            ("
 ""ISSUE_QTY","SAN_ID","SAN_YEAR","VOUCHER_SEQ","PAYMENT_MODE","SAN","STORE_C"
 "ODE","ITEM_DESCRIPTION","UNIT_ID","UOM_ID","ITEM_REMARKS","RATE","SUPP_QTY""
 ","SHORT_QTY","AMOUNT","SC_ID","STATUS_NAME","IGP_ID","IGP_YEAR","IGP","IGP_"
 "DATE","IGP_TYPE","REMARKS","VEHICLE_TYPE","VEHICLE_NO","TAKEN_IN_BY","STATU"
 "S_ID","FDATETIME","TAKEN_IN_DATETIME","IGP_DETAIL_ID","REJECT_QTY","ACCEPTE"
 "D_QTY","SUPPLIER_ID","SUPPLIER_NAME","CURRENCY","CURRENCY_RATE","GST") AS "
 "SELECT igd.issue_qty, san.san_id, san.san_year, i.voucher_seq,"
 "          i.payment_mode,"
 "          CASE"
 "             WHEN san.san_id IS NOT NULL"
 "                THEN san.san_id || '/' || san.san_year"
 "             ELSE NULL"
 "          END san,"
 "          sc.sc_id store_code, sc.description item_description,"
 "          sc.uom_id unit_id, sc.uom_id, igd.remarks item_remarks,"
 "          NVL (igd.rate, 0) rate, igd.supp_qty, igd.short_qty,"
 "            NVL (igd.rate, 0)"
 "          * DECODE (igd.rate,"
 "                    NULL, igd.supp_qty,"
 "                    igd.supp_qty - igd.short_qty - igd.reject_qty"
 "                   ) amount,"
 "          "
 "          --     pdv.rate_status po_det_rate_status,"
 "                                                   -- pdv.ygp,"
 "          igd.sc_id, i.status_id status_name, i.igp_id, i.igp_year,"
 "          i.igp_id || '/' || i.igp_year igp, i.igp_date, i.igp_type,"
 "          "
 "          --  i.supplier, i.payment_status, i.bill_or_voucher_no,"
 "            --i.bill_or_voucher_date,"
 ""
 "          --i.po_id || '/' || i.po_year || '/' || igd.po_detail_id po_no,"
 "          i.remarks, i.vehicle_type, i.vehicle_no, i.taken_in_by,"
 "                                                                 -- i.freig"
 "ht,"
 "                                                                 --  i.octr"
 "oi,"
 "                                                                 i.status_i"
 "d,"
 "          i.fdatetime,                                        --i.employee_"
 "id,"
 "                      i.taken_in_datetime, igd.igp_detail_id,"
 "                                                             ---- igd.item_"
 "description,"
 "                                                                      --   "
 " NVL (pdv.unit_id, igd.unit_id) unit_id,"
 "                                                                      --igd"
 ".supp_qty, igd.short_qty,"
 "                                                             igd.reject_qty"
 ","
 "          igd.supp_qty - igd.short_qty - igd.reject_qty accepted_qty,"
 "          "
 "                --  igd.breakage, igd.remarks item_remarks, igd.ogp_id, igd"
 ".ogp_year,"
 "              --    igd.ogp_detail_id,"
 "               --   igd.ogp_id || '/' || igd.ogp_year || '/'          || ig"
 "d.ogp_detail_id ogp_no,"
 "          --    pdv.po_date,               -- igd.ogp_id || '/' || igd.ogp_"
 "year ogp,"
 "                          ----pdv.SUPPLIER_ID        ,"
 "          i.supplier_id,           --pd.po_quantity,               --pdv.ra"
 "te,"
 "                        --  pdv.amount,"
 "                        sup.description supplier_name, sup.currency,"
 "          i.currency_rate, i.gst"
 "     FROM inv_igp i,"
 "          inv_igp_detail igd,"
 "          ac_coa sup,"
 "          inv_san san,"
 "          inv_sc_view sc"
 "    WHERE (i.igp_id = igd.igp_id)"
 "      AND igd.sc_id = sc.sc_id"
 "---"
 "      AND (i.supplier_id = sup.coa_seq(+))"
 "---"
 "      AND i.igp_id = san.igp_id(+)"
 "      AND i.igp_year = san.igp_year(+) "
IMP-00041: Warning: object created with compilation warnings
 "CREATE FORCE VIEW "SGS1"."INV_SC_DESC"                            ("DESCRIP"
 "TION","SC_DESC","SC_CODE","SC_ID","UOM_ID") AS "
 "SELECT LEVELS description, item_description sc_desc, sc_id sc_code, sc_id,"
 "          uom_id"
 "     FROM inv_sc_view "
IMP-00041: Warning: object created with compilation warnings
 "CREATE FORCE VIEW "SGS1"."INV_TRANS_SC_VIEW"                            ("S"
 "C_ID","YEAR","OPENING","UNIT_ID","UOM_ID","ISSUE_QTY","REC_QTY","TRANS","CL"
 "OSING_QTY") AS "
 "SELECT   o.sc_id, o.oyear YEAR, o.oqty opening,"
 "                                                  --s.store_code, s.sc_desc"
 ","
 "                                                  uom_id unit_id, uom_id,"
 "            NVL (SUM (t.issue_qty), 0) issue_qty,"
 "            NVL (SUM (t.rec_qty), 0) rec_qty, COUNT (*) trans,"
 "              NVL (o.oqty, 0)"
 "            + NVL (SUM (t.rec_qty), 0)"
 "            - NVL (SUM (t.issue_qty), 0) closing_qty"
 "       FROM inv_sc_opening o, inv_sc_view s, inv_trans t"
 "      WHERE o.sc_id = s.sc_id"
 "        AND o.sc_id = t.sc_id"
 "        AND o.oyear = ac_fisical_year (ac_fisical_year_st_date (t.trans_yea"
 "r(+)))"
 "   GROUP BY o.sc_id, o.oyear, o.oqty,"
 "                                     --   s.store_code,"
 "                                      --  s.sc_desc,"
 "                                     uom_id,"
 "                                            --   s.cat,"
 "                                            s.sc_id "
IMP-00041: Warning: object created with compilation warnings
 "CREATE FORCE VIEW "SGS1"."INV_IR_DETAIL_VIEW"                            (""
 "VOUCHER_SEQ","RETURNABLE","MG","SHORT_ISSUE_DESC","IR_REMARKS","SHORT_REC_D"
 "ESC","RETURNED_QTY","PAYMENT","REC_QTY","L1","L2","L3","L4","L5","REC_SC_ID"
 "","REC_L1","REC_L2","REC_L3","REC_L4","REC_L5","BAL_QTY","IR","IR_YEARLY_ID"
 "","IR_ID","TRANS_ISSUE_RATE","ADD_STN","CUSTOMER_ID","STN","RATE","AMOUNT","
 ""COST","PROFIT","UOM_ID","UNIT_ID","IR_TYPE","PAYMENT_MODE","USER_ID","IR_D"
 "ATE","FDATETIME","ISSUED_TO","STATUS_ID","IR_DETAIL_ID","SC_ID","ISSUE_QTY""
 ","SC_DESC","DESCRIPTION","SC_DESCRIPTION","ADDRESS","CELL","CONTACT_PERSON""
 ","CREDIT_DAYS","CURRENCY_ID","CUSTOMER","NTN_NO","PHONE","STN_NO") AS "
 "SELECT i.voucher_seq, ird.returnable, scv.mg, scv.l2 || '-' || scv.l4 short"
 "_issue_desc,"
 "          i.remarks ir_remarks, scv1.l2 || '-' || scv1.l4 short_rec_desc,"
 "          inv_sale_return_qty (ird.ir_detail_id) returned_qty, i.payment,"
 "          ird.rec_qty, scv.l1, scv.l2, scv.l3, scv.l4, scv.l5,"
 "          inv_empty_sc (ird.sc_id) rec_sc_id, scv1.l1 rec_l1, scv1.l2 rec_l"
 "2,"
 "          scv1.l3 rec_l3, scv1.l4 rec_l4, scv1.l5 rec_l5,"
 "          ird.issue_qty - inv_sale_return_qty (ird.ir_detail_id) bal_qty,"
 "          i.ir_yearly_id || '/' || i.ir_year ir, i.ir_yearly_id, i.ir_id,"
 "          t.issue_value / t.issue_qty trans_issue_rate,"
 "          CASE"
 "             WHEN i.add_stn IS NOT NULL"
 "                THEN (ird.rate * ird.issue_qty) * 0.02"
 "             ELSE 0"
 "          END add_stn,"
 "          i.customer_id, (ird.rate * ird.issue_qty) * 0.17 stn, ird.rate,"
 "          ird.rate * ird.issue_qty amount,"
 "          inv_sc_avg_rate (ird.sc_id, ir_date, 'OK') * ird.issue_qty COST,"
 "            (ird.rate * ird.issue_qty)"
 "          - (inv_sc_avg_rate (ird.sc_id, ir_date, 'OK') * ird.issue_qty)"
 "                                                                       prof"
 "it,"
 "          scv.uom_id, scv.uom_id unit_id, i.ir_type, i.payment_mode,"
 "          i.user_id, i.ir_date, i.fdatetime, i.issued_to, i.status_id,"
 "          ird.ir_detail_id, ird.sc_id, ird.issue_qty, scv.description sc_de"
 "sc,"
 "          scv.description, scv.item_description sc_description, c.address,"
 "          c.cell, c.contact_person, c.credit_days, c.currency_id,"
 "          c.description customer, c.ntn ntn_no, c.phone, c.stn stn_no"
 "     FROM inv_ir_detail ird,"
 "          inv_sc_view scv,"
 "          inv_sc_view scv1,"
 "          inv_ir i,"
 "          ac_coa c,"
 "          inv_trans t"
 "    WHERE ird.sc_id = scv.sc_id(+)"
 "      AND inv_empty_sc (ird.sc_id) = scv1.sc_id(+)"
 "      AND ird.ir_id = i.ir_id(+)"
 "      ---"
 "      AND i.customer_id = c.coa_seq(+)"
 "      ---"
 "      AND ird.ir_detail_id = t.ir_detail_id(+) "
IMP-00041: Warning: object created with compilation warnings
 "CREATE FORCE VIEW "SGS1"."INV_SC_L3_VIEW"                            ("L1","
 ""L2","L3","DESCRIPTION","BALANCE") AS "
 "SELECT   l1, l2, l3, l1 || '-' || l2 || '-' || l3 description,"
 "            SUM (balance) balance"
 "       FROM inv_sc_view"
 "   GROUP BY l1, l2, l3 "
IMP-00041: Warning: object created with compilation warnings
 "CREATE FORCE VIEW "SGS1"."INV_TRIAL_TEMP_VIEW"                            ("
 ""L1","L2","L3","CLOSING_QTY","CLOSING_VALUE","ISSUE_QTY","ISSUE_VALUE","ITE"
 "M_DESCRIPTION","OPENING_QTY","OPENING_VALUE","REC_QTY","REC_VALUE","SC_ID","
 ""UOM_ID") AS "
 "SELECT s.l1, s.l2, s.l3, t.closing_qty, t.closing_value, t.issue_qty,"
 "          t.issue_value, t.item_description, t.opening_qty, t.opening_value"
 ","
 "          t.rec_qty, t.rec_value, t.sc_id, t.uom_id"
 "     FROM inv_trial_temp t, inv_sc_view s"
 "    WHERE t.sc_id = s.sc_id "
IMP-00041: Warning: object created with compilation warnings
 "CREATE FORCE VIEW "SGS1"."INV_PR_VIEW"                            ("AMOUNT""
 ","QTY","SUPPLIER_ID","FDATETIME","PR_DATE","PR_ID","PR_YEAR","PR_YEARLY_ID""
 ","REMARKS","STATUS_ID","USER_ID","VOUCHER_SEQ","SUPPLIER_NAME","PR") AS "
 "SELECT   SUM (i.amount) amount, SUM (i.return_qty) qty, i.supplier_id,"
 "            i.fdatetime, i.pr_date, i.pr_id, i.pr_year, i.pr_yearly_id,"
 "            i.remarks, i.status_id, i.user_id, i.voucher_seq, i.supplier_na"
 "me,"
 "            i.pr"
 "       FROM inv_pr_detail_view i"
 "   GROUP BY i.supplier_id,"
 "            i.fdatetime,"
 "            i.pr_date,"
 "            i.pr_id,"
 "            i.pr_year,"
 "            i.pr_yearly_id,"
 "            i.remarks,"
 "            i.status_id,"
 "            i.user_id,"
 "            i.voucher_seq,"
 "            i.supplier_name,"
 "            i.pr "
IMP-00041: Warning: object created with compilation warnings
 "CREATE FORCE VIEW "SGS1"."INV_TRIAL_L3"                            ("DESCRI"
 "PTION","OPENING_QTY","ISSUE","RECEIVE","CLOSING_QTY") AS "
 "select s.l1||'-'||s.l2||'-'||s.l3 description, s.opening_qty opening_qty, s"
 "um(issue_qty) issue, sum(rec_qty) receive,"
 "s.OPENING_qty -  sum(issue_qty) + sum(rec_qty) closing_qty "
 "from inv_trans_view t,"
 "     (select l1, l2, l3, sum(opening_qty) opening_qty from inv_sc_view grou"
 "p by l1,l2,l3)  s"
 "where t.l1 = s.l1 and t.l2 = s.l2 and t.l3 = s.l3      "
 "group by s.l1, s.l2, s.l3, s.opening_qty "
IMP-00041: Warning: object created with compilation warnings
 "CREATE FORCE VIEW "SGS1"."INV_TRIAL_L3_MONTHLY"                            "
 "("MONTH_ID","DESCRIPTION","OPENING_QTY","ISSUE","RECEIVE","CLOSING_QTY") AS"
 " "
 "select trunc(trans_date,'month') month_id, s.l1||'-'||s.l2||'-'||s.l3 descr"
 "iption, s.opening_qty opening_qty, sum(issue_qty) issue, sum(rec_qty) recei"
 "ve,"
 "s.OPENING_qty -  sum(issue_qty) + sum(rec_qty) closing_qty "
 "from inv_trans_view t,"
 "     (select l1, l2, l3, sum(opening_qty) opening_qty from inv_sc_view grou"
 "p by l1,l2,l3)  s"
 "where t.l1 = s.l1 and t.l2 = s.l2 and t.l3 = s.l3      "
 "group by s.l1, s.l2, s.l3, s.opening_qty,trunc(trans_date,'month') "
IMP-00041: Warning: object created with compilation warnings
 "CREATE FORCE VIEW "SGS1"."INV_TRANS_VIEW"                            ("RETU"
 "RNABLE","AMOUNT","IR_REMARKS","MIS_REF","MIS_REF2","PAYMENT_MODE","PAYMENT""
 ","L3_DESCRIPTION","ITEM_STATUS","TRANS_ID","TRANS_YEAR","TRANS_DATE","L1",""
 "L2","L3","L4","L5","CLIENT_COA_SEQ","CLIENT_DESCRIPTION","ECR_ID","ECR_DETA"
 "IL_ID","ECI_ID","ECI_DETAIL_ID","IR_ORDER_INFO","MONTH","TRANS_MONTH","PERI"
 "OD","TRANS_TYPE","IGP_ID","IGP_DETAIL_ID","IR_ID","IR_DETAIL_ID","IR_TYPE","
 ""IGP_NO","IR_NO","REMARKS","STATUS_ID","FDATETIME","USER_ID","ISSUE_QTY","I"
 "SSUE_VALUE","REC_QTY","REC_VALUE","SC_CODE","STORE_CODE","ITEM_DESCRIPTION""
 ","TO_FROM","SC_ID","ISSUED_TO") AS "
 "SELECT idv.returnable, idv.amount, idv.ir_remarks, mis_ref,"
 "          CASE"
 "             WHEN mis_ref IS NULL"
 "                THEN trans_type || '#' || NVL (eci_id, ecr_id)"
 "             ELSE mis_ref"
 "          END mis_ref2,"
 "          DECODE (trans_type,"
 "                  'IR', idv.payment_mode,"
 "                  'ECR', '-',"
 "                  'ECi', '-',"
 "                  'IGP', g.payment_mode,"
 "                  '-'"
 "                 ) payment_mode,"
 "          DECODE (trans_type,"
 "                  'IR', idv.payment,"
 "                  'ECR', 0,"
 "                  'ECR', 0,"
 "                  'IGP', 0,"
 "                  0"
 "                 ) payment,"
 "          sc.l3_description, t.item_status, t.trans_id, t.trans_year,"
 "          t.trans_date, sc.l1, sc.l2, sc.l3, sc.l4, sc.l5, t.client_coa_seq"
 ","
 "          coa.description client_description, ecr_id, ecr_detail_id, eci_id"
 ","
 "          eci_detail_id, NULL ir_order_info,"
 "          TO_CHAR (t.trans_date, 'MON YYYY') MONTH,"
 "          TO_CHAR (t.trans_date, 'YYYYMM') trans_month,"
 "          TO_DATE ('01-' || TO_CHAR (t.trans_date, 'MON-YYYY')) period,"
 "          t.trans_type, t.igp_id, t.igp_detail_id, t.ir_id, t.ir_detail_id,"
 "          idv.ir_type,                             -- idv.voucher_seq ir_vs"
 "eq,"
 "                      --  idv.voucher ir_voucher,"
 "                      t.igp_id || '/' || t.igp_detail_id igp_no,"
 "          t.ir_id || '/' || t.ir_detail_id ir_no, t.remarks, t.status_id,"
 "          t.fdatetime, t.user_id, t.issue_qty, t.issue_value, t.rec_qty,"
 "          t.rec_value,                                     -- t.department_"
 "id,"
 "                      sc.sc_id sc_code, sc.sc_id store_code,"
 "          DECODE (trans_type,"
 "                  'GIR', g.item_description,"
 "                  'IR', idv.sc_desc,"
 "                  'ECR', sc.description,"
 "                  'ECR', sc.description,"
 "                  'IGP', sc.description,"
 "                  sc.item_description"
 "                 ) item_description,"
 "          DECODE (trans_type,"
 "                  'GIR', g.item_description,"
 "                  'IGP', g.supplier_name,"
 "                  'IR', idv.customer,"
 "                  'ECR', coa.description,"
 "                  'ECI', coa.description"
 "                 ) to_from,"
 "          t.sc_id, idv.issued_to"
 "     FROM inv_trans t,"
 "          inv_igp_detail_view g,"
 "          inv_ir_detail_view idv,"
 "          inv_sc_view sc,"
 "          ac_coa_view coa"
 "--- PRODUCTION.JOB_CARD_VIEW J"
 "   WHERE  (t.igp_id = g.igp_id(+) AND t.igp_detail_id = g.igp_detail_id(+))"
 "      AND (t.ir_id = idv.ir_id(+) AND t.ir_detail_id = idv.ir_detail_id(+))"
 "---"
 "      AND t.sc_id = sc.sc_id"
 "---"
 "      AND t.client_coa_seq = coa.coa_seq(+) "
IMP-00041: Warning: object created with compilation warnings
 "CREATE FORCE VIEW "SGS1"."AC_CHEQUE_BOOK_DETAIL_VIEW"                      "
 "      ("ACCOUNT","ACCOUNT_TYPE","CHEQUE_BOOK_STATUS","CHEQUE_BOOK_NO","CHEQ"
 "UE_NO","VOUCHER","VOUCHER_SEQ","VOUCHER_DATE","DESCRIPTION","VOUCHER_STATUS"
 "","DR_AMOUNT","CHQ_STATUS") AS "
 "SELECT b.ACCOUNT, b.account_type, b.status_id cheque_book_status,"
 "          c.cheque_book_no, c.cheque_no, v.voucher, v.voucher_seq,"
 "          v.voucher_date, v.description, v.status voucher_status, v.dr_amou"
 "nt,"
 "          c.status_id chq_status"
 "     FROM ac_cheque_book_det c, ac_voucher_det v, ac_cheque_book b"
 "    WHERE TO_CHAR (c.cheque_no) = v.cheque_no(+)"
 "          AND C.ACCOUNT = V.ACCOUNT_NO(+)"
 "          AND b.cheque_book_no = c.cheque_book_no"
 "--and cheque_book_no = 2;;;;;;;;; "
IMP-00041: Warning: object created with compilation warnings
 "CREATE FORCE VIEW "SGS1"."INV_IGP_VIEW"                            ("IGP",""
 "GST","CURRENCY","ISSUE_QTY","ACCEPTED_QTY","IGP_YEARLY_ID","BILL_DATE","VOU"
 "CHER_SEQ","PAYMENT_MODE","AMOUNT","BILL_NO","FDATETIME","IGP_DATE","IGP_ID""
 ","IGP_TYPE","IGP_YEAR","PAYMENT_STATUS","REMARKS","STATUS_ID","SUPPLIER_ID""
 ","SUPPLIER","TAKEN_IN_BY","TAKEN_IN_DATETIME","USER_ID","VEHICLE_NO","VEHIC"
 "LE_TYPE","PURCHASER_COA_SEQ") AS "
 "SELECT i.igp_yearly_id || '/' || i.igp_year igp, gst, s.currency,"
 "          issue_qty, accepted_qty, i.igp_yearly_id, i.bill_date,"
 "          i.voucher_seq, i.payment_mode, igd.amount, i.bill_no, i.fdatetime"
 ","
 "          i.igp_date, i.igp_id, i.igp_type, i.igp_year, i.payment_status,"
 "          i.remarks, i.status_id, i.supplier_id, s.description supplier,"
 "          i.taken_in_by, i.taken_in_datetime, i.user_id, i.vehicle_no,"
 "          i.vehicle_type, i.purchaser_coa_seq"
 "     FROM inv_igp i,"
 "          ac_coa s,"
 "          (SELECT   SUM (amount) amount, SUM (issue_qty) issue_qty,"
 "                    SUM (accepted_qty) accepted_qty, igp_id, igp_year"
 "               FROM inv_igp_detail_view"
 "           GROUP BY igp_id, igp_year) igd"
 "    WHERE i.supplier_id = s.coa_seq(+) AND i.igp_id = igd.igp_id(+)"
 "          AND i.igp_year = igd.igp_year(+) "
IMP-00041: Warning: object created with compilation warnings
 "CREATE FORCE VIEW "SGS1"."INV_IR_VIEW"                            ("AJV","T"
 "RX","IR","PAYMENT","IR_YEARLY_ID","CASH_COA_SEQ","ISU","REC","IR_1","IR_NO""
 ","VOUCHER_SEQ","IR_STN","IR_ADD_STN","IR_AMOUNT","IR_COST","ADD_STN","CUSTO"
 "MER_ID","STN","PAYMENT_MODE","IR_TYPE","USER_ID","IR_ID","IR_YEAR","IR_DATE"
 "","FDATETIME","ISSUED_TO","STATUS_ID","ADDRESS","CELL","CONTACT_PERSON","CR"
 "EDIT_DAYS","CURRENCY_ID","CUSTOMER_NAME","NTN_NO","PHONE","STN_NO","IR_PROF"
 "IT","REMARKS","AUDITED") AS "
 "SELECT inv_ir_ajv_verify (i.ir_id) ajv, inv_ir_trx_verify (i.ir_id) trx,"
 "          i.ir_yearly_id || '/' || i.ir_year ir, i.payment, i.ir_yearly_id,"
 "          cash_coa_seq, isu, rec, i.ir_year ir,"
 "          i.ir_yearly_id || '/' || i.ir_year ir_no, i.voucher_seq, ird.ir_s"
 "tn,"
 "          ird.ir_add_stn, ird.ir_amount, ird.ir_cost, i.add_stn,"
 "          i.customer_id, i.stn, i.payment_mode, i.ir_type, i.user_id, i.ir_"
 "id,"
 "          i.ir_year, i.ir_date, i.fdatetime, i.issued_to, i.status_id,"
 "          c.address, c.cell, c.contact_person, c.credit_days, c.currency_id"
 ","
 "          c.description customer_name, c.ntn ntn_no, c.phone, c.stn stn_no,"
 "          ir_profit, i.remarks, 0 audited"
 "     FROM inv_ir i,"
 "          ac_coa c,"
 "          (SELECT   ir_id, ROUND (SUM (NVL (amount, 0)), 2) ir_amount,"
 "                    ROUND (SUM (NVL (COST, 0)), 2) ir_cost,"
 "                    ROUND (SUM (NVL (profit, 0)), 2) ir_profit,"
 "                    ROUND (SUM (NVL (stn, 0)), 2) ir_stn,"
 "                    ROUND (SUM (NVL (add_stn, 2)), 2) ir_add_stn,"
 "                    SUM (issue_qty) isu, SUM (rec_qty) rec"
 "               FROM inv_ir_detail_view"
 "           GROUP BY ir_id) ird"
 "    WHERE i.customer_id = c.coa_seq AND i.ir_id = ird.ir_id(+) "
IMP-00041: Warning: object created with compilation warnings
 "CREATE FORCE VIEW "SGS1"."INV_TRANS_AZIZ_VIEW"                            ("
 ""AVG_RATE","CLOSING_QTY","CLOSING_VALUE","COUNTER","CPO_YEAR","ITEM_STATUS""
 ","DEPARTMENT_ID","FDATETIME","FGRR_ID","FGRR_YEAR","FRR_DETAIL_ID","FRR_ID""
 ","FRR_YEAR","GIR_DETAIL_ID","GIR_ID","GIR_YEAR","IR_DETAIL_ID","IR_ID","IR_"
 "YEAR","ISSUE_QTY","ISSUE_VALUE","ITEM_DESCRIPTION","OPENING_QTY","OPENING_V"
 "ALUE","OUR_CPO","REC_QTY","REC_VALUE","SC_FINISH_ID","SC_ID","STATUS_ID","T"
 "RANS_DATE","TRANS_ID","TRANS_TYPE","TRANS_YEAR","USER_ID","TRANS","IR","GIR"
 "","DOC_NO","REMARKS") AS "
 "SELECT t.avg_rate, t.closing_qty, t.closing_value, t.counter, t.cpo_year,"
 "          t.item_status, t.department_id, t.fdatetime, t.fgrr_id, t.fgrr_ye"
 "ar,"
 "          t.frr_detail_id, t.frr_id, t.frr_year, t.gir_detail_id, t.gir_id,"
 "          t.gir_year, t.ir_detail_id, t.ir_id, t.ir_year, t.issue_qty,"
 "          t.issue_value, t.item_description, t.opening_qty, t.opening_value"
 ","
 "          t.our_cpo, t.rec_qty, t.rec_value, t.sc_finish_id, t.sc_id,"
 "          t.status_id, t.trans_date, t.trans_id, t.trans_type, t.trans_year"
 ","
 "          t.user_id, t.trans_id || '/' || t.trans_year trans,"
 "          t.ir_id || '/' || t.ir_year || '/' || t.ir_detail_id ir,"
 "          t.gir_id || '/' || t.gir_year || '/' || t.gir_detail_id gir,"
 "          CASE"
 "             WHEN t.trans_type = 'IR' "
 "                THEN 'Sale#' || ir.ir_yearly_id || '/' || ir.ir_year"
 "             WHEN t.trans_type = 'GIR'"
 "                THEN 'PO#' || igp.igp_yearly_id || '/' || igp.igp_year"
 "             WHEN t.trans_type = 'ECI'"
 "                THEN 'EC#' || it.ECI_ID"
 "             WHEN t.trans_type = 'ECR'"
 "                THEN 'EC#' || it.ECR_ID                   "
 "          END doc_no,"
 "          CASE"
 "             WHEN t.ir_id IS NOT NULL"
 "                THEN ir.remarks||' '||ir.CUSTOMER_NAME"
 "             WHEN t.gir_id IS NOT NULL"
 "                THEN t.remarks||' '||igp.SUPPLIER"
 "             WHEN t.trans_type IN ('ECR','ECI')"
 "                THEN AC.DESCRIPTION                "
 "          END remarks"
 "     FROM inv_trans_aziz t, inv_ir_view ir, inv_igp_view igp, inv_trans it,"
 " ac_coa_view ac"
 "    WHERE t.ir_id = ir.ir_id(+) AND t.gir_id = igp.igp_id(+)"
 "    and t.trans_id = it.trans_id(+)"
 "    and it.client_coa_seq = ac.coa_seq(+) "
IMP-00041: Warning: object created with compilation warnings
 "CREATE FORCE VIEW "SGS1"."INV_CLIENT_QTY_VIEW"                            ("
 ""SC_ID","ITEM_DESCRIPTION","CLIENT_COA_SEQ","CLIENT_DESCRIPTION","OPENING_Q"
 "TY","ISSUE_QTY","REC_QTY","CLOSING_QTY") AS "
 "SELECT SC_ID, ITEM_DESCRIPTION, CLIENT_COA_SEQ, client_description,"
 "INV_CLIENT_QTY_DATE(SC_ID, '01-JAN-2018', CLIENT_COA_SEQ) OPENING_QTY, SUM("
 "ISSUE_QTY) ISSUE_QTY, SUM(REC_QTY) REC_QTY,  INV_CLIENT_QTY_DATE(SC_ID, SYS"
 "DATE, CLIENT_COA_SEQ) CLOSING_QTY"
 "FROM INV_TRANS_VIEW"
 "GROUP BY SC_ID,CLIENT_COA_SEQ, ITEM_DESCRIPTION, client_description "
IMP-00041: Warning: object created with compilation warnings
 "CREATE FORCE VIEW "SGS1"."INV_TRIAL_L3_DATE"                            ("T"
 "RANS_MONTH","DESCRIPTION","TRANS_DATE","OPENING_QTY","ISSUE","RECEIVE","CLO"
 "SING_QTY") AS "
 "SELECT   TRUNC (trans_date, 'month') trans_month, description, trans_date,"
 "            SUM (opening_qty) opening_qty, SUM (issue) issue,"
 "            SUM (receive) receive, SUM (closing_qty) closing_qty"
 "       FROM (SELECT   l1 || '-' || l2 || '-' || l3 description, sc_id,"
 "                      TRUNC (trans_date) trans_date,"
 "                      inv_opening_qty_date (sc_id,"
 "                                            TRUNC (trans_date),"
 "                                            'OK'"
 "                                           ) opening_qty,"
 "                      SUM (issue_qty) issue, SUM (rec_qty) receive,"
 "                        inv_opening_qty_date (sc_id,"
 "                                              TRUNC (trans_date),"
 "                                              'OK'"
 "                                             )"
 "                      - SUM (issue_qty)"
 "                      + SUM (rec_qty) closing_qty"
 "                 FROM inv_trans_view"
 "             GROUP BY sc_id, TRUNC (trans_date), l1, l2, l3"
 "             ORDER BY sc_id, trans_date, l1, l2, l3)"
 "   GROUP BY description, trans_date "
IMP-00041: Warning: object created with compilation warnings
 "CREATE FORCE VIEW "SGS1"."INV_TRIAL_REMARKS"                            ("P"
 "AYMENT","L1","L2","L3","TRANS_DATE","L3_DESCRIPTION","TO_FROM","ISSUE_QTY","
 ""REC_QTY","REMARKS","CLIENT_COA_SEQ","CLIENT_DESCRIPTION") AS "
 "SELECT   payment, l1, l2, l3, TRUNC (trans_date) trans_date,"
 "            l3_description, to_from, SUM (issue_qty) issue_qty,"
 "            SUM (rec_qty) rec_qty, remarks, client_coa_seq,"
 "            client_description"
 "       FROM inv_trans_view"
 "   GROUP BY TRUNC (trans_date),"
 "            l3_description,"
 "            remarks,"
 "            to_from,"
 "            l1,"
 "            l2,"
 "            l3,"
 "            client_coa_seq,"
 "            client_description,"
 "            payment "
IMP-00041: Warning: object created with compilation warnings
 "CREATE FORCE VIEW "SGS1"."INV_TRIAL_CLNT_REMARKS"                          "
 "  ("RETURNABLE","L1","L2","L3","TRANS_DATE","L3_DESCRIPTION","CLIENT_COA_SE"
 "Q","CLIENT_DESCRIPTION","CLIENT_OQTY","TO_FROM","ISSUE_QTY","REC_QTY","REMA"
 "RKS") AS "
 "SELECT   returnable, l1, l2, l3, TRUNC (trans_date) trans_date,"
 "            l3_description, client_coa_seq, client_description,"
 "            inv_clnt_oqty_l3 (client_coa_seq,"
 "                              l1,"
 "                              l2,"
 "                              l3,"
 "                              '01-jan-2018'"
 "                             ) client_oqty,"
 "            to_from, SUM (issue_qty) issue_qty, SUM (rec_qty) rec_qty,"
 "            remarks"
 "       FROM inv_trans_view"
 "   GROUP BY TRUNC (trans_date),"
 "            l3_description,"
 "            remarks,"
 "            to_from,"
 "            l1,"
 "            l2,"
 "            l3,"
 "            client_coa_seq,"
 "            client_description,"
 "            returnable "
IMP-00041: Warning: object created with compilation warnings
 "CREATE FORCE VIEW "SGS1"."INV_TRANS_EC_VIEW"                            ("C"
 "LIENT_DESCRIPTION","EC_REF","EC","ISSUE_QTY","ITEM_DESCRIPTION","REC_QTY",""
 "REMARKS","STATUS_ID","TRANS_DATE","TRANS_ID") AS "
 "SELECT v.client_description,"
 "          CASE"
 "             WHEN eci_id IS NOT NULL"
 "                THEN 'ECI#' || eci_id"
 "             WHEN ecr_id IS NOT NULL"
 "                THEN 'ECR#' || ecr_id"
 "          END ec_ref,"
 "          NVL (eci_id, ecr_id) ec, v.issue_qty, v.item_description, v.rec_q"
 "ty,"
 "          v.remarks, v.status_id, TRUNC (v.trans_date) trans_date, v.trans_"
 "id"
 "     FROM inv_trans_view v"
 "    WHERE eci_id IS NOT NULL OR ecr_id IS NOT NULL "
IMP-00041: Warning: object created with compilation warnings
 "CREATE FORCE VIEW "SGS1"."HR_COA_VIEW"                            ("COA_ID""
 ","COA_MAIN_ID","COA_SUB_ID","COA","MAIN_SUB_ID","CATAGORY","SUBSIDARY","DES"
 "CRIPTION","COA_DESCRIPTION","CTYPE","FINCODE","EMPLOYEE_ID","STATUS_ID","FD"
 "ATETIME","SUB_DESC","MAIN_DESC","COA_DESC","MAIN_SUB_DESC") AS "
 "SELECT"
 "   COA.COA_ID,"
 "   COA.COA_MAIN_ID,"
 "   COA.COA_SUB_ID,"
 "   translate("
 "   to_char(COA.COA_MAIN_ID,'00')||'-'||TO_CHAR(COA.COA_SUB_ID,'0000')||'-'|"
 "|TO_CHAR(COA.COA_ID,'00000'),"
 "   '0123456789- ','0123456789-')  COA,"
 "   translate("
 "   to_char(COA.COA_MAIN_ID,'00')||'-'||TO_CHAR(COA.COA_SUB_ID,'0000'), "
 "   '0123456789- ','0123456789-') MAIN_SUB_ID,"
 "   COA.CATAGORY,"
 "   COA.SUBSIDARY,"
 "   COA.DESCRIPTION,"
 "   COA.DESCRIPTION COA_DESCRIPTION,"
 "   COA.CTYPE,"
 "   COA.FINCODE,"
 "   COA.EMPLOYEE_ID,"
 "   COA.STATUS_ID,"
 "   COA.FDATETIME,"
 "   COAS.DESCRIPTION SUB_DESC,"
 "   COAM.DESCRIPTION MAIN_DESC,"
 "   COAM.DESCRIPTION||'-'||COAS.DESCRIPTION||'-'||COA.DESCRIPTION COA_DESC,"
 "   COAM.DESCRIPTION||'-'||COAS.DESCRIPTION MAIN_SUB_DESC"
 " FROM"
 "   ACCOUNTS.COA,"
 "   ACCOUNTS.COA_SUB COAS,"
 "   ACCOUNTS.COA_MAIN COAM"
 " WHERE"
 "     COA.COA_MAIN_ID = COAS.COA_MAIN_ID"
 " AND COA.COA_SUB_ID = COAS.COA_SUB_ID"
 " ---"
 " AND COA.COA_MAIN_ID = COAM.COA_MAIN_ID "
IMP-00041: Warning: object created with compilation warnings
 "CREATE FORCE VIEW "SGS1"."HR_VOUCHER_DETAIL_VIEW_NEW"                      "
 "      ("VOUCHER_ID","VOUCHER_TYPE_ID","VOUCHER_MONTH_ID","VOUCHER_DATE","VO"
 "UCHER_NO","SHORT_VOUCHER_TYPE","CHEQUE_NO","DESCRIPTION","REMARKS","VOUCHER"
 "_DETAIL_DESC","VOUCHER_DETAIL_ID","COA_MAIN_ID","COA_SUB_ID","COA_ID","ACC""
 ","COA","COA_MAIN_SUB_ID","DR_AMOUNT","CR_AMOUNT","DR_CR_DIFF","ACCT","CHQ","
 ""SUB_ACC_DESC","COA_DESC","ACC_DESC","MAIN_SUB_ACC_DESC","MAIN_ACC_DESC") A"
 "S "
 "SELECT"
 "  V.VOUCHER_ID, V.VOUCHER_TYPE_ID, V.VOUCHER_MONTH_ID , V.VOUCHER_DATE,"
 "  VT.SHORT_NAME||'/'||V.VOUCHER_ID||'/'||VD.VOUCHER_DETAIL_ID VOUCHER_NO,"
 "  VT.SHORT_NAME SHORT_VOUCHER_TYPE,"
 "  V.CHEQUE_NO,"
 "  V.DESCRIPTION,"
 "  V.REMARKS,"
 "  VD.DESCRIPTION VOUCHER_DETAIL_DESC,"
 "  VD.VOUCHER_DETAIL_ID,"
 "  VD.COA_MAIN_ID, VD.COA_SUB_ID, VD.COA_ID, "
 "  TRANSLATE("
 "  TO_CHAR(VD.COA_MAIN_ID,'00')||'-'||TO_CHAR(VD.COA_SUB_ID,'0000')||'-'||TO"
 "_CHAR(VD.COA_ID,'0000'),"
 "  '0123456789- ','0123456789-') ACC,"
 "  TRANSLATE("
 "  TO_CHAR(VD.COA_MAIN_ID,'00')||'-'||TO_CHAR(VD.COA_SUB_ID,'0000')||'-'||TO"
 "_CHAR(VD.COA_ID,'0000'),"
 "  '0123456789- ','0123456789-') COA,"
 "  TRANSLATE("
 "  TO_CHAR(VD.COA_MAIN_ID,'00')||'-'||TO_CHAR(VD.COA_SUB_ID,'0000'),"
 "  '0123456789- ','0123456789-') COA_MAIN_SUB_ID,"
 "  VD.DR_AMOUNT,"
 "  VD.CR_AMOUNT,"
 "  VD.DR_AMOUNT - VD.CR_AMOUNT DR_CR_DIFF,"
 "  VD.ACCOUNT_NO ACCT,"
 "  VD.CHEQUE_NO CHQ,"
 "  -----DRCR,"
 "  SAC.DESCRIPTION SUB_ACC_DESC,"
 "  COA.DESCRIPTION COA_DESC,"
 "  MAC.DESCRIPTION||'-'||SAC.DESCRIPTION||COA.DESCRIPTION ACC_DESC,"
 "  MAC.DESCRIPTION||'-'||SAC.DESCRIPTION MAIN_SUB_ACC_DESC,"
 "  MAC.DESCRIPTION MAIN_ACC_DESC"
 "FROM"
 "  ACCOUNTS.VOUCHER V,"
 "  ACCOUNTS.VOUCHER_DETAIL_NEW VD,"
 "  ACCOUNTS.COA, "
 "  ACCOUNTS.COA_MAIN MAC,"
 "  ACCOUNTS.COA_SUB SAC,"
 "  ACCOUNTS.VOUCHER_TYPE VT"
 "WHERE"
 "    V.VOUCHER_ID       = VD.VOUCHER_ID"
 "AND V.VOUCHER_TYPE_ID  = VD.VOUCHER_TYPE_ID"
 "AND V.VOUCHER_MONTH_ID = VD.VOUCHER_MONTH_ID"
 "---"
 "AND VD.COA_MAIN_ID = COA.COA_MAIN_ID"
 "AND VD.COA_SUB_ID  = COA.COA_SUB_ID"
 "AND VD.COA_ID  = COA.COA_ID"
 "---"
 "AND VD.COA_MAIN_ID = SAC.COA_MAIN_ID "
 "AND VD.COA_SUB_ID  = SAC.COA_SUB_ID"
 "---"
 "AND VD.COA_MAIN_ID = MAC.COA_MAIN_ID"
 "---"
 "AND V.VOUCHER_TYPE_ID = VT.VOUCHER_TYPE_ID "
IMP-00041: Warning: object created with compilation warnings
 "CREATE FORCE VIEW "SGS1"."HR_PACKING_DETAIL_VIEW"                          "
 "  ("MATERIAL","LOT_NO","MDL_NO","FDA_PROD_CODE","LATE","ONTIME","DELAY_ONTI"
 "ME","SHIPMENT_DATE","ALTERNATIVE_CODE","ALTERNATIVE_DESC","PACKING_ID","PAC"
 "KING_YEAR","PACKING_DATE","DESPATCHED_TO","EFORM_NO","CUSTOMER_ID","AWB","C"
 "OMMISION","FREIGHT_INS","DISCOUNT","CUSTOMER_NAME","CUSTOMER_STORE_CODE","S"
 "C_CODE","SC_DESC","SC_MAIN_DESC","SC_SUB_DESC","DESCRIPTION","MAIN_CLASS",""
 "ITEM_CODE","SC_MAIN_ID","SC_SUB_ID","SC_ID","QTY","BREAKAGE","PARCEL_NO","S"
 "UB_PARCEL_NO","CPO_ID","POSITION","ACC_RATE","GROSS_WT","NET_WT","TC","MILL"
 "ED","RD","HIGH_POLISH","NCR","SAMPLE","ORDER_QTY","FORGING_TYPE","PARENT_CP"
 "O","SUB_CUSTOMER_ID","FINISH_ID","REMARKS","RATE","FORGING_RATE","LOCAL_RAT"
 "E","TIP_RATE","MILLING_PER","HI_POLISH_PER","CURRENCY_ID","TOT_PARCEL","FRO"
 "M_PARCEL","TO_PARCEL","TOT_BREAKAGE") AS "
 "select"
 "   pd.material,"
 "   pd.lot_no,"
 "   sv.mdl_no,"
 "   sv.fda_prod_code,"
 "   decode(store.delay_ontime(p.packing_date,cdv.shipment_date),'late',qty+b"
 "reakage,0) late,"
 "   decode(store.delay_ontime(p.packing_date,cdv.shipment_date),'Ontime',qty"
 "+breakage,0) Ontime,"
 "   store.delay_ontime(p.packing_date,cdv.shipment_date) delay_ontime,   "
 "   cdv.shipment_date,"
 "   cc.alternative_code,"
 "   cc.alternative_desc,"
 "   p.packing_id,"
 "   p.packing_year,"
 "   p.packing_date,"
 "   p.despatched_to,"
 "   p.eform_no,"
 "   p.customer_id,"
 "   p.awb,"
 "   p.commision, "
 "   p.freight_ins,"
 "   p.discount,"
 "   c.description customer_name,"
 "   cc.item_code customer_store_code,"
 "   sv.sc_code,"
 "   sv.sc_desc ,"
 "   sv.sc_main_desc,  "
 "   sv.sc_sub_desc,   "
 "   sv.description,"
 "   sv.main_class,"
 "   decode(pd.finish_id,null,decode(pd.sub_customer_id,null,cc.item_code,pd."
 "sub_customer_id||'-'||cc.item_code),"
 "   decode(pd.sub_customer_id,null,cc.item_code,pd.sub_customer_id||'-'||cc."
 "item_code)||'-'||pd.finish_id) item_code,"
 "   pd.sc_main_id,"
 "   pd.sc_sub_id,  "
 "   pd.sc_id,"
 "   pd.qty,"
 "   pd.breakage,"
 "   pd.parcel_no,"
 "   pd.sub_parcel_no,"
 "   pd.cpo_id,"
 "   pd.position,"
 "   pd.rate acc_rate,"
 "   pd.gross_wt,"
 "   pd.net_wt,"
 "   decode(pd.tc,1,'TIP',null) tc,"
 "   decode(pd.milled,1,'Milled',null) milled,"
 "   decode(pd.rd,1,'Return Device') rd,"
 "   decode(pd.hi_polish,1,'Hi Polish',null) high_polish,"
 "   decode(pd.ncr,1,'N.C.R',null) NCR,"
 "   decode(pd.sample,1,'Sample',null) sample,"
 "   cdv.quantity order_qty,"
 "   cpo.forging_type,"
 "   cpo.parent_cpo,"
 "   pd.sub_customer_id,"
 "   pd.finish_id, pd.remarks,"
 "   decode(cpo.forging_type,'IMPORTED',cc.forging_rate,'LOCAL',CC.LOCAL_RATE"
 ",0) RATE,"
 "   nvl(cc.forging_rate,0) forging_rate,"
 "   nvl(cc.local_rate,0) local_rate,"
 "   nvl(cc.tip_rate,0) tip_rate,"
 "   c.milling_per,"
 "   c.hi_polish_per,"
 "   nvl(c.currency_id,'-') currency_id,"
 "   ps.tot_parcel,"
 "   ps.from_parcel,"
 "   ps.to_parcel,"
 "   ps.tot_breakage"
 ""
 " from"
 "    store.packing p"
 "   ,store.packing_Detail pd"
 "   ,store.customer c"
 "   ,store.sc_view sv"
 "   ,store.customer_code cc"
 "   ,store.cpo"
 "   ,store.cpo_detail cdv"
 "   ,(select customer_id,packing_id, packing_year,count(distinct parcel_no) "
 "tot_parcel, min(parcel_no) from_parcel, max(parcel_no) to_parcel"
 "     , sum(breakage) tot_breakage"
 "     from store.packing_detail group by customer_id,packing_id, packing_yea"
 "r) ps"
 " where"
 "         p.packing_id = pd.packing_id"
 "     and p.packing_year = pd.packing_year"
 "     and p.customer_id = pd.customer_id"
 " -------"
 " and pd.sc_main_id = sv.sc_main_id(+)"
 " and pd.sc_sub_id = sv.sc_sub_id(+)"
 " and pd.sc_id = sv.sc_id(+)"
 " -------"
 " and p.customer_id = c.customer_id(+)"
 " -------"
 " and pd.sc_main_id = cc.sc_main_id(+)"
 " and pd.sc_sub_id = cc.sc_sub_id(+)"
 " and pd.sc_id = cc.sc_id(+)"
 " and pd.customer_id = cc.customer_id(+)"
 " -------"
 " and pd.cpo_id = cpo.cpo_id(+)"
 " -------"
 " and pd.cpo_id = cdv.cpo_id(+)"
 " and pd.position = cdv.position(+)"
 " -------"
 " and p.packing_id = ps.packing_id (+)"
 " and p.packing_year = ps.packing_year (+)"
 " and p.customer_id = ps.customer_id(+) "
About to enable constraints...
Import terminated successfully with warnings.
