
Starting report trial_parent [Mon Sep 26 17:52:48 2022] ...
End report trial_parent [Mon Sep 26 17:53:23 2022].

Starting report trial_parent_sub [Mon Sep 26 17:53:27 2022] ...
End report trial_parent_sub [Mon Sep 26 17:53:59 2022].

Starting report trial_parent_sub_ctrl [Mon Sep 26 17:54:02 2022] ...
End report trial_parent_sub_ctrl [Mon Sep 26 17:54:15 2022].

Starting report trial_parent_sub_ctrl_main [Mon Sep 26 17:54:18 2022] ...
End report trial_parent_sub_ctrl_main [Tue Sep 27 16:05:29 2022].

Starting report trial_parent_sub_ctrl_main [Sat Oct 08 06:42:31 2022] ...
End report trial_parent_sub_ctrl_main [Sat Oct 08 06:44:42 2022].

Starting report trial_parent_sub_ctrl_main [Sat Oct 08 06:45:16 2022] ...
End report trial_parent_sub_ctrl_main [Sat Oct 08 06:48:42 2022].

Starting report trial_short [Sat Oct 08 06:48:45 2022] ...
REP-1401: 'machine_nameformula': Fatal PL/SQL error occurred.
ORA-04067: not executed, stored procedure "PUBLIC.ADM_MACHINE_NAME" does not exist

End report trial_short [Sat Oct 08 06:48:48 2022].

Starting report trial_parent_sub_ctrl_main [Sat Oct 08 06:48:52 2022] ...
End report trial_parent_sub_ctrl_main [Sat Oct 08 06:54:20 2022].

Starting report trial_parent [Mon Oct 17 12:26:07 2022] ...
End report trial_parent [Mon Oct 17 12:27:07 2022].

Starting report trial_parent_sub_ctrl_main [Mon Oct 17 12:27:10 2022] ...
End report trial_parent_sub_ctrl_main [Tue Oct 18 18:22:24 2022].

Starting report sub_ledger [Thu Oct 20 14:49:21 2022] ...
REP-0501: Unable to connect to the specified database.
ORA-00000: normal, successful completion

REP-0501: Unable to connect to the specified database.
End report sub_ledger [Thu Oct 20 14:49:21 2022].

Starting report sub_ledger [Thu Oct 20 14:49:25 2022] ...
REP-0501: Unable to connect to the specified database.
ORA-24323: value not allowed

REP-0501: Unable to connect to the specified database.
End report sub_ledger [Thu Oct 20 14:49:27 2022].

Starting report pl [Mon Nov 14 10:42:02 2022] ...
End report pl [Mon Nov 14 10:42:28 2022].

Starting report sub_ledger [Mon Nov 14 10:42:55 2022] ...
End report sub_ledger [Mon Nov 14 10:43:27 2022].

Starting report sub_ledger [Mon Nov 14 10:43:28 2022] ...
End report sub_ledger [Mon Nov 14 10:43:31 2022].

Starting report CASH_VOUCHER [Mon Nov 14 10:43:53 2022] ...
End report CASH_VOUCHER [Mon Nov 14 10:43:56 2022].

Starting report pl [Mon Nov 14 10:45:38 2022] ...
End report pl [Mon Nov 14 10:45:52 2022].

Starting report pl [Mon Nov 14 10:48:42 2022] ...
End report pl [Mon Nov 14 10:48:48 2022].

Starting report pl [Mon Nov 14 10:48:51 2022] ...
End report pl [Mon Nov 14 10:48:57 2022].

Starting report pl [Mon Nov 14 10:50:43 2022] ...
End report pl [Mon Nov 14 10:50:45 2022].

Starting report pl [Mon Nov 14 10:50:58 2022] ...
End report pl [Mon Nov 14 10:51:05 2022].

Starting report pl [Mon Nov 14 10:51:08 2022] ...
End report pl [Mon Nov 14 10:51:19 2022].

Starting report igp_receipt [Tue Nov 15 14:14:11 2022] ...
REP-0501: Unable to connect to the specified database.
ORA-00000: normal, successful completion

REP-0501: Unable to connect to the specified database.
End report igp_receipt [Tue Nov 15 14:15:05 2022].

Starting report daily_sale [Fri Dec 23 18:00:41 2022] ...
ORA-00904: "DISCOUNT_REMARKS": invalid identifier
 SELECT I . CUSTOMER_ID , I . DESCRIPTION , I . IR , I . IR_DATE , I . IR_TYPE , discount , CUSTOMER , I . PAYMENT_MODE , I . RATE , I . SC_DESC , CASe WHEN CUSTOMER = 'WALK IN' THEN 0 ELSE previous_bal end previous_bal ,  ==> discount_remarks , CASe WHEN
End report daily_sale [Fri Dec 23 18:00:44 2022].

Starting report daily_sale [Fri Dec 23 18:00:47 2022] ...
ORA-00904: "DISCOUNT_REMARKS": invalid identifier
 SELECT I . CUSTOMER_ID , I . DESCRIPTION , I . IR , I . IR_DATE , I . IR_TYPE , discount , CUSTOMER , I . PAYMENT_MODE , I . RATE , I . SC_DESC , CASe WHEN CUSTOMER = 'WALK IN' THEN 0 ELSE previous_bal end previous_bal ,  ==> discount_remarks , CASe WHEN
End report daily_sale [Fri Dec 23 18:01:04 2022].

Starting report daily_sale [Fri Dec 23 18:08:52 2022] ...
End report daily_sale [Fri Dec 23 18:10:16 2022].

Starting report daily_sale_3 [Sat Dec 24 12:49:27 2022] ...
End report daily_sale_3 [Sat Dec 24 12:49:46 2022].

Starting report daily_sale [Fri Dec 23 18:00:30 2022] ...
ORA-00904: "DISCOUNT_REMARKS": invalid identifier
 SELECT I . CUSTOMER_ID , I . DESCRIPTION , I . IR , I . IR_DATE , I . IR_TYPE , discount , CUSTOMER , I . PAYMENT_MODE , I . RATE , I . SC_DESC , CASe WHEN CUSTOMER = 'WALK IN' THEN 0 ELSE previous_bal end previous_bal ,  ==> discount_remarks , CASe WHEN
End report daily_sale [Fri Dec 23 18:00:32 2022].

Starting report daily_sale_3 [Fri Dec 23 18:00:36 2022] ...
REP-1401: 'companyformula': Fatal PL/SQL error occurred.
End report daily_sale_3 [Fri Dec 23 18:01:09 2022].

Starting report daily_sale [Fri Dec 23 18:08:34 2022] ...
End report daily_sale [Fri Dec 23 18:10:18 2022].

Starting report daily_sale [Sat Dec 24 11:29:27 2022] ...
ORA-00936: missing expression
 SELECT I . CUSTOMER_ID , I . DESCRIPTION , I . IR , I . IR_DATE , I . IR_TYPE , discount , CUSTOMER , I . PAYMENT_MODE , I . RATE , I . SC_DESC , CASe WHEN CUSTOMER = 'WALK IN' THEN 0 ELSE previous_bal end previous_bal , discount_remarks , CASe WHEN ==> 
End report daily_sale [Sat Dec 24 11:29:29 2022].

Starting report daily_sale_3 [Sat Dec 24 11:29:31 2022] ...
End report daily_sale_3 [Sat Dec 24 11:29:54 2022].

Starting report trial_parent [Sat Dec 24 11:31:39 2022] ...
ORA-00904: "CR_BALANCE": invalid identifier
   ==> CR_BALANCE(   
End report trial_parent [Sat Dec 24 11:31:41 2022].

Starting report trial_parent_sub_ctrl [Sat Dec 24 11:31:46 2022] ...
ORA-00904: "CR_BALANCE": invalid identifier
   ==> CR_BALANCE(   
End report trial_parent_sub_ctrl [Sat Dec 24 11:31:47 2022].

Starting report trial_parent_sub_ctrl_main [Sat Dec 24 11:31:49 2022] ...
ORA-00904: "CR_BALANCE": invalid identifier
   ==> CR_BALANCE(   
End report trial_parent_sub_ctrl_main [Sat Dec 24 11:31:54 2022].

Starting report daily_sale_3 [Sat Dec 24 12:20:13 2022] ...
End report daily_sale_3 [Sat Dec 24 12:20:19 2022].

Starting report daily_sale_3 [Sat Dec 24 12:49:21 2022] ...
End report daily_sale_3 [Sat Dec 24 12:49:34 2022].

Starting report daily_sale_3 [Sat Dec 31 19:18:33 2022] ...
End report daily_sale_3 [Sat Dec 31 19:20:06 2022].

Starting report daily_sale_3 [Sat Dec 31 19:20:23 2022] ...
End report daily_sale_3 [Sat Dec 31 19:25:23 2022].

Starting report daily_sale_3 [Sat Dec 31 19:44:30 2022] ...
End report daily_sale_3 [Sat Dec 31 19:44:48 2022].

Starting report daily_sale_3 [Sat Dec 31 19:44:52 2022] ...
End report daily_sale_3 [Sat Dec 31 19:45:25 2022].

Starting report daily_sale_3 [Sat Dec 31 19:47:56 2022] ...
End report daily_sale_3 [Sat Dec 31 19:48:36 2022].

Starting report store_ledger_NEW [Sun Jan 01 18:44:10 2023] ...
End report store_ledger_NEW [Sun Jan 01 18:44:45 2023].

Starting report store_ledger_NEW [Sun Jan 01 19:55:51 2023] ...
End report store_ledger_NEW [Sun Jan 01 20:08:49 2023].

Starting report store_ledger_qty [Sun Jan 01 20:08:59 2023] ...
End report store_ledger_qty [Sun Jan 01 20:15:31 2023].

Starting report store_ledger_NEW [Sun Jan 01 20:15:33 2023] ...
End report store_ledger_NEW [Sun Jan 01 20:15:52 2023].

Starting report store_ledger_qty [Sun Jan 01 20:16:03 2023] ...
End report store_ledger_qty [Sun Jan 01 20:16:27 2023].

Starting report store_ledger_NEW [Sun Jan 01 20:16:29 2023] ...
End report store_ledger_NEW [Sun Jan 01 20:17:22 2023].

Starting report store_ledger_NEW [Sun Jan 01 20:52:14 2023] ...
End report store_ledger_NEW [Sun Jan 01 20:52:41 2023].

Starting report store_ledger_NEW [Sun Jan 01 20:52:43 2023] ...
End report store_ledger_NEW [Mon Jan 02 06:57:05 2023].

Starting report store_ledger_NEW [Mon Jan 02 06:57:07 2023] ...
End report store_ledger_NEW [Mon Jan 02 06:57:40 2023].

Starting report store_ledger_NEW [Mon Jan 02 07:02:25 2023] ...
End report store_ledger_NEW [Mon Jan 02 07:33:10 2023].

Starting report store_ledger_NEW [Mon Jan 02 07:33:13 2023] ...
End report store_ledger_NEW [Mon Jan 02 07:33:43 2023].

Starting report store_ledger_NEW [Mon Jan 02 07:38:04 2023] ...
End report store_ledger_NEW [Mon Jan 02 07:40:20 2023].

Starting report packing_performa_inv [Wed Jan 04 11:36:40 2023] ...
REP-0501: Unable to connect to the specified database.
ORA-00000: normal, successful completion

REP-0501: Unable to connect to the specified database.
End report packing_performa_inv [Wed Jan 04 11:36:43 2023].

Starting report daily_sale_3 [Sun Feb 12 14:37:41 2023] ...
End report daily_sale_3 [Sun Feb 12 14:38:03 2023].

Starting report daily_sale_3 [Sun Feb 12 14:38:03 2023] ...
End report daily_sale_3 [Sun Feb 12 14:38:16 2023].

Starting report daily_sale_3 [Sun Feb 12 14:38:38 2023] ...
End report daily_sale_3 [Sun Feb 12 14:39:02 2023].

Starting report daily_sale_3 [Sun Feb 12 14:39:06 2023] ...
End report daily_sale_3 [Sun Feb 12 14:39:18 2023].

Starting report daily_sale_3 [Sun Feb 12 14:39:27 2023] ...
End report daily_sale_3 [Sun Feb 12 14:39:39 2023].

Starting report daily_sale_3 [Sun Feb 12 14:39:45 2023] ...
End report daily_sale_3 [Sun Feb 12 14:39:57 2023].

Starting report daily_sale_3 [Sun Feb 12 14:38:52 2023] ...
End report daily_sale_3 [Sun Feb 12 14:39:18 2023].

Starting report daily_sale_3 [Sun Feb 12 14:40:19 2023] ...
End report daily_sale_3 [Sun Feb 12 14:40:40 2023].

Starting report daily_sale_3 [Sun Feb 12 14:40:47 2023] ...
End report daily_sale_3 [Sun Feb 12 14:40:59 2023].

Starting report daily_sale_3 [Sun Feb 12 14:40:59 2023] ...
End report daily_sale_3 [Sun Feb 12 14:41:12 2023].
