
Connected to: Oracle Database 10g Enterprise Edition Release 10.2.0.1.0 - Production
With the Partitioning, OLAP and Data Mining options
Export done in WE8MSWIN1252 character set and AL16UTF16 NCHAR character set

About to export specified users ...
. exporting pre-schema procedural objects and actions
. exporting foreign function library names for user CJMS 
. exporting PUBLIC type synonyms
. exporting private type synonyms
. exporting object type definitions for user CJMS 
About to export CJMS's objects ...
. exporting database links
. exporting sequence numbers
. exporting cluster definitions
. about to export CJMS's tables via Conventional Path ...
. . exporting table                       AC_SETUP          1 rows exported
. . exporting table              ADMISSION_CHALLAN          0 rows exported
. . exporting table                   ADVANCE_20TH          0 rows exported
. . exporting table               ADVANCE_20TH_DET          0 rows exported
. . exporting table                      ALLOWANCE          0 rows exported
. . exporting table                APP_MAIN_MODULE          0 rows exported
. . exporting table                     APP_MODULE          0 rows exported
. . exporting table                 APP_MODULE_LOV          0 rows exported
. . exporting table               APP_MODULE_RIGHT          0 rows exported
. . exporting table               APP_MODULE_TABLE          0 rows exported
. . exporting table         APP_MODULE_TABLE_OTHER          0 rows exported
. . exporting table                     APP_REPORT          0 rows exported
. . exporting table               APP_REPORT_RIGHT          0 rows exported
. . exporting table               APP_REVOKE_RIGHT          0 rows exported
. . exporting table                       APP_USER          0 rows exported
. . exporting table                           AREA          0 rows exported
. . exporting table                ARTICLE_HISTORY          0 rows exported
. . exporting table                     ATTENDANCE          0 rows exported
. . exporting table              ATTENDANCE_DETAIL          0 rows exported
. . exporting table                ATTENDANCE_TEMP          0 rows exported
. . exporting table                   ATTEN_ERRORS          0 rows exported
. . exporting table                      BAD_TRIAL          0 rows exported
. . exporting table                           BANK          0 rows exported
. . exporting table                   BANK_ACCOUNT          0 rows exported
. . exporting table             BARCODE_ATTENDANCE          0 rows exported
. . exporting table                           BILL          0 rows exported
. . exporting table                    BILL_DETAIL          0 rows exported
. . exporting table                      BILL_TYPE          0 rows exported
. . exporting table                         BRANCH          1 rows exported
. . exporting table                BRANCH_AC_SETUP          0 rows exported
. . exporting table                   BRANCH_CLASS         11 rows exported
. . exporting table               BRANCH_CLASS_SEC         46 rows exported
. . exporting table                            BTN          0 rows exported
. . exporting table                             CB          0 rows exported
. . exporting table              CHANGE_MANAGEMENT          0 rows exported
. . exporting table                    CHEQUE_BOOK          0 rows exported
. . exporting table                CHEQUE_BOOK_DET          0 rows exported
. . exporting table                           CITY          8 rows exported
. . exporting table                          CLASS         12 rows exported
. . exporting table               CLOSING_QTY_TEMP          0 rows exported
. . exporting table                            COA          0 rows exported
. . exporting table                   COA_20121129          0 rows exported
. . exporting table                       COA_MAIN          0 rows exported
. . exporting table                   COA_MAIN_NEW          0 rows exported
. . exporting table                        COA_NEW          0 rows exported
. . exporting table                   COA_OPENING_          0 rows exported
. . exporting table           COA_OPENING_20130708          0 rows exported
. . exporting table                        COA_SUB          0 rows exported
. . exporting table                    COA_SUB_NEW          0 rows exported
. . exporting table                          COLOR          0 rows exported
. . exporting table                  COMPANY_SETUP          1 rows exported
. . exporting table                      COUNTRIES          0 rows exported
. . exporting table                        COUNTRY          2 rows exported
. . exporting table                            CPO          0 rows exported
. . exporting table                   CPO_17092012          0 rows exported
. . exporting table                     CPO_DETAIL          0 rows exported
. . exporting table            CPO_DETAIL_17092012          0 rows exported
. . exporting table             CPO_DETAIL_HISTORY          0 rows exported
. . exporting table                CPO_DETAIL_TEMP          0 rows exported
. . exporting table                   CPO_MATERIAL          0 rows exported
. . exporting table                       CPO_TYPE          0 rows exported
. . exporting table              CREDITOR_BALANCES          0 rows exported
. . exporting table                       CURRENCY          0 rows exported
. . exporting table                       CUSTOMER          0 rows exported
. . exporting table                  CUSTOMER_CODE          0 rows exported
. . exporting table          CUSTOMER_RATE_HISTORY          0 rows exported
. . exporting table                         CUTTER          0 rows exported
. . exporting table                  CUTTER_DETAIL          0 rows exported
. . exporting table                    CUTTER_TYPE          0 rows exported
. . exporting table                  DELETED_TRANS          0 rows exported
. . exporting table                 DEMO_CUSTOMERS          0 rows exported
. . exporting table                    DEMO_ORDERS          0 rows exported
. . exporting table               DEMO_ORDER_ITEMS          0 rows exported
. . exporting table            DEMO_PAGE_HIERARCHY          0 rows exported
. . exporting table                    DEMO_STATES          0 rows exported
. . exporting table                     DEMO_USERS          0 rows exported
. . exporting table                     DEPARTMENT          0 rows exported
. . exporting table                    DEPARTMENTS          0 rows exported
. . exporting table                           DEPT          0 rows exported
. . exporting table                    DESIGNATION          0 rows exported
. . exporting table                DISCOUNT_DETAIL          0 rows exported
. . exporting table                          EFROM          0 rows exported
. . exporting table                            EMP          0 rows exported
. . exporting table                       EMPLOYEE          0 rows exported
. . exporting table                      EMPLOYEES          0 rows exported
. . exporting table                   EMPLOYEE_ACC          0 rows exported
. . exporting table  EMPLOYEE_BRANCH_CLASS_SECTION          0 rows exported
. . exporting table            EMPLOYEE_DEPT_DESIG          0 rows exported
. . exporting table             EMPLOYEE_FINANCIAL          0 rows exported
. . exporting table                    EMPLOYEE_JD          0 rows exported
. . exporting table           EMPLOYEE_LATE_POLICY          0 rows exported
. . exporting table                    EMPLOYEE_MV          0 rows exported
. . exporting table                  EMPLOYEE_NOTE          0 rows exported
. . exporting table              EMPLOYEE_OFFICIAL          0 rows exported
. . exporting table              EMPLOYEE_OLD_DATA          0 rows exported
. . exporting table                 EMPLOYEE_PHOTO          0 rows exported
. . exporting table             EMPLOYEE_PHOTO_OLD          0 rows exported
. . exporting table                 EMPLOYEE_SHIFT          0 rows exported
. . exporting table               EMPLOYE_29102005          0 rows exported
. . exporting table                    EMP_DISEASE          0 rows exported
. . exporting table                        EMP_EXP          0 rows exported
. . exporting table                        EMP_FIN          0 rows exported
. . exporting table                         EMP_OP          0 rows exported
. . exporting table              EMP_QUALIFICATION          0 rows exported
. . exporting table                        EMP_REF          0 rows exported
. . exporting table                    EXPORT_RATE          0 rows exported
. . exporting table                   EXPORT_SETUP          0 rows exported
. . exporting table                       FEE_HEAD         10 rows exported
. . exporting table                     FEE_MONTHS         12 rows exported
. . exporting table                    FEE_SESSION         12 rows exported
. . exporting table                  FEE_STRUCTURE          5 rows exported
. . exporting table        FEE_STRUCTURE_CLASS_DET        368 rows exported
. . exporting table              FEE_STRUCTURE_DET         39 rows exported
. . exporting table                           FGRR          0 rows exported
. . exporting table               FINAL_SETTLEMENT          0 rows exported
. . exporting table                         FINISH          0 rows exported
. . exporting table                   FINISH_PHOTO          0 rows exported
. . exporting table                       FIREWALL          0 rows exported
. . exporting table                        FORGING          0 rows exported
. . exporting table                 FORGING_DETAIL          0 rows exported
. . exporting table             FORGING_DETAIL_NEW          0 rows exported
. . exporting table                    FORGING_NEW          0 rows exported
. . exporting table                            FRR          0 rows exported
. . exporting table                     FRR_DETAIL          0 rows exported
. . exporting table                 FRR_DETAIL_OLD          0 rows exported
. . exporting table                             FX          0 rows exported
. . exporting table                         FX_DET          0 rows exported
. . exporting table                        F_CYCLE          2 rows exported
. . exporting table                             GH          0 rows exported
. . exporting table                            GIR          0 rows exported
. . exporting table                       GIR_2005          0 rows exported
. . exporting table                        GIR_DET          0 rows exported
. . exporting table                     GIR_DETAIL          0 rows exported
. . exporting table                 GIR_ZERO_VALUE          0 rows exported
. . exporting table                GROUP_INSURANCE          0 rows exported
. . exporting table                        HR_LATE          0 rows exported
. . exporting table                       HR_SETUP          0 rows exported
. . exporting table                       HR_SHIFT          0 rows exported
. . exporting table                            IGP          0 rows exported
. . exporting table                        IGP_DET          0 rows exported
. . exporting table                     IGP_DETAIL          0 rows exported
. . exporting table            IGP_DETAIL_17032008          0 rows exported
. . exporting table                        INQUIRY          0 rows exported
. . exporting table                        INVOICE          0 rows exported
. . exporting table                 INVOICE_DETAIL          0 rows exported
. . exporting table                             IR          0 rows exported
. . exporting table                    IR_28072007          0 rows exported
. . exporting table                      IR_DETAIL          0 rows exported
. . exporting table             IR_DETAIL_28072007          0 rows exported
. . exporting table                   IR_DETAIL_JC          0 rows exported
. . exporting table                 IR_DETAIL_TEMP          0 rows exported
. . exporting table                      ITEM_SIZE          0 rows exported
. . exporting table                             JC          0 rows exported
. . exporting table                            JCD          0 rows exported
. . exporting table                   JC_MAT_SETUP          0 rows exported
. . exporting table               JC_MAT_SETUP_DET          0 rows exported
. . exporting table                           JOBS          0 rows exported
. . exporting table                    JOB_HISTORY          0 rows exported
. . exporting table                          LEAVE          0 rows exported
. . exporting table                      LEAVE_APP          0 rows exported
. . exporting table                  LEAVE_BALANCE          0 rows exported
. . exporting table                  LEAVE_HISTORY          0 rows exported
. . exporting table                     LEAVE_TYPE          0 rows exported
. . exporting table                    LEDGER_TEMP          0 rows exported
. . exporting table                           LOAN          0 rows exported
. . exporting table                       LOAN_APP          0 rows exported
. . exporting table                   LOAN_APP_DET          0 rows exported
. . exporting table                 LOAN_DEDUCTION          0 rows exported
. . exporting table                    LOAN_LEDGER          0 rows exported
. . exporting table                      LOCATIONS          0 rows exported
. . exporting table                            LOV          0 rows exported
. . exporting table             MAIN_SCREEN_ALERTS          0 rows exported
. . exporting table                        MANSOOR          0 rows exported
. . exporting table                       MESSAGES          0 rows exported
. . exporting table                        MESSGES          0 rows exported
. . exporting table                           MGIR          0 rows exported
. . exporting table                    MGIR_DETAIL          0 rows exported
. . exporting table                      MLOG$_COA          0 rows exported
. . exporting table               MLOG$_CPO_DETAIL          0 rows exported
. . exporting table                    MLOG$_TRANS          0 rows exported
. . exporting table                         MODULE          7 rows exported
. . exporting table                          MONTH          0 rows exported
. . exporting table             MONTHLY_ATTENDANCE          0 rows exported
. . exporting table             MONTHLY_CHALLAN_NO      37859 rows exported
. . exporting table                     MONTHLY_OT          0 rows exported
. . exporting table                    MONTH_CLOSE          0 rows exported
. . exporting table                             MP          0 rows exported
. . exporting table                            MPD          0 rows exported
. . exporting table                   MPD_01032013          0 rows exported
. . exporting table                            MPR          0 rows exported
. . exporting table                    MP_01032013          0 rows exported
. . exporting table                          MP_OP          0 rows exported
. . exporting table                 MP_OP_01032013          0 rows exported
. . exporting table                      MP_OP_EMP          0 rows exported
. . exporting table                       MP_PHOTO          0 rows exported
. . exporting table                     MP_REMARKS          0 rows exported
. . exporting table            MP_REMARKS_01032013          0 rows exported
. . exporting table                       NEXTCHAR          0 rows exported
. . exporting table                     OCCUPATION        246 rows exported
. . exporting table                            OCR          0 rows exported
. . exporting table                     OCR_DETAIL          0 rows exported
. . exporting table                            OGP          0 rows exported
. . exporting table                     OGP_DETAIL          0 rows exported
. . exporting table                      OPERATION          0 rows exported
. . exporting table                       OPERATOR          0 rows exported
. . exporting table             OPERATOR_AUTHORITY          0 rows exported
. . exporting table                             OT          0 rows exported
. . exporting table                        PACKING          0 rows exported
. . exporting table                 PACKING_DETAIL          0 rows exported
. . exporting table              PACKING_DETAIL_MV          0 rows exported
. . exporting table            PACKING_DETAIL_TEMP          0 rows exported
. . exporting table               PACKING_RAW_DATA          0 rows exported
. . exporting table                  PENDING_ORDER          0 rows exported
. . exporting table                 PENDNING_ORDER          0 rows exported
. . exporting table                             PI          0 rows exported
. . exporting table                      PI_DETAIL          0 rows exported
. . exporting table                             PO          0 rows exported
. . exporting table                       POSITION          0 rows exported
. . exporting table                     PO_DELETED          0 rows exported
. . exporting table                      PO_DETAIL          0 rows exported
. . exporting table              PO_DETAIL_DELETED          0 rows exported
. . exporting table                     PO_HISTORY          0 rows exported
. . exporting table                        PO_TYPE          0 rows exported
. . exporting table                             PR          0 rows exported
. . exporting table                           PREQ          0 rows exported
. . exporting table                       PREQ_DET          0 rows exported
. . exporting table                      PR_DETAIL          0 rows exported
. . exporting table                  QUALIFICATION          0 rows exported
. . exporting table                         REASON          0 rows exported
. . exporting table                        REGIONS          0 rows exported
. . exporting table                       RELATION          4 rows exported
. . exporting table                       RELIGION          6 rows exported
. . exporting table                      REP_PARAM          0 rows exported
. . exporting table                          RSIZE          0 rows exported
. . exporting table                      RUPD$_COA
. . exporting table                    RUPD$_TRANS
. . exporting table                         SALARY          0 rows exported
. . exporting table                 SALARY_ADVANCE          0 rows exported
. . exporting table        SALARY_ADVANCE_EMPLOYEE          0 rows exported
. . exporting table                  SALARY_DETAIL          0 rows exported
. . exporting table                   SALARY_GROUP          0 rows exported
. . exporting table                      SALARY_JV          0 rows exported
. . exporting table               SALARY_JV_DETAIL          0 rows exported
. . exporting table                   SALARY_MONTH          0 rows exported
. . exporting table              SALARY_OTHER_INFO          0 rows exported
. . exporting table                   SAL_ADV_CONT          0 rows exported
. . exporting table                       SAL_CONT          0 rows exported
. . exporting table                SAL_CONT_DETAIL          0 rows exported
. . exporting table             SAL_CONT_MO_DETAIL          0 rows exported
. . exporting table                 SAMPLE_ISU_REC          0 rows exported
. . exporting table                            SAN          0 rows exported
. . exporting table                             SC          0 rows exported
. . exporting table                          SCREW          0 rows exported
. . exporting table                         SC_CAT          0 rows exported
. . exporting table                      SC_FINISH          0 rows exported
. . exporting table                    SC_LOCATION          0 rows exported
. . exporting table              SC_LOCATION_PHOTO          0 rows exported
. . exporting table                        SC_MAIN          0 rows exported
. . exporting table                  SC_MAIN_PHOTO          0 rows exported
. . exporting table                     SC_OPENING          0 rows exported
. . exporting table            SC_OPENING_01082009          0 rows exported
. . exporting table            SC_OPENING_05032009          0 rows exported
. . exporting table            SC_OPENING_25082007          0 rows exported
. . exporting table            SC_OPENING_27092009          0 rows exported
. . exporting table                     SC_OP_RATE          0 rows exported
. . exporting table            SC_OP_RATE_04022008          0 rows exported
. . exporting table                       SC_PHOTO          0 rows exported
. . exporting table                         SC_REQ          0 rows exported
. . exporting table                  SC_STAGE_WISE          0 rows exported
. . exporting table                         SC_SUB          0 rows exported
. . exporting table                   SC_SUB_PHOTO          0 rows exported
. . exporting table              SHIPMENT_CALANDER          0 rows exported
. . exporting table                         STATUS          0 rows exported
. . exporting table                    STORE_TRIAL          0 rows exported
. . exporting table         STORE_TRIAL_VS_SHIPPED          0 rows exported
. . exporting table                        STUDENT       1927 rows exported
. . exporting table                    STUDENT_FEE      18930 rows exported
. . exporting table                STUDENT_FEE_DET     182972 rows exported
. . exporting table             STUDENT_FEE_STATUS          0 rows exported
. . exporting table       STUDENT_FINAL_SETTLEMENT          0 rows exported
. . exporting table                STUDENT_HISTORY       7902 rows exported
. . exporting table                    STUDENT_LOG       9398 rows exported
. . exporting table                  STUDENT_PHOTO          0 rows exported
. . exporting table               STUDENT_TRANSFER          0 rows exported
. . exporting table                   STU_HIST_DET      71567 rows exported
. . exporting table                   SUB_CUSTOMER          0 rows exported
. . exporting table                    SUB_SECTION          0 rows exported
. . exporting table             SUNDAY_WORKING_DAY          0 rows exported
. . exporting table                       SUPPLIER          0 rows exported
. . exporting table                SURGICAL_STOCKS          0 rows exported
. . exporting table                           TASK          0 rows exported
. . exporting table                        TASK_CC          0 rows exported
. . exporting table                      TASK_USER          0 rows exported
. . exporting table                           TEMP          0 rows exported
. . exporting table                   THINGS_TO_DO          0 rows exported
. . exporting table            THINGS_TO_DO_DETAIL          0 rows exported
. . exporting table                            TIF          0 rows exported
. . exporting table                   TIF_17032009          0 rows exported
. . exporting table                     TIF_DETAIL          0 rows exported
. . exporting table                          TRANS          0 rows exported
. . exporting table  TRANS_280808_SURJ_BF_01072006          0 rows exported
. . exporting table      TRANS_AVG_COSING_13092008          0 rows exported
. . exporting table                     TRANS_AZIZ          0 rows exported
. . exporting table                  TRANS_DELETED          0 rows exported
. . exporting table                       TRANS_MV          0 rows exported
. . exporting table                     TRANS_TEMP          0 rows exported
. . exporting table                 TRANS_TEMP_NEW          0 rows exported
. . exporting table                     TRIAL_TEMP          0 rows exported
. . exporting table                       TRX_TEST          0 rows exported
. . exporting table           UNCLOSED_QTY_HISTORY          0 rows exported
. . exporting table                           UNIT          0 rows exported
. . exporting table                    UNVALUED_SC          0 rows exported
. . exporting table                          USERS          3 rows exported
. . exporting table                    USER_MODULE         18 rows exported
. . exporting table               VALUATION_ERRORS          0 rows exported
. . exporting table                        VOUCHER          0 rows exported
. . exporting table                VOUCHER_DELETED          0 rows exported
. . exporting table             VOUCHER_DETAIL_NEW          0 rows exported
. . exporting table     VOUCHER_DETAIL_NEW_DELETED          0 rows exported
. . exporting table                   VOUCHER_TYPE          0 rows exported
. . exporting table            VOUCHER_TYPE_DETAIL          0 rows exported
. . exporting table                             WO          0 rows exported
. . exporting table                     WORK_ORDER          0 rows exported
. . exporting table              WORK_ORDER_DETAIL          0 rows exported
. . exporting table                      WO_DETAIL          0 rows exported
. . exporting table                         WO_JOB          0 rows exported
. . exporting table                  WO_OUT_DETAIL          0 rows exported
. . exporting table                            XFR          0 rows exported
. . exporting table                           YEAR          3 rows exported
. . exporting table                     YEAR_CLOSE          0 rows exported
. . exporting table                      cash_book
. . exporting table                             cb          0 rows exported
. . exporting table                        test.cb          0 rows exported
. exporting synonyms
. exporting views
. exporting stored procedures
. exporting operators
. exporting referential integrity constraints
. exporting triggers
. exporting indextypes
. exporting bitmap, functional and extensible indexes
. exporting posttables actions
. exporting materialized views
. exporting snapshot logs
. exporting job queues
. exporting refresh groups and children
. exporting dimensions
. exporting post-schema procedural objects and actions
. exporting statistics
Export terminated successfully without warnings.
