
Connected to: Oracle Database 10g Enterprise Edition Release 10.2.0.1.0 - Production
With the Partitioning, OLAP and Data Mining options
Export done in WE8MSWIN1252 character set and AL16UTF16 NCHAR character set

About to export specified users ...
. exporting pre-schema procedural objects and actions
. exporting foreign function library names for user SFGHS 
. exporting PUBLIC type synonyms
. exporting private type synonyms
. exporting object type definitions for user SFGHS 
About to export SFGHS's objects ...
. exporting database links
. exporting sequence numbers
. exporting cluster definitions
. about to export SFGHS's tables via Conventional Path ...
. . exporting table              ADMISSION_CHALLAN          0 rows exported
. . exporting table                           AREA          0 rows exported
. . exporting table                         BRANCH          1 rows exported
. . exporting table                BRANCH_AC_SETUP          0 rows exported
. . exporting table                   BRANCH_CLASS         13 rows exported
. . exporting table               BRANCH_CLASS_SEC         13 rows exported
. . exporting table                           CITY          8 rows exported
. . exporting table                          CLASS         13 rows exported
. . exporting table                  COMPANY_SETUP          1 rows exported
. . exporting table                        COUNTRY          2 rows exported
. . exporting table                       FEE_HEAD          8 rows exported
. . exporting table                     FEE_MONTHS         12 rows exported
. . exporting table                    FEE_SESSION         12 rows exported
. . exporting table                  FEE_STRUCTURE          1 rows exported
. . exporting table        FEE_STRUCTURE_CLASS_DET         72 rows exported
. . exporting table              FEE_STRUCTURE_DET         13 rows exported
. . exporting table                       FIREWALL          0 rows exported
. . exporting table                        F_CYCLE          1 rows exported
. . exporting table                       MESSAGES          0 rows exported
. . exporting table                        MESSGES          0 rows exported
. . exporting table                         MODULE          7 rows exported
. . exporting table                          MONTH          0 rows exported
. . exporting table             MONTHLY_CHALLAN_NO      10893 rows exported
. . exporting table                            MPR          0 rows exported
. . exporting table                       NEXTCHAR          0 rows exported
. . exporting table                     OCCUPATION        246 rows exported
. . exporting table                  QUALIFICATION          0 rows exported
. . exporting table                         REASON          0 rows exported
. . exporting table                        REGIONS          0 rows exported
. . exporting table                       RELATION          4 rows exported
. . exporting table                       RELIGION          6 rows exported
. . exporting table                      REP_PARAM          0 rows exported
. . exporting table                         STATUS          0 rows exported
. . exporting table                        STUDENT        671 rows exported
. . exporting table                    STUDENT_FEE      10893 rows exported
. . exporting table                STUDENT_FEE_DET      72702 rows exported
. . exporting table             STUDENT_FEE_STATUS          0 rows exported
. . exporting table       STUDENT_FINAL_SETTLEMENT          0 rows exported
. . exporting table                STUDENT_HISTORY       3505 rows exported
. . exporting table                    STUDENT_LOG       4310 rows exported
. . exporting table                  STUDENT_PHOTO          0 rows exported
. . exporting table               STUDENT_TRANSFER          0 rows exported
. . exporting table                   STU_HIST_DET      17018 rows exported
. . exporting table                    SUB_SECTION          0 rows exported
. . exporting table                           TEMP          0 rows exported
. . exporting table                          USERS          3 rows exported
. . exporting table                    USER_MODULE         18 rows exported
. . exporting table                           YEAR          5 rows exported
. exporting synonyms
. exporting views
. exporting stored procedures
. exporting operators
. exporting referential integrity constraints
. exporting triggers
. exporting indextypes
. exporting bitmap, functional and extensible indexes
. exporting posttables actions
. exporting materialized views
. exporting snapshot logs
. exporting job queues
. exporting refresh groups and children
. exporting dimensions
. exporting post-schema procedural objects and actions
. exporting statistics
Export terminated successfully without warnings.
