
Starting report trial_parent [Mon Sep 26 17:52:48 2022] ...
End report trial_parent [Mon Sep 26 17:53:23 2022].

Starting report trial_parent_sub [Mon Sep 26 17:53:27 2022] ...
End report trial_parent_sub [Mon Sep 26 17:53:59 2022].

Starting report trial_parent_sub_ctrl [Mon Sep 26 17:54:02 2022] ...
End report trial_parent_sub_ctrl [Mon Sep 26 17:54:15 2022].

Starting report trial_parent_sub_ctrl_main [Mon Sep 26 17:54:18 2022] ...
End report trial_parent_sub_ctrl_main [Tue Sep 27 16:05:29 2022].

Starting report trial_parent_sub_ctrl_main [Sat Oct 08 06:42:31 2022] ...
End report trial_parent_sub_ctrl_main [Sat Oct 08 06:44:42 2022].

Starting report trial_parent_sub_ctrl_main [Sat Oct 08 06:45:16 2022] ...
End report trial_parent_sub_ctrl_main [Sat Oct 08 06:48:42 2022].

Starting report trial_short [Sat Oct 08 06:48:45 2022] ...
REP-1401: 'machine_nameformula': Fatal PL/SQL error occurred.
ORA-04067: not executed, stored procedure "PUBLIC.ADM_MACHINE_NAME" does not exist

End report trial_short [Sat Oct 08 06:48:48 2022].

Starting report trial_parent_sub_ctrl_main [Sat Oct 08 06:48:52 2022] ...
End report trial_parent_sub_ctrl_main [Sat Oct 08 06:54:20 2022].

Starting report trial_parent [Mon Oct 17 12:26:07 2022] ...
End report trial_parent [Mon Oct 17 12:27:07 2022].

Starting report trial_parent_sub_ctrl_main [Mon Oct 17 12:27:10 2022] ...
End report trial_parent_sub_ctrl_main [Tue Oct 18 18:22:24 2022].

Starting report sub_ledger [Thu Oct 20 14:49:21 2022] ...
REP-0501: Unable to connect to the specified database.
ORA-00000: normal, successful completion

REP-0501: Unable to connect to the specified database.
End report sub_ledger [Thu Oct 20 14:49:21 2022].

Starting report sub_ledger [Thu Oct 20 14:49:25 2022] ...
REP-0501: Unable to connect to the specified database.
ORA-24323: value not allowed

REP-0501: Unable to connect to the specified database.
End report sub_ledger [Thu Oct 20 14:49:27 2022].

Starting report pl [Mon Nov 14 10:42:02 2022] ...
End report pl [Mon Nov 14 10:42:28 2022].

Starting report sub_ledger [Mon Nov 14 10:42:55 2022] ...
End report sub_ledger [Mon Nov 14 10:43:27 2022].

Starting report sub_ledger [Mon Nov 14 10:43:28 2022] ...
End report sub_ledger [Mon Nov 14 10:43:31 2022].

Starting report CASH_VOUCHER [Mon Nov 14 10:43:53 2022] ...
End report CASH_VOUCHER [Mon Nov 14 10:43:56 2022].

Starting report pl [Mon Nov 14 10:45:38 2022] ...
End report pl [Mon Nov 14 10:45:52 2022].

Starting report pl [Mon Nov 14 10:48:42 2022] ...
End report pl [Mon Nov 14 10:48:48 2022].

Starting report pl [Mon Nov 14 10:48:51 2022] ...
End report pl [Mon Nov 14 10:48:57 2022].

Starting report pl [Mon Nov 14 10:50:43 2022] ...
End report pl [Mon Nov 14 10:50:45 2022].

Starting report pl [Mon Nov 14 10:50:58 2022] ...
End report pl [Mon Nov 14 10:51:05 2022].

Starting report pl [Mon Nov 14 10:51:08 2022] ...
End report pl [Mon Nov 14 10:51:19 2022].

Starting report igp_receipt [Tue Nov 15 14:14:11 2022] ...
REP-0501: Unable to connect to the specified database.
ORA-00000: normal, successful completion

REP-0501: Unable to connect to the specified database.
End report igp_receipt [Tue Nov 15 14:15:05 2022].

Starting report admission_challan [Mon Nov 28 13:45:34 2022] ...
End report admission_challan [Mon Nov 28 13:46:41 2022].

Starting report admission_challan [Mon Nov 28 14:01:50 2022] ...
End report admission_challan [Wed Nov 30 13:15:03 2022].

Starting report admission_challan [Wed Nov 30 13:15:09 2022] ...
End report admission_challan [Wed Nov 30 13:15:35 2022].

Starting report admission_challan [Wed Nov 30 13:33:45 2022] ...
End report admission_challan [Wed Nov 30 13:34:11 2022].

Starting report admission_challan [Wed Nov 30 13:36:20 2022] ...
End report admission_challan [Wed Nov 30 13:37:14 2022].

Starting report admission_challan [Wed Nov 30 13:46:31 2022] ...
End report admission_challan [Wed Nov 30 13:52:01 2022].

Starting report cpo_det_pcs_barcode10 [Wed Nov 30 14:29:06 2022] ...
End report cpo_det_pcs_barcode10 [Wed Nov 30 14:29:20 2022].

Starting report cpo_det_pcs_barcode10 [Wed Nov 30 20:11:26 2022] ...
End report cpo_det_pcs_barcode10 [Wed Nov 30 20:11:41 2022].

Starting report cpo_det_pcs_barcode10 [Wed Nov 30 20:34:29 2022] ...
End report cpo_det_pcs_barcode10 [Thu Dec 01 17:21:36 2022].

Starting report jcd [Thu Dec 01 17:21:36 2022] ...
REP-0501: Unable to connect to the specified database.
ORA-00000: normal, successful completion

REP-0501: Unable to connect to the specified database.
End report jcd [Thu Dec 01 17:21:36 2022].

Starting report monthly_challan2 [Mon Dec 12 13:15:12 2022] ...
End report monthly_challan2 [Mon Dec 12 13:15:33 2022].

Starting report monthly_challan2 [Mon Dec 12 13:18:32 2022] ...
End report monthly_challan2 [Mon Dec 12 13:18:44 2022].

Starting report admission_challan [Thu Mar 02 12:57:40 2023] ...
End report admission_challan [Thu Mar 02 12:58:20 2023].

Starting report admission_challan [Thu Mar 02 13:36:01 2023] ...
End report admission_challan [Thu Mar 02 13:36:04 2023].

Starting report admission_challan [Thu Mar 02 13:36:07 2023] ...
End report admission_challan [Thu Mar 02 13:36:10 2023].

Starting report annual_challan [Thu Mar 02 20:21:09 2023] ...
End report annual_challan [Thu Mar 02 20:21:24 2023].

Starting report annual_challan [Thu Mar 02 20:21:54 2023] ...
End report annual_challan [Thu Mar 02 20:22:11 2023].

Starting report annual_challan [Thu Mar 02 20:25:30 2023] ...
End report annual_challan [Thu Mar 02 20:26:57 2023].

Starting report monthly_challan2 [Thu Mar 02 20:28:28 2023] ...
End report monthly_challan2 [Thu Mar 02 20:28:50 2023].

Starting report annual_challan [Thu Mar 02 20:30:10 2023] ...
End report annual_challan [Thu Mar 02 20:30:13 2023].

Starting report abc [Thu Mar 09 13:36:26 2023] ...
ORA-00942: table or view does not exist
select distinct fdatetime from  ==> student order by fdatetime
ORA-00942: table or view does not exist
select max(fdatetime) from  ==> student
ORA-00942: table or view does not exist
select student_id, first_name, father_name, class_admitted, development_fund, security_fee, monthly_fee, fdatetime from  ==> student_view
End report abc [Thu Mar 09 13:36:56 2023].

Starting report abc [Thu Mar 09 13:49:41 2023] ...
ORA-00942: table or view does not exist
select distinct fdatetime from  ==> student order by fdatetime
ORA-00942: table or view does not exist
select max(fdatetime) from  ==> student
REP-0099: Report is aborted upon user request.
REP-0098: Report not run - user cancelled in the parameter form.
End report abc [Thu Mar 09 13:49:53 2023].

Starting report abc [Thu Mar 09 14:06:29 2023] ...
REP-0501: Unable to connect to the specified database.
ORA-00000: normal, successful completion

REP-0501: Unable to connect to the specified database.
End report abc [Thu Mar 09 14:06:29 2023].

Starting report abc [Thu Mar 09 14:06:34 2023] ...
REP-0501: Unable to connect to the specified database.
ORA-24323: value not allowed

REP-0501: Unable to connect to the specified database.
End report abc [Thu Mar 09 14:06:36 2023].

Starting report annual_challan [Wed Mar 29 13:47:54 2023] ...
End report annual_challan [Wed Mar 29 13:48:25 2023].

Starting report annual_challan [Wed Mar 29 13:57:28 2023] ...
End report annual_challan [Wed Mar 29 13:57:43 2023].

Starting report annual_challan [Wed Mar 29 13:59:13 2023] ...
End report annual_challan [Wed Mar 29 13:59:44 2023].

Starting report annual_challan [Wed Mar 29 14:17:38 2023] ...
End report annual_challan [Wed Mar 29 14:17:51 2023].

Starting report annual_challan [Wed Mar 29 14:18:25 2023] ...
REP-1814: Report cannot be formatted. Object 'vertically' can never fit within 'R_G_CHALLAN_ID'.
End report annual_challan [Wed Mar 29 14:18:35 2023].

Starting report annual_challan [Wed Mar 29 14:20:22 2023] ...
End report annual_challan [Wed Mar 29 21:50:45 2023].

Starting report ir [Fri Mar 31 11:30:50 2023] ...
REP-0501: Unable to connect to the specified database.
ORA-00000: normal, successful completion

REP-0501: Unable to connect to the specified database.
End report ir [Fri Mar 31 11:30:53 2023].

Starting report rec2 [Mon Apr 03 11:06:02 2023] ...
End report rec2 [Mon Apr 03 11:07:09 2023].

Starting report pl [Sat May 06 10:28:30 2023] ...
End report pl [Sat May 06 10:28:49 2023].

Starting report sub_ledger [Sat May 06 10:58:15 2023] ...
End report sub_ledger [Sat May 06 10:58:33 2023].

Starting report pl [Sat May 06 11:14:18 2023] ...
End report pl [Sat May 06 11:14:41 2023].

Starting report pl [Sat May 06 11:17:36 2023] ...
End report pl [Sat May 06 11:20:49 2023].

Starting report pl [Sat May 06 11:20:49 2023] ...
End report pl [Sat May 06 11:20:55 2023].

Starting report admission_challan [Sat May 06 11:46:54 2023] ...
End report admission_challan [Sat May 06 11:47:03 2023].

Starting report monthly_challan2 [Sat Jun 10 10:02:33 2023] ...
End report monthly_challan2 [Sat Jun 10 10:04:48 2023].

Starting report monthly_challan2 [Sat Jun 10 10:16:47 2023] ...
End report monthly_challan2 [Sat Jun 10 10:16:53 2023].

Starting report monthly_challan2 [Sat Jun 10 19:28:55 2023] ...
REP-0501: Unable to connect to the specified database.
ORA-00000: normal, successful completion

REP-0501: Unable to connect to the specified database.
End report monthly_challan2 [Sat Jun 10 19:28:55 2023].

Starting report admission_challan [Mon Jun 12 11:34:32 2023] ...
REP-0501: Unable to connect to the specified database.
ORA-24323: value not allowed

REP-0501: Unable to connect to the specified database.
End report admission_challan [Mon Jun 12 11:34:36 2023].
