
Starting report store_ledger_new [Thu Jun 30 22:05:42 2022] ...
End report store_ledger_new [Thu Jun 30 22:07:14 2022].

Starting report store_ledger_new [Thu Jun 30 22:07:27 2022] ...
End report store_ledger_new [Thu Jun 30 22:08:26 2022].

Starting report store_ledger_new [Thu Jun 30 22:23:32 2022] ...
End report store_ledger_new [Thu Jun 30 22:23:42 2022].

Starting report daily_sale_3 [Thu Jun 30 21:17:55 2022] ...
End report daily_sale_3 [Mon Jul 04 01:51:57 2022].

Starting report sub_ledger [Thu Jun 30 21:16:39 2022] ...
End report sub_ledger [Thu Jun 30 21:17:30 2022].

Starting report daily_sale_3 [Thu Jun 30 21:17:48 2022] ...
REP-1849: Failed while printing.
End report daily_sale_3 [Thu Jun 30 21:18:24 2022].

Starting report daily_sale_3 [Thu Jun 30 21:18:31 2022] ...
End report daily_sale_3 [Thu Jun 30 21:18:54 2022].

Starting report daily_sale_3 [Thu Jun 30 21:19:00 2022] ...
End report daily_sale_3 [Thu Jun 30 21:19:02 2022].

Starting report sub_ledger3 [Thu Jun 30 22:19:24 2022] ...
End report sub_ledger3 [Thu Jun 30 22:19:28 2022].

Starting report purchase_bill [Thu Jun 30 23:12:33 2022] ...
End report purchase_bill [Thu Jun 30 23:12:37 2022].

Starting report sub_ledger [Sun Jul 03 23:43:09 2022] ...
End report sub_ledger [Sun Jul 03 23:43:16 2022].

Starting report sub_ledger [Sun Jul 03 23:43:25 2022] ...
End report sub_ledger [Sun Jul 03 23:43:29 2022].

Starting report sub_ledger3 [Sun Jul 03 23:43:32 2022] ...
End report sub_ledger3 [Sun Jul 03 23:43:37 2022].

Starting report sub_ledger4 [Sun Jul 03 23:43:39 2022] ...
End report sub_ledger4 [Sun Jul 03 23:43:46 2022].
