
Starting report daily_sale [Tue Feb 28 13:17:17 2023] ...
End report daily_sale [Tue Feb 28 13:27:30 2023].

Starting report daily_sale [Tue Mar 14 18:15:46 2023] ...
End report daily_sale [Tue Mar 14 18:17:07 2023].

Starting report VOUCHER_HFP_14 [Tue May 23 13:32:27 2023] ...
End report VOUCHER_HFP_14 [Tue May 23 13:33:39 2023].

Starting report VOUCHER_HFP_14 [Tue May 23 13:33:44 2023] ...
End report VOUCHER_HFP_14 [Tue May 23 13:33:49 2023].

Starting report sub_ledger [Tue May 23 13:34:05 2023] ...
End report sub_ledger [Tue May 23 13:35:30 2023].

Starting report sub_ledger [Tue May 23 13:35:40 2023] ...
End report sub_ledger [Tue May 23 13:37:17 2023].

Starting report VOUCHER_HFP_14 [Tue May 23 13:37:51 2023] ...
End report VOUCHER_HFP_14 [Tue May 23 13:38:33 2023].

Starting report sub_ledger [Tue May 23 14:54:58 2023] ...
End report sub_ledger [Tue May 23 14:56:14 2023].

Starting report sub_ledger [Tue May 23 14:59:45 2023] ...
End report sub_ledger [Tue May 23 15:00:05 2023].

Starting report item_sale_report [Tue May 23 15:42:09 2023] ...
End report item_sale_report [Tue May 23 15:42:13 2023].

Starting report CUSTOMER_COMPANY_SALE [Tue May 23 15:45:05 2023] ...
End report CUSTOMER_COMPANY_SALE [Tue May 23 15:45:48 2023].

Starting report CUSTOMER_COMPANY_SALE [Tue May 23 15:45:53 2023] ...
REP-0099: Report is aborted upon user request.
End report CUSTOMER_COMPANY_SALE [Tue May 23 15:45:58 2023].

Starting report CUSTOMER_COMPANY_SALE [Tue May 23 15:51:57 2023] ...
REP-0099: Report is aborted upon user request.
End report CUSTOMER_COMPANY_SALE [Tue May 23 15:52:04 2023].

Starting report CUSTOMER_COMPANY_SALE [Tue May 23 15:56:18 2023] ...
End report CUSTOMER_COMPANY_SALE [Tue May 23 15:57:17 2023].

Starting report CUSTOMER_COMPANY_SALE [Tue May 23 16:11:07 2023] ...
End report CUSTOMER_COMPANY_SALE [Tue May 23 16:11:17 2023].

Starting report CUSTOMER_COMPANY_SALE [Tue May 23 16:11:56 2023] ...
End report CUSTOMER_COMPANY_SALE [Tue May 23 16:12:51 2023].

Starting report CUSTOMER_COMPANY_SALE [Tue May 23 16:13:01 2023] ...
End report CUSTOMER_COMPANY_SALE [Tue May 23 16:13:16 2023].

Starting report CUSTOMER_COMPANY_SALE [Tue May 23 16:14:35 2023] ...
End report CUSTOMER_COMPANY_SALE [Tue May 23 16:15:03 2023].

Starting report CUSTOMER_COMPANY_SALE [Tue May 23 16:19:12 2023] ...
End report CUSTOMER_COMPANY_SALE [Tue May 23 16:19:31 2023].

Starting report CUSTOMER_COMPANY_SALE [Tue May 23 16:19:44 2023] ...
End report CUSTOMER_COMPANY_SALE [Tue May 23 16:20:01 2023].

Starting report CUSTOMER_COMPANY_SALE [Tue May 23 16:20:11 2023] ...
End report CUSTOMER_COMPANY_SALE [Tue May 23 16:20:24 2023].

Starting report CUSTOMER_COMPANY_SALE [Tue May 23 16:20:33 2023] ...
End report CUSTOMER_COMPANY_SALE [Tue May 23 16:20:47 2023].

Starting report CUSTOMER_COMPANY_SALE [Tue May 23 16:21:26 2023] ...
End report CUSTOMER_COMPANY_SALE [Tue May 23 16:21:53 2023].

Starting report CUSTOMER_COMPANY_SALE [Tue May 23 16:24:25 2023] ...
End report CUSTOMER_COMPANY_SALE [Tue May 23 16:24:52 2023].

Starting report CUSTOMER_COMPANY_SALE [Tue May 23 16:25:01 2023] ...
End report CUSTOMER_COMPANY_SALE [Tue May 23 16:25:15 2023].

Starting report CUSTOMER_COMPANY_SALE [Tue May 23 16:25:22 2023] ...
End report CUSTOMER_COMPANY_SALE [Tue May 23 16:26:07 2023].

Starting report CUSTOMER_COMPANY_SALE [Tue May 23 16:26:21 2023] ...
End report CUSTOMER_COMPANY_SALE [Tue May 23 16:26:38 2023].

Starting report CUSTOMER_COMPANY_SALE [Tue May 23 16:30:21 2023] ...
End report CUSTOMER_COMPANY_SALE [Tue May 23 16:30:24 2023].

Starting report CUSTOMER_COMPANY_SALE [Tue May 23 16:30:31 2023] ...
End report CUSTOMER_COMPANY_SALE [Tue May 23 16:31:01 2023].

Starting report CUSTOMER_COMPANY_SALE [Tue May 23 16:31:15 2023] ...
End report CUSTOMER_COMPANY_SALE [Tue May 23 16:31:29 2023].

Starting report CUSTOMER_COMPANY_SALE [Tue May 23 16:31:40 2023] ...
End report CUSTOMER_COMPANY_SALE [Tue May 23 16:32:03 2023].

Starting report CUSTOMER_COMPANY_SALE [Tue May 23 16:34:27 2023] ...
End report CUSTOMER_COMPANY_SALE [Tue May 23 16:34:36 2023].

Starting report CUSTOMER_COMPANY_SALE [Tue May 23 16:34:59 2023] ...
End report CUSTOMER_COMPANY_SALE [Tue May 23 16:35:03 2023].

Starting report CUSTOMER_COMPANY_SALE [Tue May 23 16:35:23 2023] ...
End report CUSTOMER_COMPANY_SALE [Tue May 23 16:35:27 2023].

Starting report CUSTOMER_COMPANY_SALE [Tue May 23 16:35:46 2023] ...
End report CUSTOMER_COMPANY_SALE [Tue May 23 16:35:56 2023].

Starting report CUSTOMER_COMPANY_SALE [Tue May 23 16:36:04 2023] ...
End report CUSTOMER_COMPANY_SALE [Tue May 23 16:36:13 2023].

Starting report CUSTOMER_COMPANY_SALE [Tue May 23 16:36:22 2023] ...
End report CUSTOMER_COMPANY_SALE [Tue May 23 16:38:57 2023].

Starting report CUSTOMER_COMPANY_SALE [Tue May 23 16:39:21 2023] ...
End report CUSTOMER_COMPANY_SALE [Tue May 23 16:39:45 2023].

Starting report CUSTOMER_COMPANY_SALE [Tue May 23 16:40:10 2023] ...
End report CUSTOMER_COMPANY_SALE [Tue May 23 16:40:13 2023].

Starting report CUSTOMER_COMPANY_SALE [Tue May 23 16:40:26 2023] ...
End report CUSTOMER_COMPANY_SALE [Tue May 23 16:40:49 2023].

Starting report CUSTOMER_COMPANY_SALE [Tue May 23 16:41:43 2023] ...
End report CUSTOMER_COMPANY_SALE [Tue May 23 16:41:57 2023].

Starting report CUSTOMER_COMPANY_SALE [Tue May 23 16:42:14 2023] ...
End report CUSTOMER_COMPANY_SALE [Tue May 23 16:42:42 2023].

Starting report CUSTOMER_COMPANY_SALE [Tue May 23 16:42:51 2023] ...
End report CUSTOMER_COMPANY_SALE [Tue May 23 16:42:56 2023].

Starting report emp_tax_report [Mon May 29 12:33:59 2023] ...
REP-0501: Unable to connect to the specified database.
ORA-00000: normal, successful completion

REP-0501: Unable to connect to the specified database.
End report emp_tax_report [Mon May 29 12:34:02 2023].
